#
# There is insufficient memory for the Java Runtime Environment to continue.
# Native memory allocation (malloc) failed to allocate 1195856 bytes. Error detail: Chunk::new
# Possible reasons:
#   The system is out of physical RAM or swap space
#   This process is running with CompressedOops enabled, and the Java Heap may be blocking the growth of the native heap
# Possible solutions:
#   Reduce memory load on the system
#   Increase physical memory or swap space
#   Check if swap backing store is full
#   Decrease Java heap size (-Xmx/-Xms)
#   Decrease number of Java threads
#   Decrease Java thread stack sizes (-Xss)
#   Set larger code cache with -XX:ReservedCodeCacheSize=
#   JVM is running with Unscaled Compressed Oops mode in which the Java heap is
#     placed in the first 4GB address space. The Java Heap base address is the
#     maximum limit for the native heap growth. Please use -XX:HeapBaseMinAddress
#     to set the Java Heap base and to place the Java Heap above 4GB virtual address.
# This output file may be truncated or incomplete.
#
#  Out of Memory Error (arena.cpp:168), pid=9540, tid=14296
#
# JRE version: OpenJDK Runtime Environment Temurin-21.0.6+7 (21.0.6+7) (build 21.0.6+7-LTS)
# Java VM: OpenJDK 64-Bit Server VM Temurin-21.0.6+7 (21.0.6+7-LTS, mixed mode, sharing, tiered, compressed oops, compressed class ptrs, parallel gc, windows-amd64)
# No core dump will be written. Minidumps are not enabled by default on client versions of Windows
#

---------------  S U M M A R Y ------------

Command Line: --add-modules=ALL-SYSTEM --add-opens=java.base/java.util=ALL-UNNAMED --add-opens=java.base/java.lang=ALL-UNNAMED --add-opens=java.base/sun.nio.fs=ALL-UNNAMED -Declipse.application=org.eclipse.jdt.ls.core.id1 -Dosgi.bundles.defaultStartLevel=4 -Declipse.product=org.eclipse.jdt.ls.core.product -Djava.import.generatesMetadataFilesAtProjectRoot=false -DDetectVMInstallationsJob.disabled=true -Dfile.encoding=utf8 -XX:+UseParallelGC -XX:GCTimeRatio=4 -XX:AdaptiveSizePolicyWeight=90 -Dsun.zip.disableMemoryMapping=true -Xmx1G -Xms100m -Xlog:disable -javaagent:c:\Users\HP\.vscode\extensions\redhat.java-1.41.1-win32-x64\lombok\lombok-1.18.36.jar -XX:+HeapDumpOnOutOfMemoryError -XX:HeapDumpPath=c:\Users\HP\AppData\Roaming\Code\User\workspaceStorage\1476b97a88a3090cec9b279cd88308c8\redhat.java -Daether.dependencyCollector.impl=bf c:\Users\HP\.vscode\extensions\redhat.java-1.41.1-win32-x64\server\plugins\org.eclipse.equinox.launcher_1.7.0.v20250331-1702.jar -configuration c:\Users\HP\AppData\Roaming\Code\User\globalStorage\redhat.java\1.41.1\config_win -data c:\Users\HP\AppData\Roaming\Code\User\workspaceStorage\1476b97a88a3090cec9b279cd88308c8\redhat.java\jdt_ws --pipe=\\.\pipe\lsp-b1f079ca308869f4e864a042c536e4d4-sock

Host: Intel(R) Core(TM) i5-1035G1 CPU @ 1.00GHz, 8 cores, 3G,  Windows 11 , 64 bit Build 26100 (10.0.26100.3775)
Time: Sun May 11 00:26:47 2025 SE Asia Standard Time elapsed time: 14.693854 seconds (0d 0h 0m 14s)

---------------  T H R E A D  ---------------

Current thread (0x000001b9631d36e0):  JavaThread "C2 CompilerThread0" daemon [_thread_in_native, id=14296, stack(0x000000a676e00000,0x000000a676f00000) (1024K)]


Current CompileTask:
C2:14693 4901   !   4       org.eclipse.osgi.internal.loader.classpath.ClasspathManager::findLocalClass (210 bytes)

Stack: [0x000000a676e00000,0x000000a676f00000]
Native frames: (J=compiled Java code, j=interpreted, Vv=VM code, C=native code)
V  [jvm.dll+0x6cdee9]
V  [jvm.dll+0x8a83d1]
V  [jvm.dll+0x8aa8fe]
V  [jvm.dll+0x8aafe3]
V  [jvm.dll+0x27f706]
V  [jvm.dll+0xc500d]
V  [jvm.dll+0xc5543]
V  [jvm.dll+0x3b6752]
V  [jvm.dll+0x382935]
V  [jvm.dll+0x381d9a]
V  [jvm.dll+0x2479f0]
V  [jvm.dll+0x246fcf]
V  [jvm.dll+0x1c75ee]
V  [jvm.dll+0x25685a]
V  [jvm.dll+0x254dfa]
V  [jvm.dll+0x3f0256]
V  [jvm.dll+0x851f8b]
V  [jvm.dll+0x6cc5ed]
C  [ucrtbase.dll+0x37b0]
C  [KERNEL32.DLL+0x2e8d7]
C  [ntdll.dll+0xb14fc]


---------------  P R O C E S S  ---------------

Threads class SMR info:
_java_thread_list=0x000001b964d4a190, length=39, elements={
0x000001b90dd5da40, 0x000001b9631c50c0, 0x000001b9631c7f40, 0x000001b9631caf30,
0x000001b9631cbb80, 0x000001b9631cf3e0, 0x000001b9631cff60, 0x000001b9631d36e0,
0x000001b9631d4b60, 0x000001b964c5c7f0, 0x000001b964ed2f90, 0x000001b96955a300,
0x000001b9693c7e50, 0x000001b9699e0000, 0x000001b9699e0660, 0x000001b969e60430,
0x000001b969efe480, 0x000001b969c596c0, 0x000001b969c5be20, 0x000001b969c5aa70,
0x000001b969c5c4b0, 0x000001b969c59030, 0x000001b96b4fa440, 0x000001b969c59d50,
0x000001b969c5b100, 0x000001b96c4d23a0, 0x000001b96c4d0960, 0x000001b96c4d1d10,
0x000001b96c4cfc40, 0x000001b96c4cef20, 0x000001b96c4d02d0, 0x000001b96c4d0ff0,
0x000001b96c4cf5b0, 0x000001b96c4d1680, 0x000001b96df87d90, 0x000001b96df89e60,
0x000001b96df88420, 0x000001b96df869e0, 0x000001b96df87700
}

Java Threads: ( => current thread )
  0x000001b90dd5da40 JavaThread "main"                              [_thread_blocked, id=6920, stack(0x000000a676400000,0x000000a676500000) (1024K)]
  0x000001b9631c50c0 JavaThread "Reference Handler"          daemon [_thread_blocked, id=14268, stack(0x000000a676800000,0x000000a676900000) (1024K)]
  0x000001b9631c7f40 JavaThread "Finalizer"                  daemon [_thread_blocked, id=8792, stack(0x000000a676900000,0x000000a676a00000) (1024K)]
  0x000001b9631caf30 JavaThread "Signal Dispatcher"          daemon [_thread_blocked, id=11188, stack(0x000000a676a00000,0x000000a676b00000) (1024K)]
  0x000001b9631cbb80 JavaThread "Attach Listener"            daemon [_thread_blocked, id=14192, stack(0x000000a676b00000,0x000000a676c00000) (1024K)]
  0x000001b9631cf3e0 JavaThread "Service Thread"             daemon [_thread_blocked, id=12080, stack(0x000000a676c00000,0x000000a676d00000) (1024K)]
  0x000001b9631cff60 JavaThread "Monitor Deflation Thread"   daemon [_thread_blocked, id=1728, stack(0x000000a676d00000,0x000000a676e00000) (1024K)]
=>0x000001b9631d36e0 JavaThread "C2 CompilerThread0"         daemon [_thread_in_native, id=14296, stack(0x000000a676e00000,0x000000a676f00000) (1024K)]
  0x000001b9631d4b60 JavaThread "C1 CompilerThread0"         daemon [_thread_blocked, id=10920, stack(0x000000a676f00000,0x000000a677000000) (1024K)]
  0x000001b964c5c7f0 JavaThread "Common-Cleaner"             daemon [_thread_blocked, id=15956, stack(0x000000a677000000,0x000000a677100000) (1024K)]
  0x000001b964ed2f90 JavaThread "Notification Thread"        daemon [_thread_blocked, id=9320, stack(0x000000a677100000,0x000000a677200000) (1024K)]
  0x000001b96955a300 JavaThread "Active Thread: Equinox Container: 9f6af8a7-a887-4879-b83b-ec9a76c73ba8"        [_thread_blocked, id=13148, stack(0x000000a677800000,0x000000a677900000) (1024K)]
  0x000001b9693c7e50 JavaThread "Refresh Thread: Equinox Container: 9f6af8a7-a887-4879-b83b-ec9a76c73ba8" daemon [_thread_blocked, id=14476, stack(0x000000a677900000,0x000000a677a00000) (1024K)]
  0x000001b9699e0000 JavaThread "Framework Event Dispatcher: Equinox Container: 9f6af8a7-a887-4879-b83b-ec9a76c73ba8" daemon [_thread_blocked, id=15772, stack(0x000000a677b00000,0x000000a677c00000) (1024K)]
  0x000001b9699e0660 JavaThread "Start Level: Equinox Container: 9f6af8a7-a887-4879-b83b-ec9a76c73ba8" daemon [_thread_blocked, id=13324, stack(0x000000a677c00000,0x000000a677d00000) (1024K)]
  0x000001b969e60430 JavaThread "Bundle File Closer"         daemon [_thread_blocked, id=7920, stack(0x000000a677d00000,0x000000a677e00000) (1024K)]
  0x000001b969efe480 JavaThread "SCR Component Actor"        daemon [_thread_blocked, id=3960, stack(0x000000a677e00000,0x000000a677f00000) (1024K)]
  0x000001b969c596c0 JavaThread "Worker-JM"                         [_thread_blocked, id=4728, stack(0x000000a678000000,0x000000a678100000) (1024K)]
  0x000001b969c5be20 JavaThread "JNA Cleaner"                daemon [_thread_blocked, id=13948, stack(0x000000a678100000,0x000000a678200000) (1024K)]
  0x000001b969c5aa70 JavaThread "Worker-0: Updating Maven Dependencies"        [_thread_blocked, id=1580, stack(0x000000a678200000,0x000000a678300000) (1024K)]
  0x000001b969c5c4b0 JavaThread "Worker-1: Repository registry initialization"        [_thread_in_Java, id=11400, stack(0x000000a678300000,0x000000a678400000) (1024K)]
  0x000001b969c59030 JavaThread "Worker-2: Initialize After Load"        [_thread_blocked, id=9772, stack(0x000000a678400000,0x000000a678500000) (1024K)]
  0x000001b96b4fa440 JavaThread "C2 CompilerThread1"         daemon [_thread_in_native, id=13284, stack(0x000000a678500000,0x000000a678600000) (1024K)]
  0x000001b969c59d50 JavaThread "Worker-3"                          [_thread_blocked, id=10620, stack(0x000000a678600000,0x000000a678700000) (1024K)]
  0x000001b969c5b100 JavaThread "Java indexing"              daemon [_thread_blocked, id=12480, stack(0x000000a678700000,0x000000a678800000) (1024K)]
  0x000001b96c4d23a0 JavaThread "Worker-4"                          [_thread_blocked, id=6264, stack(0x000000a678a00000,0x000000a678b00000) (1024K)]
  0x000001b96c4d0960 JavaThread "Worker-5"                          [_thread_blocked, id=14480, stack(0x000000a678b00000,0x000000a678c00000) (1024K)]
  0x000001b96c4d1d10 JavaThread "Thread-2"                   daemon [_thread_in_native, id=14432, stack(0x000000a678c00000,0x000000a678d00000) (1024K)]
  0x000001b96c4cfc40 JavaThread "Thread-3"                   daemon [_thread_in_native, id=7008, stack(0x000000a678d00000,0x000000a678e00000) (1024K)]
  0x000001b96c4cef20 JavaThread "Thread-4"                   daemon [_thread_in_native, id=12120, stack(0x000000a678e00000,0x000000a678f00000) (1024K)]
  0x000001b96c4d02d0 JavaThread "Thread-5"                   daemon [_thread_in_native, id=3344, stack(0x000000a678f00000,0x000000a679000000) (1024K)]
  0x000001b96c4d0ff0 JavaThread "Thread-6"                   daemon [_thread_in_native, id=4960, stack(0x000000a679000000,0x000000a679100000) (1024K)]
  0x000001b96c4cf5b0 JavaThread "Thread-7"                   daemon [_thread_in_native, id=14376, stack(0x000000a679100000,0x000000a679200000) (1024K)]
  0x000001b96c4d1680 JavaThread "Thread-8"                   daemon [_thread_in_native, id=13072, stack(0x000000a679200000,0x000000a679300000) (1024K)]
  0x000001b96df87d90 JavaThread "Thread-9"                   daemon [_thread_in_native, id=15036, stack(0x000000a679300000,0x000000a679400000) (1024K)]
  0x000001b96df89e60 JavaThread "Thread-10"                  daemon [_thread_in_native, id=10960, stack(0x000000a679400000,0x000000a679500000) (1024K)]
  0x000001b96df88420 JavaThread "pool-2-thread-1"                   [_thread_blocked, id=12636, stack(0x000000a679500000,0x000000a679600000) (1024K)]
  0x000001b96df869e0 JavaThread "WorkspaceEventsHandler"            [_thread_blocked, id=11316, stack(0x000000a679600000,0x000000a679700000) (1024K)]
  0x000001b96df87700 JavaThread "pool-1-thread-1"                   [_thread_blocked, id=12612, stack(0x000000a679700000,0x000000a679800000) (1024K)]
Total: 39

Other Threads:
  0x000001b90de1ebe0 VMThread "VM Thread"                           [id=10784, stack(0x000000a676700000,0x000000a676800000) (1024K)]
  0x000001b90ddc9ee0 WatcherThread "VM Periodic Task Thread"        [id=6468, stack(0x000000a676600000,0x000000a676700000) (1024K)]
  0x000001b90dd7cbb0 WorkerThread "GC Thread#0"                     [id=2808, stack(0x000000a676500000,0x000000a676600000) (1024K)]
  0x000001b9690100a0 WorkerThread "GC Thread#1"                     [id=16216, stack(0x000000a677200000,0x000000a677300000) (1024K)]
  0x000001b969010440 WorkerThread "GC Thread#2"                     [id=2688, stack(0x000000a677300000,0x000000a677400000) (1024K)]
  0x000001b969160f10 WorkerThread "GC Thread#3"                     [id=6548, stack(0x000000a677400000,0x000000a677500000) (1024K)]
  0x000001b9691612b0 WorkerThread "GC Thread#4"                     [id=16264, stack(0x000000a677500000,0x000000a677600000) (1024K)]
  0x000001b969161650 WorkerThread "GC Thread#5"                     [id=1888, stack(0x000000a677600000,0x000000a677700000) (1024K)]
  0x000001b969639d40 WorkerThread "GC Thread#6"                     [id=5996, stack(0x000000a677700000,0x000000a677800000) (1024K)]
  0x000001b969638ec0 WorkerThread "GC Thread#7"                     [id=14488, stack(0x000000a677a00000,0x000000a677b00000) (1024K)]
Total: 10

Threads with active compile tasks:
C2 CompilerThread0  14740 4901   !   4       org.eclipse.osgi.internal.loader.classpath.ClasspathManager::findLocalClass (210 bytes)
C2 CompilerThread1  14740 5013       4       java.lang.invoke.MethodType::makeImpl (109 bytes)
Total: 2

VM state: not at safepoint (normal execution)

VM Mutex/Monitor currently owned by a thread: None

Heap address: 0x00000000c0000000, size: 1024 MB, Compressed Oops mode: 32-bit

CDS archive(s) mapped at: [0x000001b922000000-0x000001b922ba0000-0x000001b922ba0000), size 12189696, SharedBaseAddress: 0x000001b922000000, ArchiveRelocationMode: 1.
Compressed class space mapped at: 0x000001b923000000-0x000001b963000000, reserved size: 1073741824
Narrow klass base: 0x000001b922000000, Narrow klass shift: 0, Narrow klass range: 0x100000000

GC Precious Log:
 CardTable entry size: 512
 CPUs: 8 total, 8 available
 Memory: 3784M
 Large Page Support: Disabled
 NUMA Support: Disabled
 Compressed Oops: Enabled (32-bit)
 Alignments: Space 512K, Generation 512K, Heap 2M
 Heap Min Capacity: 100M
 Heap Initial Capacity: 100M
 Heap Max Capacity: 1G
 Pre-touch: Disabled
 Parallel Workers: 8

Heap:
 PSYoungGen      total 23552K, used 5551K [0x00000000eab00000, 0x00000000ec600000, 0x0000000100000000)
  eden space 22016K, 19% used [0x00000000eab00000,0x00000000eaf1bf10,0x00000000ec080000)
  from space 1536K, 87% used [0x00000000ec300000,0x00000000ec450000,0x00000000ec480000)
  to   space 1536K, 0% used [0x00000000ec480000,0x00000000ec480000,0x00000000ec600000)
 ParOldGen       total 68608K, used 19104K [0x00000000c0000000, 0x00000000c4300000, 0x00000000eab00000)
  object space 68608K, 27% used [0x00000000c0000000,0x00000000c12a8140,0x00000000c4300000)
 Metaspace       used 39917K, committed 41024K, reserved 1114112K
  class space    used 4163K, committed 4672K, reserved 1048576K

Card table byte_map: [0x000001b90d700000,0x000001b90d910000] _byte_map_base: 0x000001b90d100000

Marking Bits: (ParMarkBitMap*) 0x00007ff9e43f3260
 Begin Bits: [0x000001b91ff50000, 0x000001b920f50000)
 End Bits:   [0x000001b920f50000, 0x000001b921f50000)

Polling page: 0x000001b90d3d0000

Metaspace:

Usage:
  Non-class:     34.92 MB used.
      Class:      4.07 MB used.
       Both:     38.98 MB used.

Virtual space:
  Non-class space:       64.00 MB reserved,      35.50 MB ( 55%) committed,  1 nodes.
      Class space:        1.00 GB reserved,       4.56 MB ( <1%) committed,  1 nodes.
             Both:        1.06 GB reserved,      40.06 MB (  4%) committed. 

Chunk freelists:
   Non-Class:  12.46 MB
       Class:  11.42 MB
        Both:  23.88 MB

MaxMetaspaceSize: unlimited
CompressedClassSpaceSize: 1.00 GB
Initial GC threshold: 21.00 MB
Current GC threshold: 58.38 MB
CDS: on
 - commit_granule_bytes: 65536.
 - commit_granule_words: 8192.
 - virtual_space_node_default_size: 8388608.
 - enlarge_chunks_in_place: 1.
 - use_allocation_guard: 0.


Internal statistics:

num_allocs_failed_limit: 6.
num_arena_births: 738.
num_arena_deaths: 14.
num_vsnodes_births: 2.
num_vsnodes_deaths: 0.
num_space_committed: 641.
num_space_uncommitted: 0.
num_chunks_returned_to_freelist: 20.
num_chunks_taken_from_freelist: 2490.
num_chunk_merges: 12.
num_chunk_splits: 1558.
num_chunks_enlarged: 894.
num_inconsistent_stats: 0.

CodeHeap 'non-profiled nmethods': size=120000Kb used=1979Kb max_used=1979Kb free=118020Kb
 bounds [0x000001b918a20000, 0x000001b918c90000, 0x000001b91ff50000]
CodeHeap 'profiled nmethods': size=120000Kb used=9030Kb max_used=9631Kb free=110969Kb
 bounds [0x000001b910f50000, 0x000001b9118c0000, 0x000001b918480000]
CodeHeap 'non-nmethods': size=5760Kb used=1369Kb max_used=1421Kb free=4390Kb
 bounds [0x000001b918480000, 0x000001b9186f0000, 0x000001b918a20000]
 total_blobs=5184 nmethods=4527 adapters=563
 compilation: enabled
              stopped_count=0, restarted_count=0
 full_count=0

Compilation events (20 events):
Event: 13.671 Thread 0x000001b9631d4b60 5059       3       com.google.common.base.Preconditions::checkArgument (13 bytes)
Event: 13.671 Thread 0x000001b9631d4b60 nmethod 5059 0x000001b911162410 code [0x000001b9111625c0, 0x000001b9111627a0]
Event: 13.673 Thread 0x000001b9631d4b60 5060       3       java.util.Collections$UnmodifiableCollection::contains (11 bytes)
Event: 13.674 Thread 0x000001b9631d4b60 nmethod 5060 0x000001b911204590 code [0x000001b911204740, 0x000001b911204918]
Event: 13.674 Thread 0x000001b9631d4b60 5062       3       com.google.common.cache.LocalCache::hash (14 bytes)
Event: 13.674 Thread 0x000001b9631d4b60 nmethod 5062 0x000001b911204010 code [0x000001b9112041e0, 0x000001b911204488]
Event: 13.674 Thread 0x000001b9631d4b60 5063       3       com.google.common.base.Equivalence::hash (12 bytes)
Event: 13.674 Thread 0x000001b9631d4b60 nmethod 5063 0x000001b911203b90 code [0x000001b911203d40, 0x000001b911203f68]
Event: 13.674 Thread 0x000001b9631d4b60 5064       3       com.google.common.cache.LocalCache::rehash (49 bytes)
Event: 13.674 Thread 0x000001b9631d4b60 nmethod 5064 0x000001b911203810 code [0x000001b9112039a0, 0x000001b911203ad0]
Event: 13.674 Thread 0x000001b9631d4b60 5065       3       com.google.common.cache.LocalCache::segmentFor (17 bytes)
Event: 13.674 Thread 0x000001b9631d4b60 nmethod 5065 0x000001b911203410 code [0x000001b9112035c0, 0x000001b911203700]
Event: 13.674 Thread 0x000001b9631d4b60 5061       3       java.lang.reflect.AccessibleObject::isAnnotationPresent (6 bytes)
Event: 13.674 Thread 0x000001b9631d4b60 nmethod 5061 0x000001b911202f10 code [0x000001b9112030c0, 0x000001b911203340]
Event: 13.674 Thread 0x000001b9631d4b60 5066       3       com.google.common.cache.LocalCache::get (21 bytes)
Event: 13.675 Thread 0x000001b9631d4b60 nmethod 5066 0x000001b911283210 code [0x000001b911283420, 0x000001b911283970]
Event: 13.675 Thread 0x000001b9631d4b60 5067       3       org.eclipse.sisu.space.asm.SymbolTable::get (13 bytes)
Event: 13.676 Thread 0x000001b9631d4b60 nmethod 5067 0x000001b911202b10 code [0x000001b911202cc0, 0x000001b911202e18]
Event: 14.181 Thread 0x000001b9631d4b60 5068   !   3       java.util.regex.Pattern::closure (276 bytes)
Event: 14.690 Thread 0x000001b9631d4b60 nmethod 5068 0x000001b910f8ab90 code [0x000001b910f8af80, 0x000001b910f8c690]

GC Heap History (20 events):
Event: 9.109 GC heap before
{Heap before GC invocations=8 (full 1):
 PSYoungGen      total 29184K, used 4445K [0x00000000eab00000, 0x00000000ecc00000, 0x0000000100000000)
  eden space 24576K, 0% used [0x00000000eab00000,0x00000000eab00000,0x00000000ec300000)
  from space 4608K, 96% used [0x00000000ec400000,0x00000000ec857470,0x00000000ec880000)
  to   space 3584K, 0% used [0x00000000ec880000,0x00000000ec880000,0x00000000ecc00000)
 ParOldGen       total 68608K, used 9455K [0x00000000c0000000, 0x00000000c4300000, 0x00000000eab00000)
  object space 68608K, 13% used [0x00000000c0000000,0x00000000c093bc00,0x00000000c4300000)
 Metaspace       used 20735K, committed 21504K, reserved 1114112K
  class space    used 2093K, committed 2432K, reserved 1048576K
}
Event: 9.163 GC heap after
{Heap after GC invocations=8 (full 1):
 PSYoungGen      total 29184K, used 0K [0x00000000eab00000, 0x00000000ecc00000, 0x0000000100000000)
  eden space 24576K, 0% used [0x00000000eab00000,0x00000000eab00000,0x00000000ec300000)
  from space 4608K, 0% used [0x00000000ec400000,0x00000000ec400000,0x00000000ec880000)
  to   space 3584K, 0% used [0x00000000ec880000,0x00000000ec880000,0x00000000ecc00000)
 ParOldGen       total 68608K, used 13022K [0x00000000c0000000, 0x00000000c4300000, 0x00000000eab00000)
  object space 68608K, 18% used [0x00000000c0000000,0x00000000c0cb79a0,0x00000000c4300000)
 Metaspace       used 20722K, committed 21504K, reserved 1114112K
  class space    used 2089K, committed 2432K, reserved 1048576K
}
Event: 9.740 GC heap before
{Heap before GC invocations=9 (full 1):
 PSYoungGen      total 29184K, used 24576K [0x00000000eab00000, 0x00000000ecc00000, 0x0000000100000000)
  eden space 24576K, 100% used [0x00000000eab00000,0x00000000ec300000,0x00000000ec300000)
  from space 4608K, 0% used [0x00000000ec400000,0x00000000ec400000,0x00000000ec880000)
  to   space 3584K, 0% used [0x00000000ec880000,0x00000000ec880000,0x00000000ecc00000)
 ParOldGen       total 68608K, used 13022K [0x00000000c0000000, 0x00000000c4300000, 0x00000000eab00000)
  object space 68608K, 18% used [0x00000000c0000000,0x00000000c0cb79a0,0x00000000c4300000)
 Metaspace       used 23370K, committed 24192K, reserved 1114112K
  class space    used 2256K, committed 2560K, reserved 1048576K
}
Event: 9.742 GC heap after
{Heap after GC invocations=9 (full 1):
 PSYoungGen      total 24576K, used 320K [0x00000000eab00000, 0x00000000ec900000, 0x0000000100000000)
  eden space 24064K, 0% used [0x00000000eab00000,0x00000000eab00000,0x00000000ec280000)
  from space 512K, 62% used [0x00000000ec880000,0x00000000ec8d0000,0x00000000ec900000)
  to   space 2048K, 0% used [0x00000000ec500000,0x00000000ec500000,0x00000000ec700000)
 ParOldGen       total 68608K, used 13022K [0x00000000c0000000, 0x00000000c4300000, 0x00000000eab00000)
  object space 68608K, 18% used [0x00000000c0000000,0x00000000c0cb79a0,0x00000000c4300000)
 Metaspace       used 23370K, committed 24192K, reserved 1114112K
  class space    used 2256K, committed 2560K, reserved 1048576K
}
Event: 9.959 GC heap before
{Heap before GC invocations=10 (full 1):
 PSYoungGen      total 24576K, used 24384K [0x00000000eab00000, 0x00000000ec900000, 0x0000000100000000)
  eden space 24064K, 100% used [0x00000000eab00000,0x00000000ec280000,0x00000000ec280000)
  from space 512K, 62% used [0x00000000ec880000,0x00000000ec8d0000,0x00000000ec900000)
  to   space 2048K, 0% used [0x00000000ec500000,0x00000000ec500000,0x00000000ec700000)
 ParOldGen       total 68608K, used 13022K [0x00000000c0000000, 0x00000000c4300000, 0x00000000eab00000)
  object space 68608K, 18% used [0x00000000c0000000,0x00000000c0cb79a0,0x00000000c4300000)
 Metaspace       used 26428K, committed 27264K, reserved 1114112K
  class space    used 2496K, committed 2816K, reserved 1048576K
}
Event: 9.961 GC heap after
{Heap after GC invocations=10 (full 1):
 PSYoungGen      total 25600K, used 1457K [0x00000000eab00000, 0x00000000ec900000, 0x0000000100000000)
  eden space 23552K, 0% used [0x00000000eab00000,0x00000000eab00000,0x00000000ec200000)
  from space 2048K, 71% used [0x00000000ec500000,0x00000000ec66c658,0x00000000ec700000)
  to   space 2048K, 0% used [0x00000000ec700000,0x00000000ec700000,0x00000000ec900000)
 ParOldGen       total 68608K, used 13811K [0x00000000c0000000, 0x00000000c4300000, 0x00000000eab00000)
  object space 68608K, 20% used [0x00000000c0000000,0x00000000c0d7ceb0,0x00000000c4300000)
 Metaspace       used 26428K, committed 27264K, reserved 1114112K
  class space    used 2496K, committed 2816K, reserved 1048576K
}
Event: 10.138 GC heap before
{Heap before GC invocations=11 (full 1):
 PSYoungGen      total 25600K, used 25009K [0x00000000eab00000, 0x00000000ec900000, 0x0000000100000000)
  eden space 23552K, 100% used [0x00000000eab00000,0x00000000ec200000,0x00000000ec200000)
  from space 2048K, 71% used [0x00000000ec500000,0x00000000ec66c658,0x00000000ec700000)
  to   space 2048K, 0% used [0x00000000ec700000,0x00000000ec700000,0x00000000ec900000)
 ParOldGen       total 68608K, used 13811K [0x00000000c0000000, 0x00000000c4300000, 0x00000000eab00000)
  object space 68608K, 20% used [0x00000000c0000000,0x00000000c0d7ceb0,0x00000000c4300000)
 Metaspace       used 28242K, committed 29120K, reserved 1114112K
  class space    used 2696K, committed 3072K, reserved 1048576K
}
Event: 10.140 GC heap after
{Heap after GC invocations=11 (full 1):
 PSYoungGen      total 25088K, used 1809K [0x00000000eab00000, 0x00000000ec900000, 0x0000000100000000)
  eden space 23040K, 0% used [0x00000000eab00000,0x00000000eab00000,0x00000000ec180000)
  from space 2048K, 88% used [0x00000000ec700000,0x00000000ec8c4658,0x00000000ec900000)
  to   space 2048K, 0% used [0x00000000ec500000,0x00000000ec500000,0x00000000ec700000)
 ParOldGen       total 68608K, used 13951K [0x00000000c0000000, 0x00000000c4300000, 0x00000000eab00000)
  object space 68608K, 20% used [0x00000000c0000000,0x00000000c0d9ff88,0x00000000c4300000)
 Metaspace       used 28242K, committed 29120K, reserved 1114112K
  class space    used 2696K, committed 3072K, reserved 1048576K
}
Event: 10.429 GC heap before
{Heap before GC invocations=12 (full 1):
 PSYoungGen      total 25088K, used 24849K [0x00000000eab00000, 0x00000000ec900000, 0x0000000100000000)
  eden space 23040K, 100% used [0x00000000eab00000,0x00000000ec180000,0x00000000ec180000)
  from space 2048K, 88% used [0x00000000ec700000,0x00000000ec8c4658,0x00000000ec900000)
  to   space 2048K, 0% used [0x00000000ec500000,0x00000000ec500000,0x00000000ec700000)
 ParOldGen       total 68608K, used 13951K [0x00000000c0000000, 0x00000000c4300000, 0x00000000eab00000)
  object space 68608K, 20% used [0x00000000c0000000,0x00000000c0d9ff88,0x00000000c4300000)
 Metaspace       used 31534K, committed 32512K, reserved 1114112K
  class space    used 3105K, committed 3520K, reserved 1048576K
}
Event: 10.433 GC heap after
{Heap after GC invocations=12 (full 1):
 PSYoungGen      total 24064K, used 1434K [0x00000000eab00000, 0x00000000ec780000, 0x0000000100000000)
  eden space 22528K, 0% used [0x00000000eab00000,0x00000000eab00000,0x00000000ec100000)
  from space 1536K, 93% used [0x00000000ec500000,0x00000000ec666b48,0x00000000ec680000)
  to   space 1024K, 0% used [0x00000000ec680000,0x00000000ec680000,0x00000000ec780000)
 ParOldGen       total 68608K, used 15585K [0x00000000c0000000, 0x00000000c4300000, 0x00000000eab00000)
  object space 68608K, 22% used [0x00000000c0000000,0x00000000c0f38740,0x00000000c4300000)
 Metaspace       used 31534K, committed 32512K, reserved 1114112K
  class space    used 3105K, committed 3520K, reserved 1048576K
}
Event: 10.759 GC heap before
{Heap before GC invocations=13 (full 1):
 PSYoungGen      total 24064K, used 23962K [0x00000000eab00000, 0x00000000ec780000, 0x0000000100000000)
  eden space 22528K, 100% used [0x00000000eab00000,0x00000000ec100000,0x00000000ec100000)
  from space 1536K, 93% used [0x00000000ec500000,0x00000000ec666b48,0x00000000ec680000)
  to   space 1024K, 0% used [0x00000000ec680000,0x00000000ec680000,0x00000000ec780000)
 ParOldGen       total 68608K, used 15585K [0x00000000c0000000, 0x00000000c4300000, 0x00000000eab00000)
  object space 68608K, 22% used [0x00000000c0000000,0x00000000c0f38740,0x00000000c4300000)
 Metaspace       used 33262K, committed 34240K, reserved 1114112K
  class space    used 3334K, committed 3776K, reserved 1048576K
}
Event: 10.762 GC heap after
{Heap after GC invocations=13 (full 1):
 PSYoungGen      total 23040K, used 1013K [0x00000000eab00000, 0x00000000ec780000, 0x0000000100000000)
  eden space 22016K, 0% used [0x00000000eab00000,0x00000000eab00000,0x00000000ec080000)
  from space 1024K, 98% used [0x00000000ec680000,0x00000000ec77d570,0x00000000ec780000)
  to   space 3072K, 0% used [0x00000000ec180000,0x00000000ec180000,0x00000000ec480000)
 ParOldGen       total 68608K, used 17253K [0x00000000c0000000, 0x00000000c4300000, 0x00000000eab00000)
  object space 68608K, 25% used [0x00000000c0000000,0x00000000c10d97d8,0x00000000c4300000)
 Metaspace       used 33262K, committed 34240K, reserved 1114112K
  class space    used 3334K, committed 3776K, reserved 1048576K
}
Event: 10.873 GC heap before
{Heap before GC invocations=14 (full 1):
 PSYoungGen      total 23040K, used 13464K [0x00000000eab00000, 0x00000000ec780000, 0x0000000100000000)
  eden space 22016K, 56% used [0x00000000eab00000,0x00000000eb728d38,0x00000000ec080000)
  from space 1024K, 98% used [0x00000000ec680000,0x00000000ec77d570,0x00000000ec780000)
  to   space 3072K, 0% used [0x00000000ec180000,0x00000000ec180000,0x00000000ec480000)
 ParOldGen       total 68608K, used 17253K [0x00000000c0000000, 0x00000000c4300000, 0x00000000eab00000)
  object space 68608K, 25% used [0x00000000c0000000,0x00000000c10d97d8,0x00000000c4300000)
 Metaspace       used 34866K, committed 35840K, reserved 1114112K
  class space    used 3527K, committed 3968K, reserved 1048576K
}
Event: 10.875 GC heap after
{Heap after GC invocations=14 (full 1):
 PSYoungGen      total 25088K, used 384K [0x00000000eab00000, 0x00000000ec700000, 0x0000000100000000)
  eden space 22016K, 0% used [0x00000000eab00000,0x00000000eab00000,0x00000000ec080000)
  from space 3072K, 12% used [0x00000000ec180000,0x00000000ec1e0000,0x00000000ec480000)
  to   space 1536K, 0% used [0x00000000ec580000,0x00000000ec580000,0x00000000ec700000)
 ParOldGen       total 68608K, used 18119K [0x00000000c0000000, 0x00000000c4300000, 0x00000000eab00000)
  object space 68608K, 26% used [0x00000000c0000000,0x00000000c11b1c88,0x00000000c4300000)
 Metaspace       used 34866K, committed 35840K, reserved 1114112K
  class space    used 3527K, committed 3968K, reserved 1048576K
}
Event: 10.875 GC heap before
{Heap before GC invocations=15 (full 2):
 PSYoungGen      total 25088K, used 384K [0x00000000eab00000, 0x00000000ec700000, 0x0000000100000000)
  eden space 22016K, 0% used [0x00000000eab00000,0x00000000eab00000,0x00000000ec080000)
  from space 3072K, 12% used [0x00000000ec180000,0x00000000ec1e0000,0x00000000ec480000)
  to   space 1536K, 0% used [0x00000000ec580000,0x00000000ec580000,0x00000000ec700000)
 ParOldGen       total 68608K, used 18119K [0x00000000c0000000, 0x00000000c4300000, 0x00000000eab00000)
  object space 68608K, 26% used [0x00000000c0000000,0x00000000c11b1c88,0x00000000c4300000)
 Metaspace       used 34866K, committed 35840K, reserved 1114112K
  class space    used 3527K, committed 3968K, reserved 1048576K
}
Event: 10.916 GC heap after
{Heap after GC invocations=15 (full 2):
 PSYoungGen      total 25088K, used 0K [0x00000000eab00000, 0x00000000ec700000, 0x0000000100000000)
  eden space 22016K, 0% used [0x00000000eab00000,0x00000000eab00000,0x00000000ec080000)
  from space 3072K, 0% used [0x00000000ec180000,0x00000000ec180000,0x00000000ec480000)
  to   space 1536K, 0% used [0x00000000ec580000,0x00000000ec580000,0x00000000ec700000)
 ParOldGen       total 68608K, used 17643K [0x00000000c0000000, 0x00000000c4300000, 0x00000000eab00000)
  object space 68608K, 25% used [0x00000000c0000000,0x00000000c113ada8,0x00000000c4300000)
 Metaspace       used 34866K, committed 35840K, reserved 1114112K
  class space    used 3527K, committed 3968K, reserved 1048576K
}
Event: 12.248 GC heap before
{Heap before GC invocations=16 (full 2):
 PSYoungGen      total 25088K, used 22016K [0x00000000eab00000, 0x00000000ec700000, 0x0000000100000000)
  eden space 22016K, 100% used [0x00000000eab00000,0x00000000ec080000,0x00000000ec080000)
  from space 3072K, 0% used [0x00000000ec180000,0x00000000ec180000,0x00000000ec480000)
  to   space 1536K, 0% used [0x00000000ec580000,0x00000000ec580000,0x00000000ec700000)
 ParOldGen       total 68608K, used 17643K [0x00000000c0000000, 0x00000000c4300000, 0x00000000eab00000)
  object space 68608K, 25% used [0x00000000c0000000,0x00000000c113ada8,0x00000000c4300000)
 Metaspace       used 36835K, committed 37952K, reserved 1114112K
  class space    used 3797K, committed 4288K, reserved 1048576K
}
Event: 12.251 GC heap after
{Heap after GC invocations=16 (full 2):
 PSYoungGen      total 23552K, used 1536K [0x00000000eab00000, 0x00000000ec700000, 0x0000000100000000)
  eden space 22016K, 0% used [0x00000000eab00000,0x00000000eab00000,0x00000000ec080000)
  from space 1536K, 100% used [0x00000000ec580000,0x00000000ec700000,0x00000000ec700000)
  to   space 2048K, 0% used [0x00000000ec300000,0x00000000ec300000,0x00000000ec500000)
 ParOldGen       total 68608K, used 17691K [0x00000000c0000000, 0x00000000c4300000, 0x00000000eab00000)
  object space 68608K, 25% used [0x00000000c0000000,0x00000000c1146da8,0x00000000c4300000)
 Metaspace       used 36835K, committed 37952K, reserved 1114112K
  class space    used 3797K, committed 4288K, reserved 1048576K
}
Event: 13.619 GC heap before
{Heap before GC invocations=17 (full 2):
 PSYoungGen      total 23552K, used 23533K [0x00000000eab00000, 0x00000000ec700000, 0x0000000100000000)
  eden space 22016K, 99% used [0x00000000eab00000,0x00000000ec07b730,0x00000000ec080000)
  from space 1536K, 100% used [0x00000000ec580000,0x00000000ec700000,0x00000000ec700000)
  to   space 2048K, 0% used [0x00000000ec300000,0x00000000ec300000,0x00000000ec500000)
 ParOldGen       total 68608K, used 17691K [0x00000000c0000000, 0x00000000c4300000, 0x00000000eab00000)
  object space 68608K, 25% used [0x00000000c0000000,0x00000000c1146da8,0x00000000c4300000)
 Metaspace       used 39481K, committed 40640K, reserved 1114112K
  class space    used 4107K, committed 4608K, reserved 1048576K
}
Event: 13.622 GC heap after
{Heap after GC invocations=17 (full 2):
 PSYoungGen      total 23552K, used 1344K [0x00000000eab00000, 0x00000000ec600000, 0x0000000100000000)
  eden space 22016K, 0% used [0x00000000eab00000,0x00000000eab00000,0x00000000ec080000)
  from space 1536K, 87% used [0x00000000ec300000,0x00000000ec450000,0x00000000ec480000)
  to   space 1536K, 0% used [0x00000000ec480000,0x00000000ec480000,0x00000000ec600000)
 ParOldGen       total 68608K, used 19104K [0x00000000c0000000, 0x00000000c4300000, 0x00000000eab00000)
  object space 68608K, 27% used [0x00000000c0000000,0x00000000c12a8140,0x00000000c4300000)
 Metaspace       used 39481K, committed 40640K, reserved 1114112K
  class space    used 4107K, committed 4608K, reserved 1048576K
}

Dll operation events (10 events):
Event: 0.025 Loaded shared library c:\Users\HP\.vscode\extensions\redhat.java-1.41.1-win32-x64\jre\21.0.6-win32-x86_64\bin\java.dll
Event: 0.228 Loaded shared library c:\Users\HP\.vscode\extensions\redhat.java-1.41.1-win32-x64\jre\21.0.6-win32-x86_64\bin\zip.dll
Event: 0.298 Loaded shared library C:\Users\HP\.vscode\extensions\redhat.java-1.41.1-win32-x64\jre\21.0.6-win32-x86_64\bin\instrument.dll
Event: 0.324 Loaded shared library C:\Users\HP\.vscode\extensions\redhat.java-1.41.1-win32-x64\jre\21.0.6-win32-x86_64\bin\net.dll
Event: 0.335 Loaded shared library C:\Users\HP\.vscode\extensions\redhat.java-1.41.1-win32-x64\jre\21.0.6-win32-x86_64\bin\nio.dll
Event: 0.341 Loaded shared library C:\Users\HP\.vscode\extensions\redhat.java-1.41.1-win32-x64\jre\21.0.6-win32-x86_64\bin\zip.dll
Event: 0.441 Loaded shared library C:\Users\HP\.vscode\extensions\redhat.java-1.41.1-win32-x64\jre\21.0.6-win32-x86_64\bin\jimage.dll
Event: 0.680 Loaded shared library c:\Users\HP\.vscode\extensions\redhat.java-1.41.1-win32-x64\jre\21.0.6-win32-x86_64\bin\verify.dll
Event: 2.523 Loaded shared library C:\Users\HP\AppData\Roaming\Code\User\globalStorage\redhat.java\1.41.1\config_win\org.eclipse.equinox.launcher\org.eclipse.equinox.launcher.win32.win32.x86_64_1.2.1300.v20250331-1702\eclipse_11911.dll
Event: 7.042 Loaded shared library C:\Users\HP\AppData\Local\Temp\jna-2312\jna889033059785385481.dll

Deoptimization events (20 events):
Event: 12.070 Thread 0x000001b90dd5da40 Uncommon trap: trap_request=0xffffff45 fr.pc=0x000001b918a7f6a4 relative=0x00000000000001e4
Event: 12.070 Thread 0x000001b90dd5da40 Uncommon trap: reason=unstable_if action=reinterpret pc=0x000001b918a7f6a4 method=java.util.concurrent.ConcurrentHashMap.get(Ljava/lang/Object;)Ljava/lang/Object; @ 76 c2
Event: 12.070 Thread 0x000001b90dd5da40 DEOPT PACKING pc=0x000001b918a7f6a4 sp=0x000000a6764fd930
Event: 12.070 Thread 0x000001b90dd5da40 DEOPT UNPACKING pc=0x000001b9184d6da2 sp=0x000000a6764fd8a8 mode 2
Event: 12.360 Thread 0x000001b90dd5da40 Uncommon trap: trap_request=0xffffff45 fr.pc=0x000001b918b50a24 relative=0x00000000000000e4
Event: 12.360 Thread 0x000001b90dd5da40 Uncommon trap: reason=unstable_if action=reinterpret pc=0x000001b918b50a24 method=java.lang.CharacterDataLatin1.digit(II)I @ 7 c2
Event: 12.361 Thread 0x000001b90dd5da40 DEOPT PACKING pc=0x000001b918b50a24 sp=0x000000a6764fe470
Event: 12.361 Thread 0x000001b90dd5da40 DEOPT UNPACKING pc=0x000001b9184d6da2 sp=0x000000a6764fe330 mode 2
Event: 12.361 Thread 0x000001b90dd5da40 Uncommon trap: trap_request=0xffffff45 fr.pc=0x000001b918a58cc8 relative=0x00000000000000a8
Event: 12.361 Thread 0x000001b90dd5da40 Uncommon trap: reason=unstable_if action=reinterpret pc=0x000001b918a58cc8 method=java.lang.CharacterDataLatin1.digit(II)I @ 7 c2
Event: 12.361 Thread 0x000001b90dd5da40 DEOPT PACKING pc=0x000001b918a58cc8 sp=0x000000a6764fe3c0
Event: 12.361 Thread 0x000001b90dd5da40 DEOPT UNPACKING pc=0x000001b9184d6da2 sp=0x000000a6764fe340 mode 2
Event: 12.363 Thread 0x000001b90dd5da40 Uncommon trap: trap_request=0xffffff76 fr.pc=0x000001b918b05300 relative=0x0000000000000940
Event: 12.363 Thread 0x000001b90dd5da40 Uncommon trap: reason=predicate action=maybe_recompile pc=0x000001b918b05300 method=java.util.TreeMap.put(Ljava/lang/Object;Ljava/lang/Object;Z)Ljava/lang/Object; @ 27 c2
Event: 12.363 Thread 0x000001b90dd5da40 DEOPT PACKING pc=0x000001b918b05300 sp=0x000000a6764fe0d0
Event: 12.363 Thread 0x000001b90dd5da40 DEOPT UNPACKING pc=0x000001b9184d6da2 sp=0x000000a6764fe070 mode 2
Event: 12.478 Thread 0x000001b96df87700 Uncommon trap: trap_request=0xffffff45 fr.pc=0x000001b918a93554 relative=0x0000000000001a74
Event: 12.478 Thread 0x000001b96df87700 Uncommon trap: reason=unstable_if action=reinterpret pc=0x000001b918a93554 method=sun.nio.cs.StreamDecoder.implRead([CII)I @ 36 c2
Event: 12.478 Thread 0x000001b96df87700 DEOPT PACKING pc=0x000001b918a93554 sp=0x000000a6797fdcd0
Event: 12.478 Thread 0x000001b96df87700 DEOPT UNPACKING pc=0x000001b9184d6da2 sp=0x000000a6797fdb78 mode 2

Classes loaded (20 events):
Event: 12.362 Loading class sun/util/cldr/CLDRCalendarNameProviderImpl
Event: 12.362 Loading class sun/util/locale/provider/CalendarNameProviderImpl
Event: 12.362 Loading class sun/util/locale/provider/CalendarNameProviderImpl done
Event: 12.362 Loading class sun/util/cldr/CLDRCalendarNameProviderImpl done
Event: 12.363 Loading class sun/util/locale/provider/CalendarNameProviderImpl$LengthBasedComparator
Event: 12.363 Loading class sun/util/locale/provider/CalendarNameProviderImpl$LengthBasedComparator done
Event: 12.397 Loading class sun/reflect/generics/repository/FieldRepository
Event: 12.397 Loading class sun/reflect/generics/repository/FieldRepository done
Event: 12.404 Loading class java/io/PrintWriter$1
Event: 12.404 Loading class jdk/internal/access/JavaIOPrintWriterAccess
Event: 12.404 Loading class jdk/internal/access/JavaIOPrintWriterAccess done
Event: 12.404 Loading class java/io/PrintWriter$1 done
Event: 12.406 Loading class java/time/format/DateTimeParseContext
Event: 12.406 Loading class java/time/format/DateTimeParseContext done
Event: 12.406 Loading class java/time/format/Parsed
Event: 12.408 Loading class java/time/format/Parsed done
Event: 13.674 Loading class sun/reflect/generics/scope/ConstructorScope
Event: 13.674 Loading class sun/reflect/generics/scope/ConstructorScope done
Event: 13.674 Loading class sun/reflect/generics/tree/VoidDescriptor
Event: 13.674 Loading class sun/reflect/generics/tree/VoidDescriptor done

Classes unloaded (7 events):
Event: 9.129 Thread 0x000001b90de1ebe0 Unloading class 0x000001b923194400 'java/lang/invoke/LambdaForm$MH+0x000001b923194400'
Event: 9.129 Thread 0x000001b90de1ebe0 Unloading class 0x000001b923194000 'java/lang/invoke/LambdaForm$MH+0x000001b923194000'
Event: 9.129 Thread 0x000001b90de1ebe0 Unloading class 0x000001b923193c00 'java/lang/invoke/LambdaForm$MH+0x000001b923193c00'
Event: 9.129 Thread 0x000001b90de1ebe0 Unloading class 0x000001b923193800 'java/lang/invoke/LambdaForm$MH+0x000001b923193800'
Event: 9.129 Thread 0x000001b90de1ebe0 Unloading class 0x000001b923193400 'java/lang/invoke/LambdaForm$BMH+0x000001b923193400'
Event: 9.129 Thread 0x000001b90de1ebe0 Unloading class 0x000001b923193000 'java/lang/invoke/LambdaForm$DMH+0x000001b923193000'
Event: 9.129 Thread 0x000001b90de1ebe0 Unloading class 0x000001b923191c00 'java/lang/invoke/LambdaForm$DMH+0x000001b923191c00'

Classes redefined (0 events):
No events

Internal exceptions (20 events):
Event: 10.013 Thread 0x000001b969c5c4b0 Exception <a 'java/lang/NoSuchMethodError'{0x00000000eb5af148}: 'java.lang.Object java.lang.invoke.DirectMethodHandle$Holder.invokeSpecialIFC(java.lang.Object, java.lang.Object, java.lang.Object, java.lang.Object)'> (0x00000000eb5af148) 
thrown [s\src\hotspot\share\interpreter\linkResolver.cpp, line 773]
Event: 10.155 Thread 0x000001b9699e0660 Exception <a 'java/lang/ClassNotFoundException'{0x00000000eac2c5b0}: com/sun/org/apache/xerces/internal/impl/msg/spi/DOMMessagesProvider> (0x00000000eac2c5b0) 
thrown [s\src\hotspot\share\classfile\systemDictionary.cpp, line 312]
Event: 10.156 Thread 0x000001b9699e0660 Exception <a 'java/lang/ClassNotFoundException'{0x00000000eac3dd18}: com/sun/org/apache/xerces/internal/impl/msg/spi/XMLSerializerMessagesProvider> (0x00000000eac3dd18) 
thrown [s\src\hotspot\share\classfile\systemDictionary.cpp, line 312]
Event: 10.158 Thread 0x000001b9699e0660 Exception <a 'java/lang/ClassNotFoundException'{0x00000000eac4b038}: com/sun/org/apache/xerces/internal/impl/msg/spi/XMLMessagesProvider> (0x00000000eac4b038) 
thrown [s\src\hotspot\share\classfile\systemDictionary.cpp, line 312]
Event: 10.244 Thread 0x000001b969c5c4b0 Exception <a 'java/lang/NoSuchMethodError'{0x00000000eb45a508}: 'int java.lang.invoke.DirectMethodHandle$Holder.invokeStatic(java.lang.Object, java.lang.Object, java.lang.Object, java.lang.Object, java.lang.Object)'> (0x00000000eb45a508) 
thrown [s\src\hotspot\share\interpreter\linkResolver.cpp, line 773]
Event: 10.324 Thread 0x000001b9699e0660 Exception <a 'java/lang/ClassNotFoundException'{0x00000000ebaa3c38}: com/sun/org/apache/xml/internal/serializer/spi/XMLEntitiesProvider> (0x00000000ebaa3c38) 
thrown [s\src\hotspot\share\classfile\systemDictionary.cpp, line 312]
Event: 10.401 Thread 0x000001b969c5c4b0 Exception <a 'java/lang/NoClassDefFoundError'{0x00000000ebf58940}: javax/enterprise/inject/Typed> (0x00000000ebf58940) 
thrown [s\src\hotspot\share\classfile\systemDictionary.cpp, line 301]
Event: 10.478 Thread 0x000001b9699e0660 Exception <a 'java/io/FileNotFoundException'{0x00000000ead14650}> (0x00000000ead14650) 
thrown [s\src\hotspot\share\prims\jni.cpp, line 520]
Event: 10.511 Thread 0x000001b9699e0660 Exception <a 'java/lang/UnsatisfiedLinkError'{0x00000000eb13aff8}: The specified procedure could not be found.
> (0x00000000eb13aff8) 
thrown [s\src\hotspot\share\prims\jni.cpp, line 539]
Event: 10.532 Thread 0x000001b9699e0660 Exception <a 'java/io/FileNotFoundException'{0x00000000eb152988}> (0x00000000eb152988) 
thrown [s\src\hotspot\share\prims\jni.cpp, line 520]
Event: 10.560 Thread 0x000001b9699e0660 Exception <a 'java/io/FileNotFoundException'{0x00000000eb4c9060}> (0x00000000eb4c9060) 
thrown [s\src\hotspot\share\prims\jni.cpp, line 520]
Event: 10.574 Thread 0x000001b9699e0660 Exception <a 'java/lang/UnsatisfiedLinkError'{0x00000000eb5ae420}: The specified procedure could not be found.
> (0x00000000eb5ae420) 
thrown [s\src\hotspot\share\prims\jni.cpp, line 539]
Event: 10.732 Thread 0x000001b969c59d50 Exception <a 'java/lang/NoSuchMethodError'{0x00000000ebdba060}: 'void java.lang.invoke.DirectMethodHandle$Holder.invokeStaticInit(java.lang.Object, java.lang.Object, java.lang.Object, java.lang.Object)'> (0x00000000ebdba060) 
thrown [s\src\hotspot\share\interpreter\linkResolver.cpp, line 773]
Event: 10.834 Thread 0x000001b90dd5da40 Exception <a 'java/lang/NoSuchMethodError'{0x00000000eb4722e8}: 'java.lang.Object java.lang.invoke.DirectMethodHandle$Holder.invokeStatic(java.lang.Object, long, java.lang.Object)'> (0x00000000eb4722e8) 
thrown [s\src\hotspot\share\interpreter\linkResolver.cpp, line 773]
Event: 10.835 Thread 0x000001b90dd5da40 Exception <a 'java/lang/NoSuchMethodError'{0x00000000eb4c2ad8}: 'java.lang.Object java.lang.invoke.DirectMethodHandle$Holder.invokeStaticInit(java.lang.Object, long, java.lang.Object)'> (0x00000000eb4c2ad8) 
thrown [s\src\hotspot\share\interpreter\linkResolver.cpp, line 773]
Event: 10.837 Thread 0x000001b90dd5da40 Exception <a 'java/lang/NoSuchMethodError'{0x00000000eb4d6070}: 'java.lang.Object java.lang.invoke.DirectMethodHandle$Holder.newInvokeSpecial(java.lang.Object, long)'> (0x00000000eb4d6070) 
thrown [s\src\hotspot\share\interpreter\linkResolver.cpp, line 773]
Event: 10.855 Thread 0x000001b969c59030 Exception <a 'java/io/FileNotFoundException'{0x00000000eb5c7850}> (0x00000000eb5c7850) 
thrown [s\src\hotspot\share\prims\jni.cpp, line 520]
Event: 12.312 Thread 0x000001b90dd5da40 Exception <a 'java/lang/NoSuchMethodError'{0x00000000eaf1b580}: 'void java.lang.invoke.DirectMethodHandle$Holder.invokeSpecial(java.lang.Object, java.lang.Object, java.lang.Object, java.lang.Object, java.lang.Object, java.lang.Object)'> (0x00000000eaf1b580) 
thrown [s\src\hotspot\share\interpreter\linkResolver.cpp, line 773]
Event: 12.314 Thread 0x000001b90dd5da40 Exception <a 'java/lang/IncompatibleClassChangeError'{0x00000000eaf23ad0}: Found class java.lang.Object, but interface was expected> (0x00000000eaf23ad0) 
thrown [s\src\hotspot\share\interpreter\linkResolver.cpp, line 840]
Event: 12.315 Thread 0x000001b90dd5da40 Exception <a 'java/lang/IncompatibleClassChangeError'{0x00000000eaf25958}: Found class java.lang.Object, but interface was expected> (0x00000000eaf25958) 
thrown [s\src\hotspot\share\interpreter\linkResolver.cpp, line 840]

ZGC Phase Switch (0 events):
No events

VM Operations (20 events):
Event: 10.387 Executing VM operation: HandshakeAllThreads (Deoptimize) done
Event: 10.429 Executing VM operation: ParallelGCFailedAllocation (Allocation Failure)
Event: 10.433 Executing VM operation: ParallelGCFailedAllocation (Allocation Failure) done
Event: 10.758 Executing VM operation: ParallelGCFailedAllocation (Allocation Failure)
Event: 10.762 Executing VM operation: ParallelGCFailedAllocation (Allocation Failure) done
Event: 10.873 Executing VM operation: CollectForMetadataAllocation (Metadata GC Threshold)
Event: 10.916 Executing VM operation: CollectForMetadataAllocation (Metadata GC Threshold) done
Event: 11.931 Executing VM operation: Cleanup
Event: 12.011 Executing VM operation: Cleanup done
Event: 12.248 Executing VM operation: ParallelGCFailedAllocation (Allocation Failure)
Event: 12.251 Executing VM operation: ParallelGCFailedAllocation (Allocation Failure) done
Event: 12.281 Executing VM operation: HandshakeAllThreads (Deoptimize)
Event: 12.281 Executing VM operation: HandshakeAllThreads (Deoptimize) done
Event: 13.281 Executing VM operation: Cleanup
Event: 13.614 Executing VM operation: Cleanup done
Event: 13.619 Executing VM operation: ParallelGCFailedAllocation (Allocation Failure)
Event: 13.623 Executing VM operation: ParallelGCFailedAllocation (Allocation Failure) done
Event: 13.649 Executing VM operation: HandshakeAllThreads (Deoptimize)
Event: 13.649 Executing VM operation: HandshakeAllThreads (Deoptimize) done
Event: 14.658 Executing VM operation: Cleanup

Memory protections (0 events):
No events

Nmethod flushes (20 events):
Event: 10.897 Thread 0x000001b90de1ebe0 flushing  nmethod 0x000001b911503210
Event: 10.897 Thread 0x000001b90de1ebe0 flushing  nmethod 0x000001b911581610
Event: 10.897 Thread 0x000001b90de1ebe0 flushing  nmethod 0x000001b9115b0510
Event: 10.897 Thread 0x000001b90de1ebe0 flushing  nmethod 0x000001b9115b0910
Event: 10.897 Thread 0x000001b90de1ebe0 flushing  nmethod 0x000001b9115b1210
Event: 10.897 Thread 0x000001b90de1ebe0 flushing  nmethod 0x000001b9115b2410
Event: 10.897 Thread 0x000001b90de1ebe0 flushing  nmethod 0x000001b9115b3110
Event: 10.897 Thread 0x000001b90de1ebe0 flushing  nmethod 0x000001b9115b4610
Event: 10.897 Thread 0x000001b90de1ebe0 flushing  nmethod 0x000001b9115b5190
Event: 10.897 Thread 0x000001b90de1ebe0 flushing  nmethod 0x000001b9115b5a90
Event: 10.897 Thread 0x000001b90de1ebe0 flushing  nmethod 0x000001b9115b6790
Event: 10.897 Thread 0x000001b90de1ebe0 flushing  nmethod 0x000001b9115b7410
Event: 10.897 Thread 0x000001b90de1ebe0 flushing  nmethod 0x000001b9115c1010
Event: 10.897 Thread 0x000001b90de1ebe0 flushing  nmethod 0x000001b9115c1510
Event: 10.897 Thread 0x000001b90de1ebe0 flushing  nmethod 0x000001b9115c1a10
Event: 10.897 Thread 0x000001b90de1ebe0 flushing  nmethod 0x000001b9115e4290
Event: 10.897 Thread 0x000001b90de1ebe0 flushing  nmethod 0x000001b911641310
Event: 10.897 Thread 0x000001b90de1ebe0 flushing  nmethod 0x000001b911641c90
Event: 10.897 Thread 0x000001b90de1ebe0 flushing  nmethod 0x000001b911674690
Event: 10.897 Thread 0x000001b90de1ebe0 flushing  nmethod 0x000001b9116abd90

Events (20 events):
Event: 9.512 Thread 0x000001b9631d36e0 Thread added: 0x000001b96927a6c0
Event: 9.677 Thread 0x000001b96927a6c0 Thread exited: 0x000001b96927a6c0
Event: 9.937 Thread 0x000001b969c5aa70 Thread added: 0x000001b969c59030
Event: 9.948 Thread 0x000001b9631d4b60 Thread added: 0x000001b96b4fa440
Event: 10.079 Thread 0x000001b969c59030 Thread added: 0x000001b969c59d50
Event: 10.170 Thread 0x000001b9699e0660 Thread added: 0x000001b969c5b100
Event: 10.672 Thread 0x000001b969c59d50 Thread added: 0x000001b96c4d23a0
Event: 10.792 Thread 0x000001b96c4d23a0 Thread added: 0x000001b96c4d0960
Event: 10.932 Thread 0x000001b90dd5da40 Thread added: 0x000001b96c4d1d10
Event: 10.934 Thread 0x000001b90dd5da40 Thread added: 0x000001b96c4cfc40
Event: 10.935 Thread 0x000001b90dd5da40 Thread added: 0x000001b96c4cef20
Event: 10.936 Thread 0x000001b90dd5da40 Thread added: 0x000001b96c4d02d0
Event: 10.936 Thread 0x000001b90dd5da40 Thread added: 0x000001b96c4d0ff0
Event: 10.937 Thread 0x000001b90dd5da40 Thread added: 0x000001b96c4cf5b0
Event: 10.937 Thread 0x000001b90dd5da40 Thread added: 0x000001b96c4d1680
Event: 10.937 Thread 0x000001b90dd5da40 Thread added: 0x000001b96df87d90
Event: 10.938 Thread 0x000001b90dd5da40 Thread added: 0x000001b96df89e60
Event: 10.979 Thread 0x000001b90dd5da40 Thread added: 0x000001b96df88420
Event: 12.352 Thread 0x000001b90dd5da40 Thread added: 0x000001b96df869e0
Event: 12.353 Thread 0x000001b90dd5da40 Thread added: 0x000001b96df87700


Dynamic libraries:
0x00007ff6c2100000 - 0x00007ff6c210e000 	c:\Users\HP\.vscode\extensions\redhat.java-1.41.1-win32-x64\jre\21.0.6-win32-x86_64\bin\java.exe
0x00007ffa64560000 - 0x00007ffa647c0000 	C:\WINDOWS\SYSTEM32\ntdll.dll
0x00007ffa63280000 - 0x00007ffa63347000 	C:\WINDOWS\System32\KERNEL32.DLL
0x00007ffa61890000 - 0x00007ffa61c5a000 	C:\WINDOWS\System32\KERNELBASE.dll
0x00007ffa61740000 - 0x00007ffa6188b000 	C:\WINDOWS\System32\ucrtbase.dll
0x00007ffa59850000 - 0x00007ffa59868000 	c:\Users\HP\.vscode\extensions\redhat.java-1.41.1-win32-x64\jre\21.0.6-win32-x86_64\bin\jli.dll
0x00007ffa63410000 - 0x00007ffa635dc000 	C:\WINDOWS\System32\USER32.dll
0x00007ffa58d80000 - 0x00007ffa58d9e000 	c:\Users\HP\.vscode\extensions\redhat.java-1.41.1-win32-x64\jre\21.0.6-win32-x86_64\bin\VCRUNTIME140.dll
0x00007ffa61c60000 - 0x00007ffa61c87000 	C:\WINDOWS\System32\win32u.dll
0x00007ffa633e0000 - 0x00007ffa6340a000 	C:\WINDOWS\System32\GDI32.dll
0x00007ffa620a0000 - 0x00007ffa621d1000 	C:\WINDOWS\System32\gdi32full.dll
0x00007ffa61c90000 - 0x00007ffa61d33000 	C:\WINDOWS\System32\msvcp_win.dll
0x00007ffa464e0000 - 0x00007ffa46777000 	C:\WINDOWS\WinSxS\amd64_microsoft.windows.common-controls_6595b64144ccf1df_6.0.26100.3624_none_3e086962e3345f24\COMCTL32.dll
0x00007ffa63790000 - 0x00007ffa63839000 	C:\WINDOWS\System32\msvcrt.dll
0x00007ffa63a60000 - 0x00007ffa63a8f000 	C:\WINDOWS\System32\IMM32.DLL
0x00007ffa5dc20000 - 0x00007ffa5dc2c000 	c:\Users\HP\.vscode\extensions\redhat.java-1.41.1-win32-x64\jre\21.0.6-win32-x86_64\bin\vcruntime140_1.dll
0x00007ffa40a90000 - 0x00007ffa40b1d000 	c:\Users\HP\.vscode\extensions\redhat.java-1.41.1-win32-x64\jre\21.0.6-win32-x86_64\bin\msvcp140.dll
0x00007ff9e3740000 - 0x00007ff9e44d0000 	c:\Users\HP\.vscode\extensions\redhat.java-1.41.1-win32-x64\jre\21.0.6-win32-x86_64\bin\server\jvm.dll
0x00007ffa639a0000 - 0x00007ffa63a52000 	C:\WINDOWS\System32\ADVAPI32.dll
0x00007ffa623c0000 - 0x00007ffa62466000 	C:\WINDOWS\System32\sechost.dll
0x00007ffa63670000 - 0x00007ffa63786000 	C:\WINDOWS\System32\RPCRT4.dll
0x00007ffa63350000 - 0x00007ffa633c4000 	C:\WINDOWS\System32\WS2_32.dll
0x00007ffa60e80000 - 0x00007ffa60ede000 	C:\WINDOWS\SYSTEM32\POWRPROF.dll
0x00007ffa43d30000 - 0x00007ffa43d66000 	C:\WINDOWS\SYSTEM32\WINMM.dll
0x00007ffa4d020000 - 0x00007ffa4d02b000 	C:\WINDOWS\SYSTEM32\VERSION.dll
0x00007ffa60e30000 - 0x00007ffa60e44000 	C:\WINDOWS\SYSTEM32\UMPDC.dll
0x00007ffa60550000 - 0x00007ffa6056a000 	C:\WINDOWS\SYSTEM32\kernel.appcore.dll
0x00007ffa5dc00000 - 0x00007ffa5dc0a000 	c:\Users\HP\.vscode\extensions\redhat.java-1.41.1-win32-x64\jre\21.0.6-win32-x86_64\bin\jimage.dll
0x00007ffa5eeb0000 - 0x00007ffa5f0f1000 	C:\WINDOWS\SYSTEM32\DBGHELP.DLL
0x00007ffa64030000 - 0x00007ffa643b2000 	C:\WINDOWS\System32\combase.dll
0x00007ffa638c0000 - 0x00007ffa63996000 	C:\WINDOWS\System32\OLEAUT32.dll
0x00007ffa3db70000 - 0x00007ffa3dba9000 	C:\WINDOWS\SYSTEM32\dbgcore.DLL
0x00007ffa61e90000 - 0x00007ffa61f29000 	C:\WINDOWS\System32\bcryptPrimitives.dll
0x00007ffa5da30000 - 0x00007ffa5da3f000 	c:\Users\HP\.vscode\extensions\redhat.java-1.41.1-win32-x64\jre\21.0.6-win32-x86_64\bin\instrument.dll
0x00007ffa52f90000 - 0x00007ffa52faf000 	c:\Users\HP\.vscode\extensions\redhat.java-1.41.1-win32-x64\jre\21.0.6-win32-x86_64\bin\java.dll
0x00007ffa62830000 - 0x00007ffa62f59000 	C:\WINDOWS\System32\SHELL32.dll
0x00007ffa61f30000 - 0x00007ffa62098000 	C:\WINDOWS\System32\wintypes.dll
0x00007ffa5f400000 - 0x00007ffa5fc52000 	C:\WINDOWS\SYSTEM32\windows.storage.dll
0x00007ffa63ab0000 - 0x00007ffa63b9d000 	C:\WINDOWS\System32\SHCORE.dll
0x00007ffa627c0000 - 0x00007ffa62824000 	C:\WINDOWS\System32\shlwapi.dll
0x00007ffa61650000 - 0x00007ffa6167f000 	C:\WINDOWS\SYSTEM32\profapi.dll
0x00007ffa52f70000 - 0x00007ffa52f88000 	c:\Users\HP\.vscode\extensions\redhat.java-1.41.1-win32-x64\jre\21.0.6-win32-x86_64\bin\zip.dll
0x00007ffa5c300000 - 0x00007ffa5c310000 	C:\Users\HP\.vscode\extensions\redhat.java-1.41.1-win32-x64\jre\21.0.6-win32-x86_64\bin\net.dll
0x00007ffa57e60000 - 0x00007ffa57f7d000 	C:\WINDOWS\SYSTEM32\WINHTTP.dll
0x00007ffa60a70000 - 0x00007ffa60ada000 	C:\WINDOWS\system32\mswsock.dll
0x00007ffa52f50000 - 0x00007ffa52f66000 	C:\Users\HP\.vscode\extensions\redhat.java-1.41.1-win32-x64\jre\21.0.6-win32-x86_64\bin\nio.dll
0x00007ffa5b300000 - 0x00007ffa5b310000 	c:\Users\HP\.vscode\extensions\redhat.java-1.41.1-win32-x64\jre\21.0.6-win32-x86_64\bin\verify.dll
0x00007ffa44d20000 - 0x00007ffa44d65000 	C:\Users\HP\AppData\Roaming\Code\User\globalStorage\redhat.java\1.41.1\config_win\org.eclipse.equinox.launcher\org.eclipse.equinox.launcher.win32.win32.x86_64_1.2.1300.v20250331-1702\eclipse_11911.dll
0x00007ffa62f80000 - 0x00007ffa63116000 	C:\WINDOWS\System32\ole32.dll
0x00007ffa60da0000 - 0x00007ffa60dbc000 	C:\WINDOWS\SYSTEM32\CRYPTSP.dll
0x00007ffa604b0000 - 0x00007ffa604ea000 	C:\WINDOWS\system32\rsaenh.dll
0x00007ffa60b80000 - 0x00007ffa60bab000 	C:\WINDOWS\SYSTEM32\USERENV.dll
0x00007ffa61620000 - 0x00007ffa61646000 	C:\WINDOWS\SYSTEM32\bcrypt.dll
0x00007ffa60dc0000 - 0x00007ffa60dcc000 	C:\WINDOWS\SYSTEM32\CRYPTBASE.dll
0x00007ffa5ff60000 - 0x00007ffa5ff93000 	C:\WINDOWS\SYSTEM32\IPHLPAPI.DLL
0x00007ffa643c0000 - 0x00007ffa643ca000 	C:\WINDOWS\System32\NSI.dll
0x00007ffa40a40000 - 0x00007ffa40a89000 	C:\Users\HP\AppData\Local\Temp\jna-2312\jna889033059785385481.dll
0x00007ffa62650000 - 0x00007ffa62658000 	C:\WINDOWS\System32\PSAPI.DLL
0x00007ffa58650000 - 0x00007ffa5866f000 	C:\WINDOWS\SYSTEM32\dhcpcsvc6.DLL
0x00007ffa585f0000 - 0x00007ffa58615000 	C:\WINDOWS\SYSTEM32\dhcpcsvc.DLL

dbghelp: loaded successfully - version: 4.0.5 - missing functions: none
symbol engine: initialized successfully - sym options: 0x614 - pdb path: .;c:\Users\HP\.vscode\extensions\redhat.java-1.41.1-win32-x64\jre\21.0.6-win32-x86_64\bin;C:\WINDOWS\SYSTEM32;C:\WINDOWS\WinSxS\amd64_microsoft.windows.common-controls_6595b64144ccf1df_6.0.26100.3624_none_3e086962e3345f24;c:\Users\HP\.vscode\extensions\redhat.java-1.41.1-win32-x64\jre\21.0.6-win32-x86_64\bin\server;C:\Users\HP\AppData\Roaming\Code\User\globalStorage\redhat.java\1.41.1\config_win\org.eclipse.equinox.launcher\org.eclipse.equinox.launcher.win32.win32.x86_64_1.2.1300.v20250331-1702;C:\Users\HP\AppData\Local\Temp\jna-2312

VM Arguments:
jvm_args: --add-modules=ALL-SYSTEM --add-opens=java.base/java.util=ALL-UNNAMED --add-opens=java.base/java.lang=ALL-UNNAMED --add-opens=java.base/sun.nio.fs=ALL-UNNAMED -Declipse.application=org.eclipse.jdt.ls.core.id1 -Dosgi.bundles.defaultStartLevel=4 -Declipse.product=org.eclipse.jdt.ls.core.product -Djava.import.generatesMetadataFilesAtProjectRoot=false -DDetectVMInstallationsJob.disabled=true -Dfile.encoding=utf8 -XX:+UseParallelGC -XX:GCTimeRatio=4 -XX:AdaptiveSizePolicyWeight=90 -Dsun.zip.disableMemoryMapping=true -Xmx1G -Xms100m -Xlog:disable -javaagent:c:\Users\HP\.vscode\extensions\redhat.java-1.41.1-win32-x64\lombok\lombok-1.18.36.jar -XX:+HeapDumpOnOutOfMemoryError -XX:HeapDumpPath=c:\Users\HP\AppData\Roaming\Code\User\workspaceStorage\1476b97a88a3090cec9b279cd88308c8\redhat.java -Daether.dependencyCollector.impl=bf 
java_command: c:\Users\HP\.vscode\extensions\redhat.java-1.41.1-win32-x64\server\plugins\org.eclipse.equinox.launcher_1.7.0.v20250331-1702.jar -configuration c:\Users\HP\AppData\Roaming\Code\User\globalStorage\redhat.java\1.41.1\config_win -data c:\Users\HP\AppData\Roaming\Code\User\workspaceStorage\1476b97a88a3090cec9b279cd88308c8\redhat.java\jdt_ws --pipe=\\.\pipe\lsp-b1f079ca308869f4e864a042c536e4d4-sock
java_class_path (initial): c:\Users\HP\.vscode\extensions\redhat.java-1.41.1-win32-x64\server\plugins\org.eclipse.equinox.launcher_1.7.0.v20250331-1702.jar
Launcher Type: SUN_STANDARD

[Global flags]
    uintx AdaptiveSizePolicyWeight                 = 90                                        {product} {command line}
     intx CICompilerCount                          = 4                                         {product} {ergonomic}
    uintx GCTimeRatio                              = 4                                         {product} {command line}
     bool HeapDumpOnOutOfMemoryError               = true                                   {manageable} {command line}
    ccstr HeapDumpPath                             = c:\Users\HP\AppData\Roaming\Code\User\workspaceStorage\1476b97a88a3090cec9b279cd88308c8\redhat.java         {manageable} {command line}
   size_t InitialHeapSize                          = 104857600                                 {product} {command line}
   size_t MaxHeapSize                              = 1073741824                                {product} {command line}
   size_t MaxNewSize                               = 357564416                                 {product} {ergonomic}
   size_t MinHeapDeltaBytes                        = 524288                                    {product} {ergonomic}
   size_t MinHeapSize                              = 104857600                                 {product} {command line}
   size_t NewSize                                  = 34603008                                  {product} {ergonomic}
    uintx NonNMethodCodeHeapSize                   = 5839372                                {pd product} {ergonomic}
    uintx NonProfiledCodeHeapSize                  = 122909434                              {pd product} {ergonomic}
   size_t OldSize                                  = 70254592                                  {product} {ergonomic}
    uintx ProfiledCodeHeapSize                     = 122909434                              {pd product} {ergonomic}
    uintx ReservedCodeCacheSize                    = 251658240                              {pd product} {ergonomic}
     bool SegmentedCodeCache                       = true                                      {product} {ergonomic}
   size_t SoftMaxHeapSize                          = 1073741824                             {manageable} {ergonomic}
     bool UseCompressedOops                        = true                           {product lp64_product} {ergonomic}
     bool UseLargePagesIndividualAllocation        = false                                  {pd product} {ergonomic}
     bool UseParallelGC                            = true                                      {product} {command line}

Logging:
Log output configuration:
 #0: stdout all=off uptime,level,tags foldmultilines=false
 #1: stderr all=off uptime,level,tags foldmultilines=false

Environment Variables:
JAVA_HOME=C:\Program Files\Android\Android Studio\jbr
PATH=C:\Program Files\Zulu\zulu-21\bin\;C:\Program Files\Common Files\Oracle\Java\javapath;C:\WINDOWS\system32;C:\WINDOWS;C:\WINDOWS\System32\Wbem;C:\WINDOWS\System32\WindowsPowerShell\v1.0\;C:\WINDOWS\System32\OpenSSH\;C:\Program Files\PuTTY\;C:\Program Files\dotnet\;C:\Program Files\Java\jdk-20\bin;C:\Program Files\CodeBlocks\MinGW\bin;C:\gradle\gradle-8.10.1\bin;C:\Users\HP\.jdks\corretto-19.0.2\bin;C:\Program Files\nodejs\;C:\Users\HP\AppData\Local\Programs\Python\Python312;C:\Program Files\Git\cmd;C:\Program Files\Zulu\zulu-21\bin\;C:\Program Files\Common Files\Oracle\Java\javapath;C:\WINDOWS\system32;C:\WINDOWS;C:\WINDOWS\System32\Wbem;C:\WINDOWS\System32\WindowsPowerShell\v1.0\;C:\WINDOWS\System32\OpenSSH\;C:\Program Files\PuTTY\;C:\Program Files\dotnet\;C:\Program Files\Java\jdk-20\bin;C:\Program Files\CodeBlocks\MinGW\bin;C:\gradle\gradle-8.10.1\bin;C:\Users\HP\.jdks\corretto-19.0.2\bin;C:\Program Files\Git\cmd;C:\Program Files\nodejs\;C:\Users\HP\AppData\Local\Programs\Python\Python312;C:\Users\HP\AppData\Local\Programs\Python\Python312\Scripts\;C:\Users\HP\AppData\Local\Programs\Python\Python312\;C:\Users\HP\AppData\Local\Programs\Python\Launcher\;C:\Users\HP\AppData\Local\Microsoft\WindowsApps;C:\Users\HP\AppData\Local\Programs\Microsoft VS Code\bin;C:\Program Files\JetBrains\IntelliJ IDEA Community Edition 2024.2.1\bin;C:\Users\HP\.jdks\corretto-19.0.2\bin;C:\Users\HP\AppData\Roaming\npm;C:\flutter\bin;C:\Users\HP\AppData\Local\Android\Sdk;C:\Users\HP\AppData\Local\Android\Sdk\cmdline-tools\la;C:\Users\HP\AppData\Local\Pub\Cache\bin;C:\Users\HP\AppData\Local\GitHubDesktop\bin
USERNAME=HP
OS=Windows_NT
PROCESSOR_IDENTIFIER=Intel64 Family 6 Model 126 Stepping 5, GenuineIntel
TMP=C:\Users\HP\AppData\Local\Temp
TEMP=C:\Users\HP\AppData\Local\Temp




Periodic native trim disabled

---------------  S Y S T E M  ---------------

OS:
 Windows 11 , 64 bit Build 26100 (10.0.26100.3775)
OS uptime: 0 days 5:40 hours
Hyper-V role detected

CPU: total 8 (initial active 8) (4 cores per cpu, 2 threads per core) family 6 model 126 stepping 5 microcode 0xa0, cx8, cmov, fxsr, ht, mmx, 3dnowpref, sse, sse2, sse3, ssse3, sse4.1, sse4.2, popcnt, lzcnt, tsc, tscinvbit, avx, avx2, aes, erms, clmul, bmi1, bmi2, adx, avx512f, avx512dq, avx512cd, avx512bw, avx512vl, sha, fma, vzeroupper, avx512_vpopcntdq, avx512_vpclmulqdq, avx512_vaes, avx512_vnni, clflush, clflushopt, avx512_vbmi2, avx512_vbmi, hv, rdtscp, rdpid, fsrm, gfni, avx512_bitalg, f16c, avx512_ifma
Processor Information for the first 8 processors :
  Max Mhz: 1190, Current Mhz: 991, Mhz Limit: 987

Memory: 4k page, system-wide physical 3784M (446M free)
TotalPageFile size 12294M (AvailPageFile size 5M)
current process WorkingSet (physical memory assigned to process): 217M, peak: 217M
current process commit charge ("private bytes"): 306M, peak: 308M

vm_info: OpenJDK 64-Bit Server VM (21.0.6+7-LTS) for windows-amd64 JRE (21.0.6+7-LTS), built on 2025-01-21T00:00:00Z by "admin" with MS VC++ 17.7 (VS2022)

END.
