#
# There is insufficient memory for the Java Runtime Environment to continue.
# Native memory allocation (malloc) failed to allocate 1598096 bytes. Error detail: Chunk::new
# Possible reasons:
#   The system is out of physical RAM or swap space
#   This process is running with CompressedOops enabled, and the Java Heap may be blocking the growth of the native heap
# Possible solutions:
#   Reduce memory load on the system
#   Increase physical memory or swap space
#   Check if swap backing store is full
#   Decrease Java heap size (-Xmx/-Xms)
#   Decrease number of Java threads
#   Decrease Java thread stack sizes (-Xss)
#   Set larger code cache with -XX:ReservedCodeCacheSize=
#   JVM is running with Unscaled Compressed Oops mode in which the Java heap is
#     placed in the first 4GB address space. The Java Heap base address is the
#     maximum limit for the native heap growth. Please use -XX:HeapBaseMinAddress
#     to set the Java Heap base and to place the Java Heap above 4GB virtual address.
# This output file may be truncated or incomplete.
#
#  Out of Memory Error (arena.cpp:168), pid=12728, tid=15848
#
# JRE version: OpenJDK Runtime Environment Temurin-21.0.6+7 (21.0.6+7) (build 21.0.6+7-LTS)
# Java VM: OpenJDK 64-Bit Server VM Temurin-21.0.6+7 (21.0.6+7-LTS, mixed mode, sharing, tiered, compressed oops, compressed class ptrs, parallel gc, windows-amd64)
# No core dump will be written. Minidumps are not enabled by default on client versions of Windows
#

---------------  S U M M A R Y ------------

Command Line: --add-modules=ALL-SYSTEM --add-opens=java.base/java.util=ALL-UNNAMED --add-opens=java.base/java.lang=ALL-UNNAMED --add-opens=java.base/sun.nio.fs=ALL-UNNAMED -Declipse.application=org.eclipse.jdt.ls.core.id1 -Dosgi.bundles.defaultStartLevel=4 -Declipse.product=org.eclipse.jdt.ls.core.product -Djava.import.generatesMetadataFilesAtProjectRoot=false -DDetectVMInstallationsJob.disabled=true -Dfile.encoding=utf8 -XX:+UseParallelGC -XX:GCTimeRatio=4 -XX:AdaptiveSizePolicyWeight=90 -Dsun.zip.disableMemoryMapping=true -Xmx1G -Xms100m -Xlog:disable -javaagent:c:\Users\HP\.vscode\extensions\redhat.java-1.41.1-win32-x64\lombok\lombok-1.18.36.jar -XX:+HeapDumpOnOutOfMemoryError -XX:HeapDumpPath=c:\Users\HP\AppData\Roaming\Code\User\workspaceStorage\1476b97a88a3090cec9b279cd88308c8\redhat.java -Daether.dependencyCollector.impl=bf c:\Users\HP\.vscode\extensions\redhat.java-1.41.1-win32-x64\server\plugins\org.eclipse.equinox.launcher_1.7.0.v20250331-1702.jar -configuration c:\Users\HP\AppData\Roaming\Code\User\globalStorage\redhat.java\1.41.1\config_win -data c:\Users\HP\AppData\Roaming\Code\User\workspaceStorage\1476b97a88a3090cec9b279cd88308c8\redhat.java\jdt_ws --pipe=\\.\pipe\lsp-982b54a20e80137a95b8891146a405d0-sock

Host: Intel(R) Core(TM) i5-1035G1 CPU @ 1.00GHz, 8 cores, 3G,  Windows 11 , 64 bit Build 26100 (10.0.26100.3775)
Time: Sun May 11 00:26:56 2025 SE Asia Standard Time elapsed time: 8.334212 seconds (0d 0h 0m 8s)

---------------  T H R E A D  ---------------

Current thread (0x000001b77c27ec80):  JavaThread "C2 CompilerThread1" daemon [_thread_in_native, id=15848, stack(0x0000002431100000,0x0000002431200000) (1024K)]


Current CompileTask:
C2:8334 5327   !   4       org.eclipse.osgi.internal.loader.BundleLoader::findClass0 (491 bytes)

Stack: [0x0000002431100000,0x0000002431200000]
Native frames: (J=compiled Java code, j=interpreted, Vv=VM code, C=native code)
V  [jvm.dll+0x6cdee9]
V  [jvm.dll+0x8a83d1]
V  [jvm.dll+0x8aa8fe]
V  [jvm.dll+0x8aafe3]
V  [jvm.dll+0x27f706]
V  [jvm.dll+0xc500d]
V  [jvm.dll+0xc5543]
V  [jvm.dll+0x3b678c]
V  [jvm.dll+0x1e0009]
V  [jvm.dll+0x247b42]
V  [jvm.dll+0x246fcf]
V  [jvm.dll+0x1c75ee]
V  [jvm.dll+0x25685a]
V  [jvm.dll+0x254dfa]
V  [jvm.dll+0x3f0256]
V  [jvm.dll+0x851f8b]
V  [jvm.dll+0x6cc5ed]
C  [ucrtbase.dll+0x37b0]
C  [KERNEL32.DLL+0x2e8d7]
C  [ntdll.dll+0xb14fc]


---------------  P R O C E S S  ---------------

Threads class SMR info:
_java_thread_list=0x000001b77e6f2240, length=40, elements={
0x000001b720f6dc80, 0x000001b735321510, 0x000001b7353240f0, 0x000001b735326ea0,
0x000001b735327d50, 0x000001b73532c7e0, 0x000001b73532f370, 0x000001b73533efc0,
0x000001b735340cc0, 0x000001b77c0b10f0, 0x000001b77c27ec80, 0x000001b77c332260,
0x000001b77cbaf770, 0x000001b77caa06c0, 0x000001b77cae6480, 0x000001b77ccfbf30,
0x000001b77d2c70a0, 0x000001b77cc2c5d0, 0x000001b77d65b690, 0x000001b77d65ddf0,
0x000001b77d65eb10, 0x000001b77d65c3b0, 0x000001b77d65d0d0, 0x000001b77d65d760,
0x000001b77d65e480, 0x000001b77d65ca40, 0x000001b700a01f30, 0x000001b700a00b80,
0x000001b700a01210, 0x000001b700a02c50, 0x000001b7009ff7d0, 0x000001b700a032e0,
0x000001b700a018a0, 0x000001b7009ffe60, 0x000001b700a03970, 0x000001b700a025c0,
0x000001b700a004f0, 0x000001b700a04d20, 0x000001b700a04000, 0x000001b700a04690
}

Java Threads: ( => current thread )
  0x000001b720f6dc80 JavaThread "main"                              [_thread_blocked, id=2424, stack(0x0000002430400000,0x0000002430500000) (1024K)]
  0x000001b735321510 JavaThread "Reference Handler"          daemon [_thread_blocked, id=14664, stack(0x0000002430800000,0x0000002430900000) (1024K)]
  0x000001b7353240f0 JavaThread "Finalizer"                  daemon [_thread_blocked, id=12444, stack(0x0000002430900000,0x0000002430a00000) (1024K)]
  0x000001b735326ea0 JavaThread "Signal Dispatcher"          daemon [_thread_blocked, id=9748, stack(0x0000002430a00000,0x0000002430b00000) (1024K)]
  0x000001b735327d50 JavaThread "Attach Listener"            daemon [_thread_blocked, id=15576, stack(0x0000002430b00000,0x0000002430c00000) (1024K)]
  0x000001b73532c7e0 JavaThread "Service Thread"             daemon [_thread_blocked, id=9676, stack(0x0000002430c00000,0x0000002430d00000) (1024K)]
  0x000001b73532f370 JavaThread "Monitor Deflation Thread"   daemon [_thread_blocked, id=9792, stack(0x0000002430d00000,0x0000002430e00000) (1024K)]
  0x000001b73533efc0 JavaThread "C2 CompilerThread0"         daemon [_thread_in_native, id=10440, stack(0x0000002430e00000,0x0000002430f00000) (1024K)]
  0x000001b735340cc0 JavaThread "C1 CompilerThread0"         daemon [_thread_blocked, id=9656, stack(0x0000002430f00000,0x0000002431000000) (1024K)]
  0x000001b77c0b10f0 JavaThread "Common-Cleaner"             daemon [_thread_blocked, id=11652, stack(0x0000002431000000,0x0000002431100000) (1024K)]
=>0x000001b77c27ec80 JavaThread "C2 CompilerThread1"         daemon [_thread_in_native, id=15848, stack(0x0000002431100000,0x0000002431200000) (1024K)]
  0x000001b77c332260 JavaThread "Notification Thread"        daemon [_thread_blocked, id=3080, stack(0x0000002431200000,0x0000002431300000) (1024K)]
  0x000001b77cbaf770 JavaThread "Active Thread: Equinox Container: df82bc1c-dc0e-40af-8451-4685294cc07d"        [_thread_blocked, id=12772, stack(0x0000002431900000,0x0000002431a00000) (1024K)]
  0x000001b77caa06c0 JavaThread "Refresh Thread: Equinox Container: df82bc1c-dc0e-40af-8451-4685294cc07d" daemon [_thread_blocked, id=15664, stack(0x0000002431a00000,0x0000002431b00000) (1024K)]
  0x000001b77cae6480 JavaThread "Framework Event Dispatcher: Equinox Container: df82bc1c-dc0e-40af-8451-4685294cc07d" daemon [_thread_blocked, id=11728, stack(0x0000002431c00000,0x0000002431d00000) (1024K)]
  0x000001b77ccfbf30 JavaThread "Start Level: Equinox Container: df82bc1c-dc0e-40af-8451-4685294cc07d" daemon [_thread_blocked, id=12016, stack(0x0000002431d00000,0x0000002431e00000) (1024K)]
  0x000001b77d2c70a0 JavaThread "Bundle File Closer"         daemon [_thread_blocked, id=4516, stack(0x0000002431e00000,0x0000002431f00000) (1024K)]
  0x000001b77cc2c5d0 JavaThread "SCR Component Actor"        daemon [_thread_blocked, id=10492, stack(0x0000002431f00000,0x0000002432000000) (1024K)]
  0x000001b77d65b690 JavaThread "SCR Component Registry"     daemon [_thread_blocked, id=11164, stack(0x0000002432000000,0x0000002432100000) (1024K)]
  0x000001b77d65ddf0 JavaThread "Worker-JM"                         [_thread_blocked, id=14724, stack(0x0000002432100000,0x0000002432200000) (1024K)]
  0x000001b77d65eb10 JavaThread "JNA Cleaner"                daemon [_thread_blocked, id=7448, stack(0x0000002432200000,0x0000002432300000) (1024K)]
  0x000001b77d65c3b0 JavaThread "Worker-0"                          [_thread_blocked, id=12020, stack(0x0000002432300000,0x0000002432400000) (1024K)]
  0x000001b77d65d0d0 JavaThread "Worker-1"                          [_thread_blocked, id=13060, stack(0x0000002432400000,0x0000002432500000) (1024K)]
  0x000001b77d65d760 JavaThread "Java indexing"              daemon [_thread_blocked, id=1164, stack(0x0000002432500000,0x0000002432600000) (1024K)]
  0x000001b77d65e480 JavaThread "Worker-2: Initialize After Load"        [_thread_in_native, id=14644, stack(0x0000002432600000,0x0000002432700000) (1024K)]
  0x000001b77d65ca40 JavaThread "Worker-3"                          [_thread_blocked, id=15292, stack(0x0000002432700000,0x0000002432800000) (1024K)]
  0x000001b700a01f30 JavaThread "Worker-4"                          [_thread_blocked, id=10724, stack(0x0000002432a00000,0x0000002432b00000) (1024K)]
  0x000001b700a00b80 JavaThread "Worker-5"                          [_thread_blocked, id=11920, stack(0x0000002432b00000,0x0000002432c00000) (1024K)]
  0x000001b700a01210 JavaThread "Thread-2"                   daemon [_thread_in_native, id=14556, stack(0x0000002432c00000,0x0000002432d00000) (1024K)]
  0x000001b700a02c50 JavaThread "Thread-3"                   daemon [_thread_in_native, id=2928, stack(0x0000002432d00000,0x0000002432e00000) (1024K)]
  0x000001b7009ff7d0 JavaThread "Thread-4"                   daemon [_thread_in_native, id=13344, stack(0x0000002432e00000,0x0000002432f00000) (1024K)]
  0x000001b700a032e0 JavaThread "Thread-5"                   daemon [_thread_in_native, id=15728, stack(0x0000002432f00000,0x0000002433000000) (1024K)]
  0x000001b700a018a0 JavaThread "Thread-6"                   daemon [_thread_in_native, id=9756, stack(0x0000002433000000,0x0000002433100000) (1024K)]
  0x000001b7009ffe60 JavaThread "Thread-7"                   daemon [_thread_in_native, id=12704, stack(0x0000002433100000,0x0000002433200000) (1024K)]
  0x000001b700a03970 JavaThread "Thread-8"                   daemon [_thread_in_native, id=9076, stack(0x0000002433200000,0x0000002433300000) (1024K)]
  0x000001b700a025c0 JavaThread "Thread-9"                   daemon [_thread_in_native, id=14588, stack(0x0000002433300000,0x0000002433400000) (1024K)]
  0x000001b700a004f0 JavaThread "Thread-10"                  daemon [_thread_in_native, id=11724, stack(0x0000002433400000,0x0000002433500000) (1024K)]
  0x000001b700a04d20 JavaThread "pool-2-thread-1"                   [_thread_blocked, id=8100, stack(0x0000002433500000,0x0000002433600000) (1024K)]
  0x000001b700a04000 JavaThread "WorkspaceEventsHandler"            [_thread_blocked, id=7848, stack(0x0000002433600000,0x0000002433700000) (1024K)]
  0x000001b700a04690 JavaThread "pool-1-thread-1"                   [_thread_blocked, id=10128, stack(0x0000002433700000,0x0000002433800000) (1024K)]
Total: 40

Other Threads:
  0x000001b735301bd0 VMThread "VM Thread"                           [id=15184, stack(0x0000002430700000,0x0000002430800000) (1024K)]
  0x000001b720fda120 WatcherThread "VM Periodic Task Thread"        [id=10816, stack(0x0000002430600000,0x0000002430700000) (1024K)]
  0x000001b720f8bde0 WorkerThread "GC Thread#0"                     [id=2052, stack(0x0000002430500000,0x0000002430600000) (1024K)]
  0x000001b77cbfe850 WorkerThread "GC Thread#1"                     [id=14324, stack(0x0000002431300000,0x0000002431400000) (1024K)]
  0x000001b77cbfebf0 WorkerThread "GC Thread#2"                     [id=14988, stack(0x0000002431400000,0x0000002431500000) (1024K)]
  0x000001b77cb6f010 WorkerThread "GC Thread#3"                     [id=2664, stack(0x0000002431500000,0x0000002431600000) (1024K)]
  0x000001b77cb6f3b0 WorkerThread "GC Thread#4"                     [id=1716, stack(0x0000002431600000,0x0000002431700000) (1024K)]
  0x000001b77cbfb5f0 WorkerThread "GC Thread#5"                     [id=5132, stack(0x0000002431700000,0x0000002431800000) (1024K)]
  0x000001b77cbfb990 WorkerThread "GC Thread#6"                     [id=10948, stack(0x0000002431800000,0x0000002431900000) (1024K)]
  0x000001b77c9d8cd0 WorkerThread "GC Thread#7"                     [id=11040, stack(0x0000002431b00000,0x0000002431c00000) (1024K)]
Total: 10

Threads with active compile tasks:
C2 CompilerThread0  8379 5765       4       java.lang.invoke.MethodType::makeImpl (109 bytes)
C2 CompilerThread1  8379 5327   !   4       org.eclipse.osgi.internal.loader.BundleLoader::findClass0 (491 bytes)
Total: 2

VM state: not at safepoint (normal execution)

VM Mutex/Monitor currently owned by a thread: None

Heap address: 0x00000000c0000000, size: 1024 MB, Compressed Oops mode: 32-bit

CDS archive(s) mapped at: [0x000001b736000000-0x000001b736ba0000-0x000001b736ba0000), size 12189696, SharedBaseAddress: 0x000001b736000000, ArchiveRelocationMode: 1.
Compressed class space mapped at: 0x000001b737000000-0x000001b777000000, reserved size: 1073741824
Narrow klass base: 0x000001b736000000, Narrow klass shift: 0, Narrow klass range: 0x100000000

GC Precious Log:
 CardTable entry size: 512
 CPUs: 8 total, 8 available
 Memory: 3784M
 Large Page Support: Disabled
 NUMA Support: Disabled
 Compressed Oops: Enabled (32-bit)
 Alignments: Space 512K, Generation 512K, Heap 2M
 Heap Min Capacity: 100M
 Heap Initial Capacity: 100M
 Heap Max Capacity: 1G
 Pre-touch: Disabled
 Parallel Workers: 8

Heap:
 PSYoungGen      total 23552K, used 21207K [0x00000000eab00000, 0x00000000ec600000, 0x0000000100000000)
  eden space 22016K, 89% used [0x00000000eab00000,0x00000000ebe55eb8,0x00000000ec080000)
  from space 1536K, 91% used [0x00000000ec480000,0x00000000ec5e0000,0x00000000ec600000)
  to   space 1536K, 0% used [0x00000000ec300000,0x00000000ec300000,0x00000000ec480000)
 ParOldGen       total 68608K, used 20122K [0x00000000c0000000, 0x00000000c4300000, 0x00000000eab00000)
  object space 68608K, 29% used [0x00000000c0000000,0x00000000c13a69a0,0x00000000c4300000)
 Metaspace       used 43909K, committed 44928K, reserved 1114112K
  class space    used 4682K, committed 5120K, reserved 1048576K

Card table byte_map: [0x000001b720910000,0x000001b720b20000] _byte_map_base: 0x000001b720310000

Marking Bits: (ParMarkBitMap*) 0x00007ff9e43f3260
 Begin Bits: [0x000001b733160000, 0x000001b734160000)
 End Bits:   [0x000001b734160000, 0x000001b735160000)

Polling page: 0x000001b71ed90000

Metaspace:

Usage:
  Non-class:     38.31 MB used.
      Class:      4.57 MB used.
       Both:     42.88 MB used.

Virtual space:
  Non-class space:       64.00 MB reserved,      38.88 MB ( 61%) committed,  1 nodes.
      Class space:        1.00 GB reserved,       5.00 MB ( <1%) committed,  1 nodes.
             Both:        1.06 GB reserved,      43.88 MB (  4%) committed. 

Chunk freelists:
   Non-Class:  8.45 MB
       Class:  10.89 MB
        Both:  19.34 MB

MaxMetaspaceSize: unlimited
CompressedClassSpaceSize: 1.00 GB
Initial GC threshold: 21.00 MB
Current GC threshold: 58.38 MB
CDS: on
 - commit_granule_bytes: 65536.
 - commit_granule_words: 8192.
 - virtual_space_node_default_size: 8388608.
 - enlarge_chunks_in_place: 1.
 - use_allocation_guard: 0.


Internal statistics:

num_allocs_failed_limit: 6.
num_arena_births: 752.
num_arena_deaths: 22.
num_vsnodes_births: 2.
num_vsnodes_deaths: 0.
num_space_committed: 702.
num_space_uncommitted: 0.
num_chunks_returned_to_freelist: 32.
num_chunks_taken_from_freelist: 2654.
num_chunk_merges: 11.
num_chunk_splits: 1685.
num_chunks_enlarged: 1027.
num_inconsistent_stats: 0.

CodeHeap 'non-profiled nmethods': size=120000Kb used=2506Kb max_used=2506Kb free=117493Kb
 bounds [0x000001b72bc30000, 0x000001b72beb0000, 0x000001b733160000]
CodeHeap 'profiled nmethods': size=120000Kb used=10893Kb max_used=10893Kb free=109106Kb
 bounds [0x000001b724160000, 0x000001b724c10000, 0x000001b72b690000]
CodeHeap 'non-nmethods': size=5760Kb used=1374Kb max_used=1437Kb free=4385Kb
 bounds [0x000001b72b690000, 0x000001b72b900000, 0x000001b72bc30000]
 total_blobs=5931 nmethods=5270 adapters=567
 compilation: enabled
              stopped_count=0, restarted_count=0
 full_count=0

Compilation events (20 events):
Event: 8.237 Thread 0x000001b735340cc0 5827       3       com.sun.org.apache.xerces.internal.dom.DocumentImpl::setAttrNode (40 bytes)
Event: 8.237 Thread 0x000001b735340cc0 nmethod 5827 0x000001b724bf1490 code [0x000001b724bf1680, 0x000001b724bf1b80]
Event: 8.240 Thread 0x000001b735340cc0 5829       3       com.sun.org.apache.xerces.internal.dom.DeferredDocumentImpl::createNode (46 bytes)
Event: 8.241 Thread 0x000001b735340cc0 nmethod 5829 0x000001b724bf1d10 code [0x000001b724bf1ec0, 0x000001b724bf20b0]
Event: 8.241 Thread 0x000001b735340cc0 5830       3       com.sun.org.apache.xerces.internal.dom.DeferredDocumentImpl::ensureCapacity (358 bytes)
Event: 8.242 Thread 0x000001b735340cc0 nmethod 5830 0x000001b724bf2190 code [0x000001b724bf2520, 0x000001b724bf48f8]
Event: 8.243 Thread 0x000001b735340cc0 5832       3       com.sun.org.apache.xerces.internal.dom.DeferredDocumentImpl::getPrevSibling (106 bytes)
Event: 8.243 Thread 0x000001b735340cc0 nmethod 5832 0x000001b724bf5290 code [0x000001b724bf54c0, 0x000001b724bf5be0]
Event: 8.243 Thread 0x000001b735340cc0 5831       3       com.sun.org.apache.xerces.internal.dom.DeferredDocumentImpl::getPrevSibling (7 bytes)
Event: 8.244 Thread 0x000001b735340cc0 nmethod 5831 0x000001b724bf5f90 code [0x000001b724bf6140, 0x000001b724bf62a0]
Event: 8.244 Thread 0x000001b735340cc0 5833       3       java.util.Formatter$FormatSpecifier::appendJustified (89 bytes)
Event: 8.244 Thread 0x000001b735340cc0 nmethod 5833 0x000001b724bf6390 code [0x000001b724bf65c0, 0x000001b724bf6d28]
Event: 8.245 Thread 0x000001b73533efc0 nmethod 5774 0x000001b72be9c990 code [0x000001b72be9ce20, 0x000001b72be9f6c8]
Event: 8.245 Thread 0x000001b73533efc0 5806       4       java.util.Comparator$$Lambda/0x000001b7371ebbb0::compare (16 bytes)
Event: 8.247 Thread 0x000001b73533efc0 nmethod 5806 0x000001b72bea1310 code [0x000001b72bea14c0, 0x000001b72bea1690]
Event: 8.247 Thread 0x000001b73533efc0 5765       4       java.lang.invoke.MethodType::makeImpl (109 bytes)
Event: 8.249 Thread 0x000001b735340cc0 5834       3       com.sun.org.apache.xerces.internal.dom.DeferredDocumentImpl::clearChunkValue (69 bytes)
Event: 8.250 Thread 0x000001b735340cc0 nmethod 5834 0x000001b724bf6f90 code [0x000001b724bf7180, 0x000001b724bf7870]
Event: 8.265 Thread 0x000001b735340cc0 5835       3       java.lang.Exception::<init> (6 bytes)
Event: 8.265 Thread 0x000001b735340cc0 nmethod 5835 0x000001b724bf7b10 code [0x000001b724bf7ce0, 0x000001b724bf7fe8]

GC Heap History (20 events):
Event: 4.404 GC heap before
{Heap before GC invocations=9 (full 1):
 PSYoungGen      total 29184K, used 24576K [0x00000000eab00000, 0x00000000ecc00000, 0x0000000100000000)
  eden space 24576K, 100% used [0x00000000eab00000,0x00000000ec300000,0x00000000ec300000)
  from space 4608K, 0% used [0x00000000ec380000,0x00000000ec380000,0x00000000ec800000)
  to   space 4096K, 0% used [0x00000000ec800000,0x00000000ec800000,0x00000000ecc00000)
 ParOldGen       total 68608K, used 12915K [0x00000000c0000000, 0x00000000c4300000, 0x00000000eab00000)
  object space 68608K, 18% used [0x00000000c0000000,0x00000000c0c9cc40,0x00000000c4300000)
 Metaspace       used 23372K, committed 24128K, reserved 1114112K
  class space    used 2256K, committed 2560K, reserved 1048576K
}
Event: 4.405 GC heap after
{Heap after GC invocations=9 (full 1):
 PSYoungGen      total 25088K, used 513K [0x00000000eab00000, 0x00000000ec900000, 0x0000000100000000)
  eden space 24064K, 0% used [0x00000000eab00000,0x00000000eab00000,0x00000000ec280000)
  from space 1024K, 50% used [0x00000000ec800000,0x00000000ec880630,0x00000000ec900000)
  to   space 2048K, 0% used [0x00000000ec500000,0x00000000ec500000,0x00000000ec700000)
 ParOldGen       total 68608K, used 12923K [0x00000000c0000000, 0x00000000c4300000, 0x00000000eab00000)
  object space 68608K, 18% used [0x00000000c0000000,0x00000000c0c9ec40,0x00000000c4300000)
 Metaspace       used 23372K, committed 24128K, reserved 1114112K
  class space    used 2256K, committed 2560K, reserved 1048576K
}
Event: 4.781 GC heap before
{Heap before GC invocations=10 (full 1):
 PSYoungGen      total 25088K, used 24577K [0x00000000eab00000, 0x00000000ec900000, 0x0000000100000000)
  eden space 24064K, 100% used [0x00000000eab00000,0x00000000ec280000,0x00000000ec280000)
  from space 1024K, 50% used [0x00000000ec800000,0x00000000ec880630,0x00000000ec900000)
  to   space 2048K, 0% used [0x00000000ec500000,0x00000000ec500000,0x00000000ec700000)
 ParOldGen       total 68608K, used 12923K [0x00000000c0000000, 0x00000000c4300000, 0x00000000eab00000)
  object space 68608K, 18% used [0x00000000c0000000,0x00000000c0c9ec40,0x00000000c4300000)
 Metaspace       used 26166K, committed 26880K, reserved 1114112K
  class space    used 2471K, committed 2752K, reserved 1048576K
}
Event: 4.783 GC heap after
{Heap after GC invocations=10 (full 1):
 PSYoungGen      total 25088K, used 1403K [0x00000000eab00000, 0x00000000ec880000, 0x0000000100000000)
  eden space 23552K, 0% used [0x00000000eab00000,0x00000000eab00000,0x00000000ec200000)
  from space 1536K, 91% used [0x00000000ec500000,0x00000000ec65eda0,0x00000000ec680000)
  to   space 2048K, 0% used [0x00000000ec680000,0x00000000ec680000,0x00000000ec880000)
 ParOldGen       total 68608K, used 13704K [0x00000000c0000000, 0x00000000c4300000, 0x00000000eab00000)
  object space 68608K, 19% used [0x00000000c0000000,0x00000000c0d62150,0x00000000c4300000)
 Metaspace       used 26166K, committed 26880K, reserved 1114112K
  class space    used 2471K, committed 2752K, reserved 1048576K
}
Event: 5.329 GC heap before
{Heap before GC invocations=11 (full 1):
 PSYoungGen      total 25088K, used 24949K [0x00000000eab00000, 0x00000000ec880000, 0x0000000100000000)
  eden space 23552K, 99% used [0x00000000eab00000,0x00000000ec1fe7e0,0x00000000ec200000)
  from space 1536K, 91% used [0x00000000ec500000,0x00000000ec65eda0,0x00000000ec680000)
  to   space 2048K, 0% used [0x00000000ec680000,0x00000000ec680000,0x00000000ec880000)
 ParOldGen       total 68608K, used 13704K [0x00000000c0000000, 0x00000000c4300000, 0x00000000eab00000)
  object space 68608K, 19% used [0x00000000c0000000,0x00000000c0d62150,0x00000000c4300000)
 Metaspace       used 28495K, committed 29440K, reserved 1114112K
  class space    used 2682K, committed 3072K, reserved 1048576K
}
Event: 5.333 GC heap after
{Heap after GC invocations=11 (full 1):
 PSYoungGen      total 25088K, used 2043K [0x00000000eab00000, 0x00000000ec880000, 0x0000000100000000)
  eden space 23040K, 0% used [0x00000000eab00000,0x00000000eab00000,0x00000000ec180000)
  from space 2048K, 99% used [0x00000000ec680000,0x00000000ec87ece8,0x00000000ec880000)
  to   space 2560K, 0% used [0x00000000ec380000,0x00000000ec380000,0x00000000ec600000)
 ParOldGen       total 68608K, used 13952K [0x00000000c0000000, 0x00000000c4300000, 0x00000000eab00000)
  object space 68608K, 20% used [0x00000000c0000000,0x00000000c0da0170,0x00000000c4300000)
 Metaspace       used 28495K, committed 29440K, reserved 1114112K
  class space    used 2682K, committed 3072K, reserved 1048576K
}
Event: 5.873 GC heap before
{Heap before GC invocations=12 (full 1):
 PSYoungGen      total 25088K, used 25083K [0x00000000eab00000, 0x00000000ec880000, 0x0000000100000000)
  eden space 23040K, 100% used [0x00000000eab00000,0x00000000ec180000,0x00000000ec180000)
  from space 2048K, 99% used [0x00000000ec680000,0x00000000ec87ece8,0x00000000ec880000)
  to   space 2560K, 0% used [0x00000000ec380000,0x00000000ec380000,0x00000000ec600000)
 ParOldGen       total 68608K, used 13952K [0x00000000c0000000, 0x00000000c4300000, 0x00000000eab00000)
  object space 68608K, 20% used [0x00000000c0000000,0x00000000c0da0170,0x00000000c4300000)
 Metaspace       used 31737K, committed 32640K, reserved 1114112K
  class space    used 3125K, committed 3520K, reserved 1048576K
}
Event: 5.878 GC heap after
{Heap after GC invocations=12 (full 1):
 PSYoungGen      total 23552K, used 973K [0x00000000eab00000, 0x00000000ec700000, 0x0000000100000000)
  eden space 22528K, 0% used [0x00000000eab00000,0x00000000eab00000,0x00000000ec100000)
  from space 1024K, 95% used [0x00000000ec380000,0x00000000ec473500,0x00000000ec480000)
  to   space 1536K, 0% used [0x00000000ec580000,0x00000000ec580000,0x00000000ec700000)
 ParOldGen       total 68608K, used 15999K [0x00000000c0000000, 0x00000000c4300000, 0x00000000eab00000)
  object space 68608K, 23% used [0x00000000c0000000,0x00000000c0f9fdd8,0x00000000c4300000)
 Metaspace       used 31737K, committed 32640K, reserved 1114112K
  class space    used 3125K, committed 3520K, reserved 1048576K
}
Event: 6.183 GC heap before
{Heap before GC invocations=13 (full 1):
 PSYoungGen      total 23552K, used 23501K [0x00000000eab00000, 0x00000000ec700000, 0x0000000100000000)
  eden space 22528K, 100% used [0x00000000eab00000,0x00000000ec100000,0x00000000ec100000)
  from space 1024K, 95% used [0x00000000ec380000,0x00000000ec473500,0x00000000ec480000)
  to   space 1536K, 0% used [0x00000000ec580000,0x00000000ec580000,0x00000000ec700000)
 ParOldGen       total 68608K, used 15999K [0x00000000c0000000, 0x00000000c4300000, 0x00000000eab00000)
  object space 68608K, 23% used [0x00000000c0000000,0x00000000c0f9fdd8,0x00000000c4300000)
 Metaspace       used 34271K, committed 35328K, reserved 1114112K
  class space    used 3446K, committed 3904K, reserved 1048576K
}
Event: 6.187 GC heap after
{Heap after GC invocations=13 (full 1):
 PSYoungGen      total 23552K, used 1410K [0x00000000eab00000, 0x00000000ec700000, 0x0000000100000000)
  eden space 22016K, 0% used [0x00000000eab00000,0x00000000eab00000,0x00000000ec080000)
  from space 1536K, 91% used [0x00000000ec580000,0x00000000ec6e0990,0x00000000ec700000)
  to   space 1536K, 0% used [0x00000000ec400000,0x00000000ec400000,0x00000000ec580000)
 ParOldGen       total 68608K, used 16752K [0x00000000c0000000, 0x00000000c4300000, 0x00000000eab00000)
  object space 68608K, 24% used [0x00000000c0000000,0x00000000c105c2a8,0x00000000c4300000)
 Metaspace       used 34271K, committed 35328K, reserved 1114112K
  class space    used 3446K, committed 3904K, reserved 1048576K
}
Event: 6.298 GC heap before
{Heap before GC invocations=14 (full 1):
 PSYoungGen      total 23552K, used 10320K [0x00000000eab00000, 0x00000000ec700000, 0x0000000100000000)
  eden space 22016K, 40% used [0x00000000eab00000,0x00000000eb3b3730,0x00000000ec080000)
  from space 1536K, 91% used [0x00000000ec580000,0x00000000ec6e0990,0x00000000ec700000)
  to   space 1536K, 0% used [0x00000000ec400000,0x00000000ec400000,0x00000000ec580000)
 ParOldGen       total 68608K, used 16752K [0x00000000c0000000, 0x00000000c4300000, 0x00000000eab00000)
  object space 68608K, 24% used [0x00000000c0000000,0x00000000c105c2a8,0x00000000c4300000)
 Metaspace       used 34864K, committed 35840K, reserved 1114112K
  class space    used 3524K, committed 3968K, reserved 1048576K
}
Event: 6.302 GC heap after
{Heap after GC invocations=14 (full 1):
 PSYoungGen      total 23552K, used 1184K [0x00000000eab00000, 0x00000000ec600000, 0x0000000100000000)
  eden space 22016K, 0% used [0x00000000eab00000,0x00000000eab00000,0x00000000ec080000)
  from space 1536K, 77% used [0x00000000ec400000,0x00000000ec528000,0x00000000ec580000)
  to   space 512K, 0% used [0x00000000ec580000,0x00000000ec580000,0x00000000ec600000)
 ParOldGen       total 68608K, used 17779K [0x00000000c0000000, 0x00000000c4300000, 0x00000000eab00000)
  object space 68608K, 25% used [0x00000000c0000000,0x00000000c115cdd0,0x00000000c4300000)
 Metaspace       used 34864K, committed 35840K, reserved 1114112K
  class space    used 3524K, committed 3968K, reserved 1048576K
}
Event: 6.302 GC heap before
{Heap before GC invocations=15 (full 2):
 PSYoungGen      total 23552K, used 1184K [0x00000000eab00000, 0x00000000ec600000, 0x0000000100000000)
  eden space 22016K, 0% used [0x00000000eab00000,0x00000000eab00000,0x00000000ec080000)
  from space 1536K, 77% used [0x00000000ec400000,0x00000000ec528000,0x00000000ec580000)
  to   space 512K, 0% used [0x00000000ec580000,0x00000000ec580000,0x00000000ec600000)
 ParOldGen       total 68608K, used 17779K [0x00000000c0000000, 0x00000000c4300000, 0x00000000eab00000)
  object space 68608K, 25% used [0x00000000c0000000,0x00000000c115cdd0,0x00000000c4300000)
 Metaspace       used 34864K, committed 35840K, reserved 1114112K
  class space    used 3524K, committed 3968K, reserved 1048576K
}
Event: 6.360 GC heap after
{Heap after GC invocations=15 (full 2):
 PSYoungGen      total 23552K, used 0K [0x00000000eab00000, 0x00000000ec600000, 0x0000000100000000)
  eden space 22016K, 0% used [0x00000000eab00000,0x00000000eab00000,0x00000000ec080000)
  from space 1536K, 0% used [0x00000000ec400000,0x00000000ec400000,0x00000000ec580000)
  to   space 512K, 0% used [0x00000000ec580000,0x00000000ec580000,0x00000000ec600000)
 ParOldGen       total 68608K, used 18272K [0x00000000c0000000, 0x00000000c4300000, 0x00000000eab00000)
  object space 68608K, 26% used [0x00000000c0000000,0x00000000c11d8280,0x00000000c4300000)
 Metaspace       used 34857K, committed 35840K, reserved 1114112K
  class space    used 3522K, committed 3968K, reserved 1048576K
}
Event: 6.664 GC heap before
{Heap before GC invocations=16 (full 2):
 PSYoungGen      total 23552K, used 22016K [0x00000000eab00000, 0x00000000ec600000, 0x0000000100000000)
  eden space 22016K, 100% used [0x00000000eab00000,0x00000000ec080000,0x00000000ec080000)
  from space 1536K, 0% used [0x00000000ec400000,0x00000000ec400000,0x00000000ec580000)
  to   space 512K, 0% used [0x00000000ec580000,0x00000000ec580000,0x00000000ec600000)
 ParOldGen       total 68608K, used 18272K [0x00000000c0000000, 0x00000000c4300000, 0x00000000eab00000)
  object space 68608K, 26% used [0x00000000c0000000,0x00000000c11d8280,0x00000000c4300000)
 Metaspace       used 36945K, committed 37952K, reserved 1114112K
  class space    used 3787K, committed 4224K, reserved 1048576K
}
Event: 6.667 GC heap after
{Heap after GC invocations=16 (full 2):
 PSYoungGen      total 22528K, used 512K [0x00000000eab00000, 0x00000000ec600000, 0x0000000100000000)
  eden space 22016K, 0% used [0x00000000eab00000,0x00000000eab00000,0x00000000ec080000)
  from space 512K, 100% used [0x00000000ec580000,0x00000000ec600000,0x00000000ec600000)
  to   space 1536K, 0% used [0x00000000ec300000,0x00000000ec300000,0x00000000ec480000)
 ParOldGen       total 68608K, used 18697K [0x00000000c0000000, 0x00000000c4300000, 0x00000000eab00000)
  object space 68608K, 27% used [0x00000000c0000000,0x00000000c1242610,0x00000000c4300000)
 Metaspace       used 36945K, committed 37952K, reserved 1114112K
  class space    used 3787K, committed 4224K, reserved 1048576K
}
Event: 7.097 GC heap before
{Heap before GC invocations=17 (full 2):
 PSYoungGen      total 22528K, used 22528K [0x00000000eab00000, 0x00000000ec600000, 0x0000000100000000)
  eden space 22016K, 100% used [0x00000000eab00000,0x00000000ec080000,0x00000000ec080000)
  from space 512K, 100% used [0x00000000ec580000,0x00000000ec600000,0x00000000ec600000)
  to   space 1536K, 0% used [0x00000000ec300000,0x00000000ec300000,0x00000000ec480000)
 ParOldGen       total 68608K, used 18697K [0x00000000c0000000, 0x00000000c4300000, 0x00000000eab00000)
  object space 68608K, 27% used [0x00000000c0000000,0x00000000c1242610,0x00000000c4300000)
 Metaspace       used 39113K, committed 40064K, reserved 1114112K
  class space    used 4077K, committed 4480K, reserved 1048576K
}
Event: 7.101 GC heap after
{Heap after GC invocations=17 (full 2):
 PSYoungGen      total 23552K, used 1152K [0x00000000eab00000, 0x00000000ec600000, 0x0000000100000000)
  eden space 22016K, 0% used [0x00000000eab00000,0x00000000eab00000,0x00000000ec080000)
  from space 1536K, 75% used [0x00000000ec300000,0x00000000ec420000,0x00000000ec480000)
  to   space 1536K, 0% used [0x00000000ec480000,0x00000000ec480000,0x00000000ec600000)
 ParOldGen       total 68608K, used 19186K [0x00000000c0000000, 0x00000000c4300000, 0x00000000eab00000)
  object space 68608K, 27% used [0x00000000c0000000,0x00000000c12bc9a0,0x00000000c4300000)
 Metaspace       used 39113K, committed 40064K, reserved 1114112K
  class space    used 4077K, committed 4480K, reserved 1048576K
}
Event: 7.666 GC heap before
{Heap before GC invocations=18 (full 2):
 PSYoungGen      total 23552K, used 23168K [0x00000000eab00000, 0x00000000ec600000, 0x0000000100000000)
  eden space 22016K, 100% used [0x00000000eab00000,0x00000000ec080000,0x00000000ec080000)
  from space 1536K, 75% used [0x00000000ec300000,0x00000000ec420000,0x00000000ec480000)
  to   space 1536K, 0% used [0x00000000ec480000,0x00000000ec480000,0x00000000ec600000)
 ParOldGen       total 68608K, used 19186K [0x00000000c0000000, 0x00000000c4300000, 0x00000000eab00000)
  object space 68608K, 27% used [0x00000000c0000000,0x00000000c12bc9a0,0x00000000c4300000)
 Metaspace       used 41688K, committed 42752K, reserved 1114112K
  class space    used 4396K, committed 4864K, reserved 1048576K
}
Event: 7.670 GC heap after
{Heap after GC invocations=18 (full 2):
 PSYoungGen      total 23552K, used 1408K [0x00000000eab00000, 0x00000000ec600000, 0x0000000100000000)
  eden space 22016K, 0% used [0x00000000eab00000,0x00000000eab00000,0x00000000ec080000)
  from space 1536K, 91% used [0x00000000ec480000,0x00000000ec5e0000,0x00000000ec600000)
  to   space 1536K, 0% used [0x00000000ec300000,0x00000000ec300000,0x00000000ec480000)
 ParOldGen       total 68608K, used 20122K [0x00000000c0000000, 0x00000000c4300000, 0x00000000eab00000)
  object space 68608K, 29% used [0x00000000c0000000,0x00000000c13a69a0,0x00000000c4300000)
 Metaspace       used 41688K, committed 42752K, reserved 1114112K
  class space    used 4396K, committed 4864K, reserved 1048576K
}

Dll operation events (10 events):
Event: 0.017 Loaded shared library c:\Users\HP\.vscode\extensions\redhat.java-1.41.1-win32-x64\jre\21.0.6-win32-x86_64\bin\java.dll
Event: 0.097 Loaded shared library c:\Users\HP\.vscode\extensions\redhat.java-1.41.1-win32-x64\jre\21.0.6-win32-x86_64\bin\zip.dll
Event: 0.125 Loaded shared library C:\Users\HP\.vscode\extensions\redhat.java-1.41.1-win32-x64\jre\21.0.6-win32-x86_64\bin\instrument.dll
Event: 0.130 Loaded shared library C:\Users\HP\.vscode\extensions\redhat.java-1.41.1-win32-x64\jre\21.0.6-win32-x86_64\bin\net.dll
Event: 0.132 Loaded shared library C:\Users\HP\.vscode\extensions\redhat.java-1.41.1-win32-x64\jre\21.0.6-win32-x86_64\bin\nio.dll
Event: 0.135 Loaded shared library C:\Users\HP\.vscode\extensions\redhat.java-1.41.1-win32-x64\jre\21.0.6-win32-x86_64\bin\zip.dll
Event: 0.154 Loaded shared library C:\Users\HP\.vscode\extensions\redhat.java-1.41.1-win32-x64\jre\21.0.6-win32-x86_64\bin\jimage.dll
Event: 0.230 Loaded shared library c:\Users\HP\.vscode\extensions\redhat.java-1.41.1-win32-x64\jre\21.0.6-win32-x86_64\bin\verify.dll
Event: 1.311 Loaded shared library C:\Users\HP\AppData\Roaming\Code\User\globalStorage\redhat.java\1.41.1\config_win\org.eclipse.equinox.launcher\org.eclipse.equinox.launcher.win32.win32.x86_64_1.2.1300.v20250331-1702\eclipse_11911.dll
Event: 3.404 Loaded shared library C:\Users\HP\AppData\Local\Temp\jna-2312\jna3036416415480737627.dll

Deoptimization events (20 events):
Event: 8.183 Thread 0x000001b77d65e480 Uncommon trap: trap_request=0xffffffc6 fr.pc=0x000001b72bcdd898 relative=0x0000000000000638
Event: 8.183 Thread 0x000001b77d65e480 Uncommon trap: reason=bimorphic_or_optimized_type_check action=maybe_recompile pc=0x000001b72bcdd898 method=java.util.Comparator.lambda$thenComparing$36697e65$1(Ljava/util/Comparator;Ljava/lang/Object;Ljava/lang/Object;)I @ 3 c2
Event: 8.183 Thread 0x000001b77d65e480 DEOPT PACKING pc=0x000001b72bcdd898 sp=0x00000024326fe8f0
Event: 8.183 Thread 0x000001b77d65e480 DEOPT UNPACKING pc=0x000001b72b6e6da2 sp=0x00000024326fe818 mode 2
Event: 8.183 Thread 0x000001b77d65e480 Uncommon trap: trap_request=0xffffffc6 fr.pc=0x000001b72bcdd898 relative=0x0000000000000638
Event: 8.183 Thread 0x000001b77d65e480 Uncommon trap: reason=bimorphic_or_optimized_type_check action=maybe_recompile pc=0x000001b72bcdd898 method=java.util.Comparator.lambda$thenComparing$36697e65$1(Ljava/util/Comparator;Ljava/lang/Object;Ljava/lang/Object;)I @ 3 c2
Event: 8.183 Thread 0x000001b77d65e480 DEOPT PACKING pc=0x000001b72bcdd898 sp=0x00000024326fe980
Event: 8.183 Thread 0x000001b77d65e480 DEOPT UNPACKING pc=0x000001b72b6e6da2 sp=0x00000024326fe8a8 mode 2
Event: 8.183 Thread 0x000001b77d65e480 Uncommon trap: trap_request=0xffffffc6 fr.pc=0x000001b72bcdd898 relative=0x0000000000000638
Event: 8.183 Thread 0x000001b77d65e480 Uncommon trap: reason=bimorphic_or_optimized_type_check action=maybe_recompile pc=0x000001b72bcdd898 method=java.util.Comparator.lambda$thenComparing$36697e65$1(Ljava/util/Comparator;Ljava/lang/Object;Ljava/lang/Object;)I @ 3 c2
Event: 8.183 Thread 0x000001b77d65e480 DEOPT PACKING pc=0x000001b72bcdd898 sp=0x00000024326fe980
Event: 8.183 Thread 0x000001b77d65e480 DEOPT UNPACKING pc=0x000001b72b6e6da2 sp=0x00000024326fe8a8 mode 2
Event: 8.183 Thread 0x000001b77d65e480 Uncommon trap: trap_request=0xffffffc6 fr.pc=0x000001b72bcdd898 relative=0x0000000000000638
Event: 8.183 Thread 0x000001b77d65e480 Uncommon trap: reason=bimorphic_or_optimized_type_check action=maybe_recompile pc=0x000001b72bcdd898 method=java.util.Comparator.lambda$thenComparing$36697e65$1(Ljava/util/Comparator;Ljava/lang/Object;Ljava/lang/Object;)I @ 3 c2
Event: 8.183 Thread 0x000001b77d65e480 DEOPT PACKING pc=0x000001b72bcdd898 sp=0x00000024326fe980
Event: 8.183 Thread 0x000001b77d65e480 DEOPT UNPACKING pc=0x000001b72b6e6da2 sp=0x00000024326fe8a8 mode 2
Event: 8.220 Thread 0x000001b77d65e480 Uncommon trap: trap_request=0xffffff45 fr.pc=0x000001b72bde10fc relative=0x0000000000001dfc
Event: 8.220 Thread 0x000001b77d65e480 Uncommon trap: reason=unstable_if action=reinterpret pc=0x000001b72bde10fc method=sun.nio.fs.WindowsPathParser.nextNonSlash(Ljava/lang/String;II)I @ 2 c2
Event: 8.220 Thread 0x000001b77d65e480 DEOPT PACKING pc=0x000001b72bde10fc sp=0x00000024326fd860
Event: 8.220 Thread 0x000001b77d65e480 DEOPT UNPACKING pc=0x000001b72b6e6da2 sp=0x00000024326fd7f0 mode 2

Classes loaded (20 events):
Event: 8.163 Loading class sun/security/provider/MD5
Event: 8.163 Loading class sun/security/provider/MD5 done
Event: 8.164 Loading class sun/security/provider/ByteArrayAccess$LE
Event: 8.164 Loading class sun/security/provider/ByteArrayAccess$LE done
Event: 8.172 Loading class java/util/stream/MatchOps$MatchKind
Event: 8.173 Loading class java/util/stream/MatchOps$MatchKind done
Event: 8.173 Loading class java/util/stream/MatchOps
Event: 8.173 Loading class java/util/stream/MatchOps done
Event: 8.173 Loading class java/util/stream/MatchOps$MatchOp
Event: 8.174 Loading class java/util/stream/MatchOps$MatchOp done
Event: 8.174 Loading class java/util/stream/MatchOps$BooleanTerminalSink
Event: 8.174 Loading class java/util/stream/MatchOps$BooleanTerminalSink done
Event: 8.174 Loading class java/util/stream/MatchOps$1MatchSink
Event: 8.174 Loading class java/util/stream/MatchOps$1MatchSink done
Event: 8.237 Loading class sun/nio/fs/WindowsException
Event: 8.237 Loading class sun/nio/fs/WindowsException done
Event: 8.244 Loading class sun/net/www/protocol/https/Handler
Event: 8.244 Loading class sun/net/www/protocol/http/Handler
Event: 8.246 Loading class sun/net/www/protocol/http/Handler done
Event: 8.246 Loading class sun/net/www/protocol/https/Handler done

Classes unloaded (11 events):
Event: 4.147 Thread 0x000001b735301bd0 Unloading class 0x000001b737193c00 'java/lang/invoke/LambdaForm$MH+0x000001b737193c00'
Event: 4.147 Thread 0x000001b735301bd0 Unloading class 0x000001b737193800 'java/lang/invoke/LambdaForm$MH+0x000001b737193800'
Event: 4.147 Thread 0x000001b735301bd0 Unloading class 0x000001b737193400 'java/lang/invoke/LambdaForm$MH+0x000001b737193400'
Event: 4.147 Thread 0x000001b735301bd0 Unloading class 0x000001b737193000 'java/lang/invoke/LambdaForm$MH+0x000001b737193000'
Event: 4.147 Thread 0x000001b735301bd0 Unloading class 0x000001b737192c00 'java/lang/invoke/LambdaForm$BMH+0x000001b737192c00'
Event: 4.147 Thread 0x000001b735301bd0 Unloading class 0x000001b737192800 'java/lang/invoke/LambdaForm$DMH+0x000001b737192800'
Event: 4.147 Thread 0x000001b735301bd0 Unloading class 0x000001b737191400 'java/lang/invoke/LambdaForm$DMH+0x000001b737191400'
Event: 6.313 Thread 0x000001b735301bd0 Unloading class 0x000001b7372dc000 'java/lang/invoke/LambdaForm$MH+0x000001b7372dc000'
Event: 6.313 Thread 0x000001b735301bd0 Unloading class 0x000001b7372db400 'java/lang/invoke/LambdaForm$MH+0x000001b7372db400'
Event: 6.313 Thread 0x000001b735301bd0 Unloading class 0x000001b7372dac00 'java/lang/invoke/LambdaForm$MH+0x000001b7372dac00'
Event: 6.313 Thread 0x000001b735301bd0 Unloading class 0x000001b7372da800 'java/lang/invoke/LambdaForm$DMH+0x000001b7372da800'

Classes redefined (0 events):
No events

Internal exceptions (20 events):
Event: 8.253 Thread 0x000001b77d65e480 Exception <a 'sun/nio/fs/WindowsException'{0x00000000ebd6e300}> (0x00000000ebd6e300) 
thrown [s\src\hotspot\share\prims\jni.cpp, line 520]
Event: 8.253 Thread 0x000001b77d65e480 Exception <a 'sun/nio/fs/WindowsException'{0x00000000ebd6ec00}> (0x00000000ebd6ec00) 
thrown [s\src\hotspot\share\prims\jni.cpp, line 520]
Event: 8.255 Thread 0x000001b77d65e480 Exception <a 'sun/nio/fs/WindowsException'{0x00000000ebd70868}> (0x00000000ebd70868) 
thrown [s\src\hotspot\share\prims\jni.cpp, line 520]
Event: 8.255 Thread 0x000001b77d65e480 Exception <a 'sun/nio/fs/WindowsException'{0x00000000ebd71168}> (0x00000000ebd71168) 
thrown [s\src\hotspot\share\prims\jni.cpp, line 520]
Event: 8.257 Thread 0x000001b77d65e480 Exception <a 'sun/nio/fs/WindowsException'{0x00000000ebd724c8}> (0x00000000ebd724c8) 
thrown [s\src\hotspot\share\prims\jni.cpp, line 520]
Event: 8.258 Thread 0x000001b77d65e480 Exception <a 'sun/nio/fs/WindowsException'{0x00000000ebd72b78}> (0x00000000ebd72b78) 
thrown [s\src\hotspot\share\prims\jni.cpp, line 520]
Event: 8.259 Thread 0x000001b77d65e480 Exception <a 'sun/nio/fs/WindowsException'{0x00000000ebd73638}> (0x00000000ebd73638) 
thrown [s\src\hotspot\share\prims\jni.cpp, line 520]
Event: 8.259 Thread 0x000001b77d65e480 Exception <a 'sun/nio/fs/WindowsException'{0x00000000ebd73f98}> (0x00000000ebd73f98) 
thrown [s\src\hotspot\share\prims\jni.cpp, line 520]
Event: 8.259 Thread 0x000001b77d65e480 Exception <a 'sun/nio/fs/WindowsException'{0x00000000ebd74fb8}> (0x00000000ebd74fb8) 
thrown [s\src\hotspot\share\prims\jni.cpp, line 520]
Event: 8.259 Thread 0x000001b77d65e480 Exception <a 'sun/nio/fs/WindowsException'{0x00000000ebd75918}> (0x00000000ebd75918) 
thrown [s\src\hotspot\share\prims\jni.cpp, line 520]
Event: 8.260 Thread 0x000001b77d65e480 Exception <a 'sun/nio/fs/WindowsException'{0x00000000ebd77280}> (0x00000000ebd77280) 
thrown [s\src\hotspot\share\prims\jni.cpp, line 520]
Event: 8.260 Thread 0x000001b77d65e480 Exception <a 'sun/nio/fs/WindowsException'{0x00000000ebd77e30}> (0x00000000ebd77e30) 
thrown [s\src\hotspot\share\prims\jni.cpp, line 520]
Event: 8.263 Thread 0x000001b77d65e480 Exception <a 'sun/nio/fs/WindowsException'{0x00000000ebd79148}> (0x00000000ebd79148) 
thrown [s\src\hotspot\share\prims\jni.cpp, line 520]
Event: 8.264 Thread 0x000001b77d65e480 Exception <a 'sun/nio/fs/WindowsException'{0x00000000ebd79778}> (0x00000000ebd79778) 
thrown [s\src\hotspot\share\prims\jni.cpp, line 520]
Event: 8.264 Thread 0x000001b77d65e480 Exception <a 'sun/nio/fs/WindowsException'{0x00000000ebd7a098}> (0x00000000ebd7a098) 
thrown [s\src\hotspot\share\prims\jni.cpp, line 520]
Event: 8.264 Thread 0x000001b77d65e480 Exception <a 'sun/nio/fs/WindowsException'{0x00000000ebd7a978}> (0x00000000ebd7a978) 
thrown [s\src\hotspot\share\prims\jni.cpp, line 520]
Event: 8.265 Thread 0x000001b77d65e480 Exception <a 'sun/nio/fs/WindowsException'{0x00000000ebd7b7f8}> (0x00000000ebd7b7f8) 
thrown [s\src\hotspot\share\prims\jni.cpp, line 520]
Event: 8.265 Thread 0x000001b77d65e480 Exception <a 'sun/nio/fs/WindowsException'{0x00000000ebd7c0d8}> (0x00000000ebd7c0d8) 
thrown [s\src\hotspot\share\prims\jni.cpp, line 520]
Event: 8.267 Thread 0x000001b77d65e480 Exception <a 'sun/nio/fs/WindowsException'{0x00000000ebd7d8a8}> (0x00000000ebd7d8a8) 
thrown [s\src\hotspot\share\prims\jni.cpp, line 520]
Event: 8.267 Thread 0x000001b77d65e480 Exception <a 'sun/nio/fs/WindowsException'{0x00000000ebd7e188}> (0x00000000ebd7e188) 
thrown [s\src\hotspot\share\prims\jni.cpp, line 520]

ZGC Phase Switch (0 events):
No events

VM Operations (20 events):
Event: 6.664 Executing VM operation: ParallelGCFailedAllocation (Allocation Failure)
Event: 6.667 Executing VM operation: ParallelGCFailedAllocation (Allocation Failure) done
Event: 6.893 Executing VM operation: HandshakeAllThreads (Deoptimize)
Event: 6.893 Executing VM operation: HandshakeAllThreads (Deoptimize) done
Event: 6.965 Executing VM operation: HandshakeAllThreads (Deoptimize)
Event: 6.965 Executing VM operation: HandshakeAllThreads (Deoptimize) done
Event: 7.097 Executing VM operation: ParallelGCFailedAllocation (Allocation Failure)
Event: 7.101 Executing VM operation: ParallelGCFailedAllocation (Allocation Failure) done
Event: 7.539 Executing VM operation: HandshakeAllThreads (Deoptimize)
Event: 7.539 Executing VM operation: HandshakeAllThreads (Deoptimize) done
Event: 7.609 Executing VM operation: ICBufferFull
Event: 7.609 Executing VM operation: ICBufferFull done
Event: 7.666 Executing VM operation: ParallelGCFailedAllocation (Allocation Failure)
Event: 7.670 Executing VM operation: ParallelGCFailedAllocation (Allocation Failure) done
Event: 7.993 Executing VM operation: HandshakeAllThreads (Deoptimize)
Event: 7.993 Executing VM operation: HandshakeAllThreads (Deoptimize) done
Event: 7.994 Executing VM operation: HandshakeAllThreads (Deoptimize)
Event: 7.994 Executing VM operation: HandshakeAllThreads (Deoptimize) done
Event: 8.114 Executing VM operation: ICBufferFull
Event: 8.114 Executing VM operation: ICBufferFull done

Memory protections (0 events):
No events

Nmethod flushes (20 events):
Event: 6.329 Thread 0x000001b735301bd0 flushing  nmethod 0x000001b7247c7910
Event: 6.329 Thread 0x000001b735301bd0 flushing  nmethod 0x000001b7247c8610
Event: 6.329 Thread 0x000001b735301bd0 flushing  nmethod 0x000001b7247c8d90
Event: 6.329 Thread 0x000001b735301bd0 flushing  nmethod 0x000001b7247ca310
Event: 6.329 Thread 0x000001b735301bd0 flushing  nmethod 0x000001b7247ca710
Event: 6.329 Thread 0x000001b735301bd0 flushing  nmethod 0x000001b7247cac10
Event: 6.329 Thread 0x000001b735301bd0 flushing  nmethod 0x000001b7247cbd10
Event: 6.329 Thread 0x000001b735301bd0 flushing  nmethod 0x000001b7247cc190
Event: 6.329 Thread 0x000001b735301bd0 flushing  nmethod 0x000001b7247cda90
Event: 6.329 Thread 0x000001b735301bd0 flushing  nmethod 0x000001b7247d7e90
Event: 6.329 Thread 0x000001b735301bd0 flushing  nmethod 0x000001b7247eaf90
Event: 6.329 Thread 0x000001b735301bd0 flushing  nmethod 0x000001b7247faf90
Event: 6.329 Thread 0x000001b735301bd0 flushing  nmethod 0x000001b7247fbc90
Event: 6.329 Thread 0x000001b735301bd0 flushing  nmethod 0x000001b72480d310
Event: 6.329 Thread 0x000001b735301bd0 flushing  nmethod 0x000001b724828a90
Event: 6.329 Thread 0x000001b735301bd0 flushing  nmethod 0x000001b72484aa10
Event: 6.329 Thread 0x000001b735301bd0 flushing  nmethod 0x000001b72484c010
Event: 6.329 Thread 0x000001b735301bd0 flushing  nmethod 0x000001b724877b90
Event: 6.329 Thread 0x000001b735301bd0 flushing  nmethod 0x000001b724892410
Event: 6.329 Thread 0x000001b735301bd0 flushing  nmethod 0x000001b7248be510

Events (20 events):
Event: 3.435 Thread 0x000001b77ccfbf30 Thread added: 0x000001b77d65eb10
Event: 3.485 Thread 0x000001b77ccfbf30 Thread added: 0x000001b77d65c3b0
Event: 3.506 Thread 0x000001b77ccfbf30 Thread added: 0x000001b77d65d0d0
Event: 5.045 Thread 0x000001b77ccfbf30 Thread added: 0x000001b77d65d760
Event: 5.137 Thread 0x000001b77d65d0d0 Thread added: 0x000001b77d65e480
Event: 5.255 Thread 0x000001b77d65e480 Thread added: 0x000001b77d65ca40
Event: 5.871 Thread 0x000001b77d65ca40 Thread added: 0x000001b700a01f30
Event: 6.014 Thread 0x000001b700a01f30 Thread added: 0x000001b700a00b80
Event: 6.115 Thread 0x000001b720f6dc80 Thread added: 0x000001b700a01210
Event: 6.116 Thread 0x000001b720f6dc80 Thread added: 0x000001b700a02c50
Event: 6.117 Thread 0x000001b720f6dc80 Thread added: 0x000001b7009ff7d0
Event: 6.117 Thread 0x000001b720f6dc80 Thread added: 0x000001b700a032e0
Event: 6.118 Thread 0x000001b720f6dc80 Thread added: 0x000001b700a018a0
Event: 6.119 Thread 0x000001b720f6dc80 Thread added: 0x000001b7009ffe60
Event: 6.119 Thread 0x000001b720f6dc80 Thread added: 0x000001b700a03970
Event: 6.120 Thread 0x000001b720f6dc80 Thread added: 0x000001b700a025c0
Event: 6.120 Thread 0x000001b720f6dc80 Thread added: 0x000001b700a004f0
Event: 6.172 Thread 0x000001b720f6dc80 Thread added: 0x000001b700a04d20
Event: 6.595 Thread 0x000001b720f6dc80 Thread added: 0x000001b700a04000
Event: 6.595 Thread 0x000001b720f6dc80 Thread added: 0x000001b700a04690


Dynamic libraries:
0x00007ff6c2100000 - 0x00007ff6c210e000 	c:\Users\HP\.vscode\extensions\redhat.java-1.41.1-win32-x64\jre\21.0.6-win32-x86_64\bin\java.exe
0x00007ffa64560000 - 0x00007ffa647c0000 	C:\WINDOWS\SYSTEM32\ntdll.dll
0x00007ffa63280000 - 0x00007ffa63347000 	C:\WINDOWS\System32\KERNEL32.DLL
0x00007ffa61890000 - 0x00007ffa61c5a000 	C:\WINDOWS\System32\KERNELBASE.dll
0x00007ffa61740000 - 0x00007ffa6188b000 	C:\WINDOWS\System32\ucrtbase.dll
0x00007ffa59850000 - 0x00007ffa59868000 	c:\Users\HP\.vscode\extensions\redhat.java-1.41.1-win32-x64\jre\21.0.6-win32-x86_64\bin\jli.dll
0x00007ffa58d80000 - 0x00007ffa58d9e000 	c:\Users\HP\.vscode\extensions\redhat.java-1.41.1-win32-x64\jre\21.0.6-win32-x86_64\bin\VCRUNTIME140.dll
0x00007ffa63410000 - 0x00007ffa635dc000 	C:\WINDOWS\System32\USER32.dll
0x00007ffa464e0000 - 0x00007ffa46777000 	C:\WINDOWS\WinSxS\amd64_microsoft.windows.common-controls_6595b64144ccf1df_6.0.26100.3624_none_3e086962e3345f24\COMCTL32.dll
0x00007ffa61c60000 - 0x00007ffa61c87000 	C:\WINDOWS\System32\win32u.dll
0x00007ffa63790000 - 0x00007ffa63839000 	C:\WINDOWS\System32\msvcrt.dll
0x00007ffa633e0000 - 0x00007ffa6340a000 	C:\WINDOWS\System32\GDI32.dll
0x00007ffa620a0000 - 0x00007ffa621d1000 	C:\WINDOWS\System32\gdi32full.dll
0x00007ffa61c90000 - 0x00007ffa61d33000 	C:\WINDOWS\System32\msvcp_win.dll
0x00007ffa63a60000 - 0x00007ffa63a8f000 	C:\WINDOWS\System32\IMM32.DLL
0x00007ffa5dc20000 - 0x00007ffa5dc2c000 	c:\Users\HP\.vscode\extensions\redhat.java-1.41.1-win32-x64\jre\21.0.6-win32-x86_64\bin\vcruntime140_1.dll
0x00007ffa40a90000 - 0x00007ffa40b1d000 	c:\Users\HP\.vscode\extensions\redhat.java-1.41.1-win32-x64\jre\21.0.6-win32-x86_64\bin\msvcp140.dll
0x00007ff9e3740000 - 0x00007ff9e44d0000 	c:\Users\HP\.vscode\extensions\redhat.java-1.41.1-win32-x64\jre\21.0.6-win32-x86_64\bin\server\jvm.dll
0x00007ffa639a0000 - 0x00007ffa63a52000 	C:\WINDOWS\System32\ADVAPI32.dll
0x00007ffa623c0000 - 0x00007ffa62466000 	C:\WINDOWS\System32\sechost.dll
0x00007ffa63670000 - 0x00007ffa63786000 	C:\WINDOWS\System32\RPCRT4.dll
0x00007ffa63350000 - 0x00007ffa633c4000 	C:\WINDOWS\System32\WS2_32.dll
0x00007ffa60e80000 - 0x00007ffa60ede000 	C:\WINDOWS\SYSTEM32\POWRPROF.dll
0x00007ffa4d020000 - 0x00007ffa4d02b000 	C:\WINDOWS\SYSTEM32\VERSION.dll
0x00007ffa43d30000 - 0x00007ffa43d66000 	C:\WINDOWS\SYSTEM32\WINMM.dll
0x00007ffa60e30000 - 0x00007ffa60e44000 	C:\WINDOWS\SYSTEM32\UMPDC.dll
0x00007ffa60550000 - 0x00007ffa6056a000 	C:\WINDOWS\SYSTEM32\kernel.appcore.dll
0x00007ffa5dc00000 - 0x00007ffa5dc0a000 	c:\Users\HP\.vscode\extensions\redhat.java-1.41.1-win32-x64\jre\21.0.6-win32-x86_64\bin\jimage.dll
0x00007ffa5eeb0000 - 0x00007ffa5f0f1000 	C:\WINDOWS\SYSTEM32\DBGHELP.DLL
0x00007ffa64030000 - 0x00007ffa643b2000 	C:\WINDOWS\System32\combase.dll
0x00007ffa638c0000 - 0x00007ffa63996000 	C:\WINDOWS\System32\OLEAUT32.dll
0x00007ffa3db70000 - 0x00007ffa3dba9000 	C:\WINDOWS\SYSTEM32\dbgcore.DLL
0x00007ffa61e90000 - 0x00007ffa61f29000 	C:\WINDOWS\System32\bcryptPrimitives.dll
0x00007ffa5da30000 - 0x00007ffa5da3f000 	c:\Users\HP\.vscode\extensions\redhat.java-1.41.1-win32-x64\jre\21.0.6-win32-x86_64\bin\instrument.dll
0x00007ffa52f90000 - 0x00007ffa52faf000 	c:\Users\HP\.vscode\extensions\redhat.java-1.41.1-win32-x64\jre\21.0.6-win32-x86_64\bin\java.dll
0x00007ffa62830000 - 0x00007ffa62f59000 	C:\WINDOWS\System32\SHELL32.dll
0x00007ffa61f30000 - 0x00007ffa62098000 	C:\WINDOWS\System32\wintypes.dll
0x00007ffa5f400000 - 0x00007ffa5fc52000 	C:\WINDOWS\SYSTEM32\windows.storage.dll
0x00007ffa63ab0000 - 0x00007ffa63b9d000 	C:\WINDOWS\System32\SHCORE.dll
0x00007ffa627c0000 - 0x00007ffa62824000 	C:\WINDOWS\System32\shlwapi.dll
0x00007ffa61650000 - 0x00007ffa6167f000 	C:\WINDOWS\SYSTEM32\profapi.dll
0x00007ffa52f70000 - 0x00007ffa52f88000 	c:\Users\HP\.vscode\extensions\redhat.java-1.41.1-win32-x64\jre\21.0.6-win32-x86_64\bin\zip.dll
0x00007ffa5c300000 - 0x00007ffa5c310000 	C:\Users\HP\.vscode\extensions\redhat.java-1.41.1-win32-x64\jre\21.0.6-win32-x86_64\bin\net.dll
0x00007ffa57e60000 - 0x00007ffa57f7d000 	C:\WINDOWS\SYSTEM32\WINHTTP.dll
0x00007ffa60a70000 - 0x00007ffa60ada000 	C:\WINDOWS\system32\mswsock.dll
0x00007ffa52f50000 - 0x00007ffa52f66000 	C:\Users\HP\.vscode\extensions\redhat.java-1.41.1-win32-x64\jre\21.0.6-win32-x86_64\bin\nio.dll
0x00007ffa5b300000 - 0x00007ffa5b310000 	c:\Users\HP\.vscode\extensions\redhat.java-1.41.1-win32-x64\jre\21.0.6-win32-x86_64\bin\verify.dll
0x00007ffa44d20000 - 0x00007ffa44d65000 	C:\Users\HP\AppData\Roaming\Code\User\globalStorage\redhat.java\1.41.1\config_win\org.eclipse.equinox.launcher\org.eclipse.equinox.launcher.win32.win32.x86_64_1.2.1300.v20250331-1702\eclipse_11911.dll
0x00007ffa62f80000 - 0x00007ffa63116000 	C:\WINDOWS\System32\ole32.dll
0x00007ffa60da0000 - 0x00007ffa60dbc000 	C:\WINDOWS\SYSTEM32\CRYPTSP.dll
0x00007ffa604b0000 - 0x00007ffa604ea000 	C:\WINDOWS\system32\rsaenh.dll
0x00007ffa60b80000 - 0x00007ffa60bab000 	C:\WINDOWS\SYSTEM32\USERENV.dll
0x00007ffa61620000 - 0x00007ffa61646000 	C:\WINDOWS\SYSTEM32\bcrypt.dll
0x00007ffa60dc0000 - 0x00007ffa60dcc000 	C:\WINDOWS\SYSTEM32\CRYPTBASE.dll
0x00007ffa5ff60000 - 0x00007ffa5ff93000 	C:\WINDOWS\SYSTEM32\IPHLPAPI.DLL
0x00007ffa643c0000 - 0x00007ffa643ca000 	C:\WINDOWS\System32\NSI.dll
0x00007ffa40a40000 - 0x00007ffa40a89000 	C:\Users\HP\AppData\Local\Temp\jna-2312\jna3036416415480737627.dll
0x00007ffa62650000 - 0x00007ffa62658000 	C:\WINDOWS\System32\PSAPI.DLL
0x00007ffa58650000 - 0x00007ffa5866f000 	C:\WINDOWS\SYSTEM32\dhcpcsvc6.DLL
0x00007ffa585f0000 - 0x00007ffa58615000 	C:\WINDOWS\SYSTEM32\dhcpcsvc.DLL

dbghelp: loaded successfully - version: 4.0.5 - missing functions: none
symbol engine: initialized successfully - sym options: 0x614 - pdb path: .;c:\Users\HP\.vscode\extensions\redhat.java-1.41.1-win32-x64\jre\21.0.6-win32-x86_64\bin;C:\WINDOWS\SYSTEM32;C:\WINDOWS\WinSxS\amd64_microsoft.windows.common-controls_6595b64144ccf1df_6.0.26100.3624_none_3e086962e3345f24;c:\Users\HP\.vscode\extensions\redhat.java-1.41.1-win32-x64\jre\21.0.6-win32-x86_64\bin\server;C:\Users\HP\AppData\Roaming\Code\User\globalStorage\redhat.java\1.41.1\config_win\org.eclipse.equinox.launcher\org.eclipse.equinox.launcher.win32.win32.x86_64_1.2.1300.v20250331-1702;C:\Users\HP\AppData\Local\Temp\jna-2312

VM Arguments:
jvm_args: --add-modules=ALL-SYSTEM --add-opens=java.base/java.util=ALL-UNNAMED --add-opens=java.base/java.lang=ALL-UNNAMED --add-opens=java.base/sun.nio.fs=ALL-UNNAMED -Declipse.application=org.eclipse.jdt.ls.core.id1 -Dosgi.bundles.defaultStartLevel=4 -Declipse.product=org.eclipse.jdt.ls.core.product -Djava.import.generatesMetadataFilesAtProjectRoot=false -DDetectVMInstallationsJob.disabled=true -Dfile.encoding=utf8 -XX:+UseParallelGC -XX:GCTimeRatio=4 -XX:AdaptiveSizePolicyWeight=90 -Dsun.zip.disableMemoryMapping=true -Xmx1G -Xms100m -Xlog:disable -javaagent:c:\Users\HP\.vscode\extensions\redhat.java-1.41.1-win32-x64\lombok\lombok-1.18.36.jar -XX:+HeapDumpOnOutOfMemoryError -XX:HeapDumpPath=c:\Users\HP\AppData\Roaming\Code\User\workspaceStorage\1476b97a88a3090cec9b279cd88308c8\redhat.java -Daether.dependencyCollector.impl=bf 
java_command: c:\Users\HP\.vscode\extensions\redhat.java-1.41.1-win32-x64\server\plugins\org.eclipse.equinox.launcher_1.7.0.v20250331-1702.jar -configuration c:\Users\HP\AppData\Roaming\Code\User\globalStorage\redhat.java\1.41.1\config_win -data c:\Users\HP\AppData\Roaming\Code\User\workspaceStorage\1476b97a88a3090cec9b279cd88308c8\redhat.java\jdt_ws --pipe=\\.\pipe\lsp-982b54a20e80137a95b8891146a405d0-sock
java_class_path (initial): c:\Users\HP\.vscode\extensions\redhat.java-1.41.1-win32-x64\server\plugins\org.eclipse.equinox.launcher_1.7.0.v20250331-1702.jar
Launcher Type: SUN_STANDARD

[Global flags]
    uintx AdaptiveSizePolicyWeight                 = 90                                        {product} {command line}
     intx CICompilerCount                          = 4                                         {product} {ergonomic}
    uintx GCTimeRatio                              = 4                                         {product} {command line}
     bool HeapDumpOnOutOfMemoryError               = true                                   {manageable} {command line}
    ccstr HeapDumpPath                             = c:\Users\HP\AppData\Roaming\Code\User\workspaceStorage\1476b97a88a3090cec9b279cd88308c8\redhat.java         {manageable} {command line}
   size_t InitialHeapSize                          = 104857600                                 {product} {command line}
   size_t MaxHeapSize                              = 1073741824                                {product} {command line}
   size_t MaxNewSize                               = 357564416                                 {product} {ergonomic}
   size_t MinHeapDeltaBytes                        = 524288                                    {product} {ergonomic}
   size_t MinHeapSize                              = 104857600                                 {product} {command line}
   size_t NewSize                                  = 34603008                                  {product} {ergonomic}
    uintx NonNMethodCodeHeapSize                   = 5839372                                {pd product} {ergonomic}
    uintx NonProfiledCodeHeapSize                  = 122909434                              {pd product} {ergonomic}
   size_t OldSize                                  = 70254592                                  {product} {ergonomic}
    uintx ProfiledCodeHeapSize                     = 122909434                              {pd product} {ergonomic}
    uintx ReservedCodeCacheSize                    = 251658240                              {pd product} {ergonomic}
     bool SegmentedCodeCache                       = true                                      {product} {ergonomic}
   size_t SoftMaxHeapSize                          = 1073741824                             {manageable} {ergonomic}
     bool UseCompressedOops                        = true                           {product lp64_product} {ergonomic}
     bool UseLargePagesIndividualAllocation        = false                                  {pd product} {ergonomic}
     bool UseParallelGC                            = true                                      {product} {command line}

Logging:
Log output configuration:
 #0: stdout all=off uptime,level,tags foldmultilines=false
 #1: stderr all=off uptime,level,tags foldmultilines=false

Environment Variables:
JAVA_HOME=C:\Program Files\Android\Android Studio\jbr
PATH=C:\Program Files\Zulu\zulu-21\bin\;C:\Program Files\Common Files\Oracle\Java\javapath;C:\WINDOWS\system32;C:\WINDOWS;C:\WINDOWS\System32\Wbem;C:\WINDOWS\System32\WindowsPowerShell\v1.0\;C:\WINDOWS\System32\OpenSSH\;C:\Program Files\PuTTY\;C:\Program Files\dotnet\;C:\Program Files\Java\jdk-20\bin;C:\Program Files\CodeBlocks\MinGW\bin;C:\gradle\gradle-8.10.1\bin;C:\Users\HP\.jdks\corretto-19.0.2\bin;C:\Program Files\nodejs\;C:\Users\HP\AppData\Local\Programs\Python\Python312;C:\Program Files\Git\cmd;C:\Program Files\Zulu\zulu-21\bin\;C:\Program Files\Common Files\Oracle\Java\javapath;C:\WINDOWS\system32;C:\WINDOWS;C:\WINDOWS\System32\Wbem;C:\WINDOWS\System32\WindowsPowerShell\v1.0\;C:\WINDOWS\System32\OpenSSH\;C:\Program Files\PuTTY\;C:\Program Files\dotnet\;C:\Program Files\Java\jdk-20\bin;C:\Program Files\CodeBlocks\MinGW\bin;C:\gradle\gradle-8.10.1\bin;C:\Users\HP\.jdks\corretto-19.0.2\bin;C:\Program Files\Git\cmd;C:\Program Files\nodejs\;C:\Users\HP\AppData\Local\Programs\Python\Python312;C:\Users\HP\AppData\Local\Programs\Python\Python312\Scripts\;C:\Users\HP\AppData\Local\Programs\Python\Python312\;C:\Users\HP\AppData\Local\Programs\Python\Launcher\;C:\Users\HP\AppData\Local\Microsoft\WindowsApps;C:\Users\HP\AppData\Local\Programs\Microsoft VS Code\bin;C:\Program Files\JetBrains\IntelliJ IDEA Community Edition 2024.2.1\bin;C:\Users\HP\.jdks\corretto-19.0.2\bin;C:\Users\HP\AppData\Roaming\npm;C:\flutter\bin;C:\Users\HP\AppData\Local\Android\Sdk;C:\Users\HP\AppData\Local\Android\Sdk\cmdline-tools\la;C:\Users\HP\AppData\Local\Pub\Cache\bin;C:\Users\HP\AppData\Local\GitHubDesktop\bin
USERNAME=HP
OS=Windows_NT
PROCESSOR_IDENTIFIER=Intel64 Family 6 Model 126 Stepping 5, GenuineIntel
TMP=C:\Users\HP\AppData\Local\Temp
TEMP=C:\Users\HP\AppData\Local\Temp




Periodic native trim disabled

---------------  S Y S T E M  ---------------

OS:
 Windows 11 , 64 bit Build 26100 (10.0.26100.3775)
OS uptime: 0 days 5:40 hours
Hyper-V role detected

CPU: total 8 (initial active 8) (4 cores per cpu, 2 threads per core) family 6 model 126 stepping 5 microcode 0xa0, cx8, cmov, fxsr, ht, mmx, 3dnowpref, sse, sse2, sse3, ssse3, sse4.1, sse4.2, popcnt, lzcnt, tsc, tscinvbit, avx, avx2, aes, erms, clmul, bmi1, bmi2, adx, avx512f, avx512dq, avx512cd, avx512bw, avx512vl, sha, fma, vzeroupper, avx512_vpopcntdq, avx512_vpclmulqdq, avx512_vaes, avx512_vnni, clflush, clflushopt, avx512_vbmi2, avx512_vbmi, hv, rdtscp, rdpid, fsrm, gfni, avx512_bitalg, f16c, avx512_ifma
Processor Information for the first 8 processors :
  Max Mhz: 1190, Current Mhz: 991, Mhz Limit: 987

Memory: 4k page, system-wide physical 3784M (227M free)
TotalPageFile size 12294M (AvailPageFile size 6M)
current process WorkingSet (physical memory assigned to process): 220M, peak: 222M
current process commit charge ("private bytes"): 307M, peak: 309M

vm_info: OpenJDK 64-Bit Server VM (21.0.6+7-LTS) for windows-amd64 JRE (21.0.6+7-LTS), built on 2025-01-21T00:00:00Z by "admin" with MS VC++ 17.7 (VS2022)

END.
