#
# There is insufficient memory for the Java Runtime Environment to continue.
# Native memory allocation (malloc) failed to allocate 1665856 bytes. Error detail: Chunk::new
# Possible reasons:
#   The system is out of physical RAM or swap space
#   This process is running with CompressedOops enabled, and the Java Heap may be blocking the growth of the native heap
# Possible solutions:
#   Reduce memory load on the system
#   Increase physical memory or swap space
#   Check if swap backing store is full
#   Decrease Java heap size (-Xmx/-Xms)
#   Decrease number of Java threads
#   Decrease Java thread stack sizes (-Xss)
#   Set larger code cache with -XX:ReservedCodeCacheSize=
#   JVM is running with Unscaled Compressed Oops mode in which the Java heap is
#     placed in the first 4GB address space. The Java Heap base address is the
#     maximum limit for the native heap growth. Please use -XX:HeapBaseMinAddress
#     to set the Java Heap base and to place the Java Heap above 4GB virtual address.
# This output file may be truncated or incomplete.
#
#  Out of Memory Error (arena.cpp:168), pid=8860, tid=14908
#
# JRE version: OpenJDK Runtime Environment Temurin-21.0.6+7 (21.0.6+7) (build 21.0.6+7-LTS)
# Java VM: OpenJDK 64-Bit Server VM Temurin-21.0.6+7 (21.0.6+7-LTS, mixed mode, sharing, tiered, compressed oops, compressed class ptrs, parallel gc, windows-amd64)
# No core dump will be written. Minidumps are not enabled by default on client versions of Windows
#

---------------  S U M M A R Y ------------

Command Line: --add-modules=ALL-SYSTEM --add-opens=java.base/java.util=ALL-UNNAMED --add-opens=java.base/java.lang=ALL-UNNAMED --add-opens=java.base/sun.nio.fs=ALL-UNNAMED -Declipse.application=org.eclipse.jdt.ls.core.id1 -Dosgi.bundles.defaultStartLevel=4 -Declipse.product=org.eclipse.jdt.ls.core.product -Djava.import.generatesMetadataFilesAtProjectRoot=false -DDetectVMInstallationsJob.disabled=true -Dfile.encoding=utf8 -XX:+UseParallelGC -XX:GCTimeRatio=4 -XX:AdaptiveSizePolicyWeight=90 -Dsun.zip.disableMemoryMapping=true -Xmx1G -Xms100m -Xlog:disable -javaagent:c:\Users\HP\.vscode\extensions\redhat.java-1.41.1-win32-x64\lombok\lombok-1.18.36.jar -XX:+HeapDumpOnOutOfMemoryError -XX:HeapDumpPath=c:\Users\HP\AppData\Roaming\Code\User\workspaceStorage\1476b97a88a3090cec9b279cd88308c8\redhat.java -Daether.dependencyCollector.impl=bf c:\Users\HP\.vscode\extensions\redhat.java-1.41.1-win32-x64\server\plugins\org.eclipse.equinox.launcher_1.7.0.v20250331-1702.jar -configuration c:\Users\HP\AppData\Roaming\Code\User\globalStorage\redhat.java\1.41.1\config_win -data c:\Users\HP\AppData\Roaming\Code\User\workspaceStorage\1476b97a88a3090cec9b279cd88308c8\redhat.java\jdt_ws --pipe=\\.\pipe\lsp-cbaae2512f208d8c7d0c34152c0d4530-sock

Host: Intel(R) Core(TM) i5-1035G1 CPU @ 1.00GHz, 8 cores, 3G,  Windows 11 , 64 bit Build 26100 (10.0.26100.3775)
Time: Sun May 11 00:26:04 2025 SE Asia Standard Time elapsed time: 19.335951 seconds (0d 0h 0m 19s)

---------------  T H R E A D  ---------------

Current thread (0x0000013cffcf9ac0):  JavaThread "C2 CompilerThread1" daemon [_thread_in_native, id=14908, stack(0x00000012ff800000,0x00000012ff900000) (1024K)]


Current CompileTask:
C2:19336 4201   !   4       org.eclipse.osgi.internal.loader.classpath.ClasspathManager::findClassImpl (343 bytes)

Stack: [0x00000012ff800000,0x00000012ff900000]
Native frames: (J=compiled Java code, j=interpreted, Vv=VM code, C=native code)
V  [jvm.dll+0x6cdee9]
V  [jvm.dll+0x8a83d1]
V  [jvm.dll+0x8aa8fe]
V  [jvm.dll+0x8aafe3]
V  [jvm.dll+0x27f706]
V  [jvm.dll+0xc500d]
V  [jvm.dll+0xc5543]
V  [jvm.dll+0x3b678c]
V  [jvm.dll+0x1dfe13]
V  [jvm.dll+0x247b42]
V  [jvm.dll+0x246fcf]
V  [jvm.dll+0x1c75ee]
V  [jvm.dll+0x25685a]
V  [jvm.dll+0x254dfa]
V  [jvm.dll+0x3f0256]
V  [jvm.dll+0x851f8b]
V  [jvm.dll+0x6cc5ed]
C  [ucrtbase.dll+0x37b0]
C  [KERNEL32.DLL+0x2e8d7]
C  [ntdll.dll+0xb14fc]


---------------  P R O C E S S  ---------------

Threads class SMR info:
_java_thread_list=0x0000013c88094990, length=38, elements={
0x0000013ca8cffd60, 0x0000013cfe1c08d0, 0x0000013cfe1c2600, 0x0000013cfe1c86b0,
0x0000013cfe1c8f10, 0x0000013cfe1cd620, 0x0000013cfe1d0450, 0x0000013cfe1dab10,
0x0000013cfe1db1b0, 0x0000013cffafb360, 0x0000013cffdb2f20, 0x0000013c840b97a0,
0x0000013c8490d930, 0x0000013c84902ad0, 0x0000013c8439b3a0, 0x0000013c85164330,
0x0000013c850ce680, 0x0000013c84d37790, 0x0000013c84d384b0, 0x0000013c84d37100,
0x0000013c84d363e0, 0x0000013cffcf9ac0, 0x0000013cffcfa160, 0x0000013c84d37e20,
0x0000013c84d38b40, 0x0000013c84d391d0, 0x0000013c84d36a70, 0x0000013c8685feb0,
0x0000013c8685eb00, 0x0000013c86860540, 0x0000013c86861f80, 0x0000013c8685f820,
0x0000013c86860bd0, 0x0000013c86862610, 0x0000013c86861260, 0x0000013c868618f0,
0x0000013c8685f190, 0x0000013c86864d70
}

Java Threads: ( => current thread )
  0x0000013ca8cffd60 JavaThread "main"                              [_thread_blocked, id=4004, stack(0x00000012fd800000,0x00000012fd900000) (1024K)]
  0x0000013cfe1c08d0 JavaThread "Reference Handler"          daemon [_thread_blocked, id=2528, stack(0x00000012fdc00000,0x00000012fdd00000) (1024K)]
  0x0000013cfe1c2600 JavaThread "Finalizer"                  daemon [_thread_blocked, id=12168, stack(0x00000012fdd00000,0x00000012fde00000) (1024K)]
  0x0000013cfe1c86b0 JavaThread "Signal Dispatcher"          daemon [_thread_blocked, id=13468, stack(0x00000012fde00000,0x00000012fdf00000) (1024K)]
  0x0000013cfe1c8f10 JavaThread "Attach Listener"            daemon [_thread_blocked, id=10336, stack(0x00000012fdf00000,0x00000012fe000000) (1024K)]
  0x0000013cfe1cd620 JavaThread "Service Thread"             daemon [_thread_blocked, id=10992, stack(0x00000012fe000000,0x00000012fe100000) (1024K)]
  0x0000013cfe1d0450 JavaThread "Monitor Deflation Thread"   daemon [_thread_blocked, id=11376, stack(0x00000012fe100000,0x00000012fe200000) (1024K)]
  0x0000013cfe1dab10 JavaThread "C2 CompilerThread0"         daemon [_thread_blocked, id=15276, stack(0x00000012fe200000,0x00000012fe300000) (1024K)]
  0x0000013cfe1db1b0 JavaThread "C1 CompilerThread0"         daemon [_thread_blocked, id=11996, stack(0x00000012fe300000,0x00000012fe400000) (1024K)]
  0x0000013cffafb360 JavaThread "Common-Cleaner"             daemon [_thread_blocked, id=10332, stack(0x00000012fe400000,0x00000012fe500000) (1024K)]
  0x0000013cffdb2f20 JavaThread "Notification Thread"        daemon [_thread_blocked, id=4840, stack(0x00000012fe500000,0x00000012fe600000) (1024K)]
  0x0000013c840b97a0 JavaThread "Active Thread: Equinox Container: 8beda44c-0f1b-456e-b450-238abf6eb2d5"        [_thread_blocked, id=12484, stack(0x00000012fee00000,0x00000012fef00000) (1024K)]
  0x0000013c8490d930 JavaThread "Refresh Thread: Equinox Container: 8beda44c-0f1b-456e-b450-238abf6eb2d5" daemon [_thread_blocked, id=11708, stack(0x00000012fef00000,0x00000012ff000000) (1024K)]
  0x0000013c84902ad0 JavaThread "Framework Event Dispatcher: Equinox Container: 8beda44c-0f1b-456e-b450-238abf6eb2d5" daemon [_thread_blocked, id=14448, stack(0x00000012ff100000,0x00000012ff200000) (1024K)]
  0x0000013c8439b3a0 JavaThread "Start Level: Equinox Container: 8beda44c-0f1b-456e-b450-238abf6eb2d5" daemon [_thread_blocked, id=10444, stack(0x00000012ff200000,0x00000012ff300000) (1024K)]
  0x0000013c85164330 JavaThread "Bundle File Closer"         daemon [_thread_blocked, id=7056, stack(0x00000012ff300000,0x00000012ff400000) (1024K)]
  0x0000013c850ce680 JavaThread "SCR Component Actor"        daemon [_thread_blocked, id=11704, stack(0x00000012fe600000,0x00000012fe700000) (1024K)]
  0x0000013c84d37790 JavaThread "Worker-JM"                         [_thread_blocked, id=4964, stack(0x00000012ff500000,0x00000012ff600000) (1024K)]
  0x0000013c84d384b0 JavaThread "JNA Cleaner"                daemon [_thread_blocked, id=4192, stack(0x00000012ff400000,0x00000012ff500000) (1024K)]
  0x0000013c84d37100 JavaThread "Worker-0: Repository registry initialization"        [_thread_blocked, id=4172, stack(0x00000012ff600000,0x00000012ff700000) (1024K)]
  0x0000013c84d363e0 JavaThread "Worker-1: Updating Maven Dependencies"        [_thread_blocked, id=14164, stack(0x00000012ff700000,0x00000012ff800000) (1024K)]
=>0x0000013cffcf9ac0 JavaThread "C2 CompilerThread1"         daemon [_thread_in_native, id=14908, stack(0x00000012ff800000,0x00000012ff900000) (1024K)]
  0x0000013cffcfa160 JavaThread "C2 CompilerThread2"         daemon [_thread_in_native, id=12160, stack(0x00000012ff900000,0x00000012ffa00000) (1024K)]
  0x0000013c84d37e20 JavaThread "Java indexing"              daemon [_thread_blocked, id=10180, stack(0x00000012ffa00000,0x00000012ffb00000) (1024K)]
  0x0000013c84d38b40 JavaThread "Worker-2"                          [_thread_blocked, id=14716, stack(0x00000012ffb00000,0x00000012ffc00000) (1024K)]
  0x0000013c84d391d0 JavaThread "Worker-3: Initialize After Load"        [_thread_blocked, id=10068, stack(0x00000012ffc00000,0x00000012ffd00000) (1024K)]
  0x0000013c84d36a70 JavaThread "Worker-4"                          [_thread_blocked, id=13836, stack(0x00000012fff00000,0x0000001300000000) (1024K)]
  0x0000013c8685feb0 JavaThread "Worker-5"                          [_thread_blocked, id=3092, stack(0x0000001280000000,0x0000001280100000) (1024K)]
  0x0000013c8685eb00 JavaThread "Thread-2"                   daemon [_thread_in_native, id=3632, stack(0x0000001280100000,0x0000001280200000) (1024K)]
  0x0000013c86860540 JavaThread "Thread-3"                   daemon [_thread_in_native, id=2388, stack(0x0000001280200000,0x0000001280300000) (1024K)]
  0x0000013c86861f80 JavaThread "Thread-4"                   daemon [_thread_in_native, id=3740, stack(0x0000001280300000,0x0000001280400000) (1024K)]
  0x0000013c8685f820 JavaThread "Thread-5"                   daemon [_thread_in_native, id=11492, stack(0x0000001280400000,0x0000001280500000) (1024K)]
  0x0000013c86860bd0 JavaThread "Thread-6"                   daemon [_thread_in_native, id=11416, stack(0x0000001280500000,0x0000001280600000) (1024K)]
  0x0000013c86862610 JavaThread "Thread-7"                   daemon [_thread_in_native, id=7560, stack(0x0000001280600000,0x0000001280700000) (1024K)]
  0x0000013c86861260 JavaThread "Thread-8"                   daemon [_thread_in_native, id=8164, stack(0x0000001280700000,0x0000001280800000) (1024K)]
  0x0000013c868618f0 JavaThread "Thread-9"                   daemon [_thread_in_native, id=3760, stack(0x0000001280800000,0x0000001280900000) (1024K)]
  0x0000013c8685f190 JavaThread "Thread-10"                  daemon [_thread_in_native, id=7772, stack(0x0000001280900000,0x0000001280a00000) (1024K)]
  0x0000013c86864d70 JavaThread "pool-2-thread-1"                   [_thread_blocked, id=13432, stack(0x0000001280a00000,0x0000001280b00000) (1024K)]
Total: 38

Other Threads:
  0x0000013ca69c1690 VMThread "VM Thread"                           [id=1392, stack(0x00000012fdb00000,0x00000012fdc00000) (1024K)]
  0x0000013ca8d69e40 WatcherThread "VM Periodic Task Thread"        [id=3300, stack(0x00000012fda00000,0x00000012fdb00000) (1024K)]
  0x0000013ca69c0f50 WorkerThread "GC Thread#0"                     [id=14564, stack(0x00000012fd900000,0x00000012fda00000) (1024K)]
  0x0000013ca69c1a30 WorkerThread "GC Thread#1"                     [id=4416, stack(0x00000012fe700000,0x00000012fe800000) (1024K)]
  0x0000013ca69c2170 WorkerThread "GC Thread#2"                     [id=10888, stack(0x00000012fe800000,0x00000012fe900000) (1024K)]
  0x0000013c840629a0 WorkerThread "GC Thread#3"                     [id=12460, stack(0x00000012fe900000,0x00000012fea00000) (1024K)]
  0x0000013c84064a40 WorkerThread "GC Thread#4"                     [id=12796, stack(0x00000012fea00000,0x00000012feb00000) (1024K)]
  0x0000013c84064de0 WorkerThread "GC Thread#5"                     [id=14172, stack(0x00000012feb00000,0x00000012fec00000) (1024K)]
  0x0000013c84062260 WorkerThread "GC Thread#6"                     [id=8896, stack(0x00000012fec00000,0x00000012fed00000) (1024K)]
  0x0000013c84062d40 WorkerThread "GC Thread#7"                     [id=11696, stack(0x00000012ff000000,0x00000012ff100000) (1024K)]
Total: 10

Threads with active compile tasks:
C2 CompilerThread0  20382 4444   !   4       sun.nio.cs.StreamDecoder::read (78 bytes)
C2 CompilerThread1  20382 4201   !   4       org.eclipse.osgi.internal.loader.classpath.ClasspathManager::findClassImpl (343 bytes)
C2 CompilerThread2  20382 3955       4       org.lombokweb.asm.ClassReader::readMethod (1070 bytes)
Total: 3

VM state: at safepoint (normal execution)

VM Mutex/Monitor currently owned by a thread:  ([mutex/lock_event])
[0x00007ff9e43ee380] Threads_lock - owner thread: 0x0000013ca69c1690
[0x00007ff9e43ee480] Heap_lock - owner thread: 0x0000013c84d37100

Heap address: 0x00000000c0000000, size: 1024 MB, Compressed Oops mode: 32-bit

CDS archive(s) mapped at: [0x0000013cbd000000-0x0000013cbdba0000-0x0000013cbdba0000), size 12189696, SharedBaseAddress: 0x0000013cbd000000, ArchiveRelocationMode: 1.
Compressed class space mapped at: 0x0000013cbe000000-0x0000013cfe000000, reserved size: 1073741824
Narrow klass base: 0x0000013cbd000000, Narrow klass shift: 0, Narrow klass range: 0x100000000

GC Precious Log:
 CardTable entry size: 512
 CPUs: 8 total, 8 available
 Memory: 3784M
 Large Page Support: Disabled
 NUMA Support: Disabled
 Compressed Oops: Enabled (32-bit)
 Alignments: Space 512K, Generation 512K, Heap 2M
 Heap Min Capacity: 100M
 Heap Initial Capacity: 100M
 Heap Max Capacity: 1G
 Pre-touch: Disabled
 Parallel Workers: 8

Heap:
 PSYoungGen      total 23552K, used 1237K [0x00000000eab00000, 0x00000000ec600000, 0x0000000100000000)
  eden space 22016K, 0% used [0x00000000eab00000,0x00000000eab00000,0x00000000ec080000)
  from space 1536K, 80% used [0x00000000ec300000,0x00000000ec435410,0x00000000ec480000)
  to   space 1536K, 0% used [0x00000000ec480000,0x00000000ec480000,0x00000000ec600000)
 ParOldGen       total 68608K, used 17992K [0x00000000c0000000, 0x00000000c4300000, 0x00000000eab00000)
  object space 68608K, 26% used [0x00000000c0000000,0x00000000c11923d0,0x00000000c4300000)
 Metaspace       used 34783K, committed 35840K, reserved 1114112K
  class space    used 3507K, committed 3968K, reserved 1048576K

Card table byte_map: [0x0000013ca86d0000,0x0000013ca88e0000] _byte_map_base: 0x0000013ca80d0000

Marking Bits: (ParMarkBitMap*) 0x00007ff9e43f3260
 Begin Bits: [0x0000013cbaef0000, 0x0000013cbbef0000)
 End Bits:   [0x0000013cbbef0000, 0x0000013cbcef0000)

Polling page: 0x0000013ca84c0000

Metaspace:

Usage:
  Non-class:     30.54 MB used.
      Class:      3.43 MB used.
       Both:     33.97 MB used.

Virtual space:
  Non-class space:       64.00 MB reserved,      31.12 MB ( 49%) committed,  1 nodes.
      Class space:        1.00 GB reserved,       3.88 MB ( <1%) committed,  1 nodes.
             Both:        1.06 GB reserved,      35.00 MB (  3%) committed. 

Chunk freelists:
   Non-Class:  768.00 KB
       Class:  12.04 MB
        Both:  12.79 MB

MaxMetaspaceSize: unlimited
CompressedClassSpaceSize: 1.00 GB
Initial GC threshold: 21.00 MB
Current GC threshold: 35.00 MB
CDS: on
 - commit_granule_bytes: 65536.
 - commit_granule_words: 8192.
 - virtual_space_node_default_size: 8388608.
 - enlarge_chunks_in_place: 1.
 - use_allocation_guard: 0.


Internal statistics:

num_allocs_failed_limit: 6.
num_arena_births: 730.
num_arena_deaths: 14.
num_vsnodes_births: 2.
num_vsnodes_deaths: 0.
num_space_committed: 560.
num_space_uncommitted: 0.
num_chunks_returned_to_freelist: 20.
num_chunks_taken_from_freelist: 2209.
num_chunk_merges: 12.
num_chunk_splits: 1406.
num_chunks_enlarged: 831.
num_inconsistent_stats: 0.

CodeHeap 'non-profiled nmethods': size=120000Kb used=2183Kb max_used=2183Kb free=117816Kb
 bounds [0x0000013cb39c0000, 0x0000013cb3c30000, 0x0000013cbaef0000]
CodeHeap 'profiled nmethods': size=120000Kb used=9544Kb max_used=9544Kb free=110455Kb
 bounds [0x0000013cabef0000, 0x0000013cac850000, 0x0000013cb3420000]
CodeHeap 'non-nmethods': size=5760Kb used=1366Kb max_used=1384Kb free=4393Kb
 bounds [0x0000013cb3420000, 0x0000013cb3690000, 0x0000013cb39c0000]
 total_blobs=5175 nmethods=4521 adapters=560
 compilation: enabled
              stopped_count=0, restarted_count=0
 full_count=0

Compilation events (20 events):
Event: 18.315 Thread 0x0000013cfe1db1b0 nmethod 4515 0x0000013cac835b10 code [0x0000013cac835cc0, 0x0000013cac835e40]
Event: 18.315 Thread 0x0000013cfe1db1b0 4514       2       java.util.regex.Pattern::append (43 bytes)
Event: 18.316 Thread 0x0000013cfe1db1b0 nmethod 4514 0x0000013cac835f10 code [0x0000013cac8360c0, 0x0000013cac8362d0]
Event: 18.316 Thread 0x0000013cfe1db1b0 4513       2       com.sun.org.apache.xerces.internal.xni.XMLString::setValues (17 bytes)
Event: 18.317 Thread 0x0000013cfe1db1b0 nmethod 4513 0x0000013cac836410 code [0x0000013cac8365a0, 0x0000013cac8366d8]
Event: 18.317 Thread 0x0000013cfe1db1b0 4516       2       org.codehaus.plexus.util.xml.pull.MXParser::getText (125 bytes)
Event: 18.317 Thread 0x0000013cfe1db1b0 nmethod 4516 0x0000013cac836790 code [0x0000013cac836960, 0x0000013cac836c88]
Event: 18.317 Thread 0x0000013cfe1db1b0 4508       2       java.util.ImmutableCollections$ListItr::<init> (25 bytes)
Event: 18.317 Thread 0x0000013cfe1db1b0 nmethod 4508 0x0000013cac836d90 code [0x0000013cac836f20, 0x0000013cac837050]
Event: 18.320 Thread 0x0000013cfe1db1b0 4518       2       org.codehaus.plexus.util.xml.pull.MXParser::ensureElementsCapacity (265 bytes)
Event: 18.323 Thread 0x0000013cfe1db1b0 nmethod 4518 0x0000013cac837110 code [0x0000013cac837340, 0x0000013cac837f28]
Event: 18.327 Thread 0x0000013cfe1db1b0 4521   !   2       java.util.regex.Pattern::closure (276 bytes)
Event: 18.330 Thread 0x0000013cfe1db1b0 nmethod 4521 0x0000013cac838210 code [0x0000013cac838520, 0x0000013cac839050]
Event: 18.332 Thread 0x0000013cfe1db1b0 4526       1       org.codehaus.plexus.util.xml.pull.MXParser::getDepth (5 bytes)
Event: 18.333 Thread 0x0000013cfe1db1b0 nmethod 4526 0x0000013cb3be0810 code [0x0000013cb3be09a0, 0x0000013cb3be0a68]
Event: 18.333 Thread 0x0000013cfe1db1b0 4527       2       org.codehaus.plexus.util.xml.pull.MXParser::isWhitespace (114 bytes)
Event: 18.334 Thread 0x0000013cfe1db1b0 nmethod 4527 0x0000013cac839710 code [0x0000013cac839900, 0x0000013cac839d68]
Event: 18.334 Thread 0x0000013cfe1db1b0 4528       2       org.codehaus.plexus.util.xml.pull.MXParser::nextTag (82 bytes)
Event: 18.336 Thread 0x0000013cfe1db1b0 nmethod 4528 0x0000013cac839f90 code [0x0000013cac83a1c0, 0x0000013cac83a6b8]
Event: 18.359 Thread 0x0000013cfe1db1b0 4529       2       java.util.regex.Pattern::atom (422 bytes)

GC Heap History (20 events):
Event: 12.006 GC heap before
{Heap before GC invocations=4 (full 0):
 PSYoungGen      total 29696K, used 29672K [0x00000000eab00000, 0x00000000ecc00000, 0x0000000100000000)
  eden space 25600K, 100% used [0x00000000eab00000,0x00000000ec400000,0x00000000ec400000)
  from space 4096K, 99% used [0x00000000ec400000,0x00000000ec7fa180,0x00000000ec800000)
  to   space 4096K, 0% used [0x00000000ec800000,0x00000000ec800000,0x00000000ecc00000)
 ParOldGen       total 68608K, used 5791K [0x00000000c0000000, 0x00000000c4300000, 0x00000000eab00000)
  object space 68608K, 8% used [0x00000000c0000000,0x00000000c05a7e28,0x00000000c4300000)
 Metaspace       used 12312K, committed 12800K, reserved 1114112K
  class space    used 1230K, committed 1472K, reserved 1048576K
}
Event: 12.011 GC heap after
{Heap after GC invocations=4 (full 0):
 PSYoungGen      total 29696K, used 4081K [0x00000000eab00000, 0x00000000ecc00000, 0x0000000100000000)
  eden space 25600K, 0% used [0x00000000eab00000,0x00000000eab00000,0x00000000ec400000)
  from space 4096K, 99% used [0x00000000ec800000,0x00000000ecbfc7b8,0x00000000ecc00000)
  to   space 4096K, 0% used [0x00000000ec400000,0x00000000ec400000,0x00000000ec800000)
 ParOldGen       total 68608K, used 6643K [0x00000000c0000000, 0x00000000c4300000, 0x00000000eab00000)
  object space 68608K, 9% used [0x00000000c0000000,0x00000000c067cde0,0x00000000c4300000)
 Metaspace       used 12312K, committed 12800K, reserved 1114112K
  class space    used 1230K, committed 1472K, reserved 1048576K
}
Event: 12.719 GC heap before
{Heap before GC invocations=5 (full 0):
 PSYoungGen      total 29696K, used 29681K [0x00000000eab00000, 0x00000000ecc00000, 0x0000000100000000)
  eden space 25600K, 100% used [0x00000000eab00000,0x00000000ec400000,0x00000000ec400000)
  from space 4096K, 99% used [0x00000000ec800000,0x00000000ecbfc7b8,0x00000000ecc00000)
  to   space 4096K, 0% used [0x00000000ec400000,0x00000000ec400000,0x00000000ec800000)
 ParOldGen       total 68608K, used 6643K [0x00000000c0000000, 0x00000000c4300000, 0x00000000eab00000)
  object space 68608K, 9% used [0x00000000c0000000,0x00000000c067cde0,0x00000000c4300000)
 Metaspace       used 16231K, committed 16832K, reserved 1114112K
  class space    used 1599K, committed 1856K, reserved 1048576K
}
Event: 12.724 GC heap after
{Heap after GC invocations=5 (full 0):
 PSYoungGen      total 29184K, used 4068K [0x00000000eab00000, 0x00000000ecf80000, 0x0000000100000000)
  eden space 25088K, 0% used [0x00000000eab00000,0x00000000eab00000,0x00000000ec380000)
  from space 4096K, 99% used [0x00000000ec400000,0x00000000ec7f91c8,0x00000000ec800000)
  to   space 6144K, 0% used [0x00000000ec980000,0x00000000ec980000,0x00000000ecf80000)
 ParOldGen       total 68608K, used 8105K [0x00000000c0000000, 0x00000000c4300000, 0x00000000eab00000)
  object space 68608K, 11% used [0x00000000c0000000,0x00000000c07ea430,0x00000000c4300000)
 Metaspace       used 16231K, committed 16832K, reserved 1114112K
  class space    used 1599K, committed 1856K, reserved 1048576K
}
Event: 14.957 GC heap before
{Heap before GC invocations=6 (full 0):
 PSYoungGen      total 29184K, used 29071K [0x00000000eab00000, 0x00000000ecf80000, 0x0000000100000000)
  eden space 25088K, 99% used [0x00000000eab00000,0x00000000ec36aa78,0x00000000ec380000)
  from space 4096K, 99% used [0x00000000ec400000,0x00000000ec7f91c8,0x00000000ec800000)
  to   space 6144K, 0% used [0x00000000ec980000,0x00000000ec980000,0x00000000ecf80000)
 ParOldGen       total 68608K, used 8105K [0x00000000c0000000, 0x00000000c4300000, 0x00000000eab00000)
  object space 68608K, 11% used [0x00000000c0000000,0x00000000c07ea430,0x00000000c4300000)
 Metaspace       used 18865K, committed 19712K, reserved 1114112K
  class space    used 1902K, committed 2240K, reserved 1048576K
}
Event: 14.962 GC heap after
{Heap after GC invocations=6 (full 0):
 PSYoungGen      total 29696K, used 5109K [0x00000000eab00000, 0x00000000ece80000, 0x0000000100000000)
  eden space 24576K, 0% used [0x00000000eab00000,0x00000000eab00000,0x00000000ec300000)
  from space 5120K, 99% used [0x00000000ec980000,0x00000000ece7d560,0x00000000ece80000)
  to   space 5632K, 0% used [0x00000000ec380000,0x00000000ec380000,0x00000000ec900000)
 ParOldGen       total 68608K, used 8113K [0x00000000c0000000, 0x00000000c4300000, 0x00000000eab00000)
  object space 68608K, 11% used [0x00000000c0000000,0x00000000c07ec430,0x00000000c4300000)
 Metaspace       used 18865K, committed 19712K, reserved 1114112K
  class space    used 1902K, committed 2240K, reserved 1048576K
}
Event: 15.246 GC heap before
{Heap before GC invocations=7 (full 0):
 PSYoungGen      total 29696K, used 21230K [0x00000000eab00000, 0x00000000ece80000, 0x0000000100000000)
  eden space 24576K, 65% used [0x00000000eab00000,0x00000000ebabe358,0x00000000ec300000)
  from space 5120K, 99% used [0x00000000ec980000,0x00000000ece7d560,0x00000000ece80000)
  to   space 5632K, 0% used [0x00000000ec380000,0x00000000ec380000,0x00000000ec900000)
 ParOldGen       total 68608K, used 8113K [0x00000000c0000000, 0x00000000c4300000, 0x00000000eab00000)
  object space 68608K, 11% used [0x00000000c0000000,0x00000000c07ec430,0x00000000c4300000)
 Metaspace       used 20739K, committed 21504K, reserved 1114112K
  class space    used 2096K, committed 2432K, reserved 1048576K
}
Event: 15.256 GC heap after
{Heap after GC invocations=7 (full 0):
 PSYoungGen      total 29184K, used 4574K [0x00000000eab00000, 0x00000000ecd00000, 0x0000000100000000)
  eden space 24576K, 0% used [0x00000000eab00000,0x00000000eab00000,0x00000000ec300000)
  from space 4608K, 99% used [0x00000000ec380000,0x00000000ec7f7960,0x00000000ec800000)
  to   space 5120K, 0% used [0x00000000ec800000,0x00000000ec800000,0x00000000ecd00000)
 ParOldGen       total 68608K, used 9391K [0x00000000c0000000, 0x00000000c4300000, 0x00000000eab00000)
  object space 68608K, 13% used [0x00000000c0000000,0x00000000c092bd98,0x00000000c4300000)
 Metaspace       used 20739K, committed 21504K, reserved 1114112K
  class space    used 2096K, committed 2432K, reserved 1048576K
}
Event: 15.256 GC heap before
{Heap before GC invocations=8 (full 1):
 PSYoungGen      total 29184K, used 4574K [0x00000000eab00000, 0x00000000ecd00000, 0x0000000100000000)
  eden space 24576K, 0% used [0x00000000eab00000,0x00000000eab00000,0x00000000ec300000)
  from space 4608K, 99% used [0x00000000ec380000,0x00000000ec7f7960,0x00000000ec800000)
  to   space 5120K, 0% used [0x00000000ec800000,0x00000000ec800000,0x00000000ecd00000)
 ParOldGen       total 68608K, used 9391K [0x00000000c0000000, 0x00000000c4300000, 0x00000000eab00000)
  object space 68608K, 13% used [0x00000000c0000000,0x00000000c092bd98,0x00000000c4300000)
 Metaspace       used 20739K, committed 21504K, reserved 1114112K
  class space    used 2096K, committed 2432K, reserved 1048576K
}
Event: 15.303 GC heap after
{Heap after GC invocations=8 (full 1):
 PSYoungGen      total 29184K, used 0K [0x00000000eab00000, 0x00000000ecd00000, 0x0000000100000000)
  eden space 24576K, 0% used [0x00000000eab00000,0x00000000eab00000,0x00000000ec300000)
  from space 4608K, 0% used [0x00000000ec380000,0x00000000ec380000,0x00000000ec800000)
  to   space 5120K, 0% used [0x00000000ec800000,0x00000000ec800000,0x00000000ecd00000)
 ParOldGen       total 68608K, used 13161K [0x00000000c0000000, 0x00000000c4300000, 0x00000000eab00000)
  object space 68608K, 19% used [0x00000000c0000000,0x00000000c0cda698,0x00000000c4300000)
 Metaspace       used 20726K, committed 21504K, reserved 1114112K
  class space    used 2093K, committed 2432K, reserved 1048576K
}
Event: 15.582 GC heap before
{Heap before GC invocations=9 (full 1):
 PSYoungGen      total 29184K, used 24576K [0x00000000eab00000, 0x00000000ecd00000, 0x0000000100000000)
  eden space 24576K, 100% used [0x00000000eab00000,0x00000000ec300000,0x00000000ec300000)
  from space 4608K, 0% used [0x00000000ec380000,0x00000000ec380000,0x00000000ec800000)
  to   space 5120K, 0% used [0x00000000ec800000,0x00000000ec800000,0x00000000ecd00000)
 ParOldGen       total 68608K, used 13161K [0x00000000c0000000, 0x00000000c4300000, 0x00000000eab00000)
  object space 68608K, 19% used [0x00000000c0000000,0x00000000c0cda698,0x00000000c4300000)
 Metaspace       used 23310K, committed 24064K, reserved 1114112K
  class space    used 2253K, committed 2560K, reserved 1048576K
}
Event: 15.584 GC heap after
{Heap after GC invocations=9 (full 1):
 PSYoungGen      total 24576K, used 322K [0x00000000eab00000, 0x00000000ec880000, 0x0000000100000000)
  eden space 24064K, 0% used [0x00000000eab00000,0x00000000eab00000,0x00000000ec280000)
  from space 512K, 63% used [0x00000000ec800000,0x00000000ec850a70,0x00000000ec880000)
  to   space 2048K, 0% used [0x00000000ec480000,0x00000000ec480000,0x00000000ec680000)
 ParOldGen       total 68608K, used 13161K [0x00000000c0000000, 0x00000000c4300000, 0x00000000eab00000)
  object space 68608K, 19% used [0x00000000c0000000,0x00000000c0cda698,0x00000000c4300000)
 Metaspace       used 23310K, committed 24064K, reserved 1114112K
  class space    used 2253K, committed 2560K, reserved 1048576K
}
Event: 15.814 GC heap before
{Heap before GC invocations=10 (full 1):
 PSYoungGen      total 24576K, used 24386K [0x00000000eab00000, 0x00000000ec880000, 0x0000000100000000)
  eden space 24064K, 100% used [0x00000000eab00000,0x00000000ec280000,0x00000000ec280000)
  from space 512K, 63% used [0x00000000ec800000,0x00000000ec850a70,0x00000000ec880000)
  to   space 2048K, 0% used [0x00000000ec480000,0x00000000ec480000,0x00000000ec680000)
 ParOldGen       total 68608K, used 13161K [0x00000000c0000000, 0x00000000c4300000, 0x00000000eab00000)
  object space 68608K, 19% used [0x00000000c0000000,0x00000000c0cda698,0x00000000c4300000)
 Metaspace       used 26073K, committed 26880K, reserved 1114112K
  class space    used 2470K, committed 2816K, reserved 1048576K
}
Event: 15.818 GC heap after
{Heap after GC invocations=10 (full 1):
 PSYoungGen      total 25600K, used 1435K [0x00000000eab00000, 0x00000000ec880000, 0x0000000100000000)
  eden space 23552K, 0% used [0x00000000eab00000,0x00000000eab00000,0x00000000ec200000)
  from space 2048K, 70% used [0x00000000ec480000,0x00000000ec5e6da0,0x00000000ec680000)
  to   space 2048K, 0% used [0x00000000ec680000,0x00000000ec680000,0x00000000ec880000)
 ParOldGen       total 68608K, used 13942K [0x00000000c0000000, 0x00000000c4300000, 0x00000000eab00000)
  object space 68608K, 20% used [0x00000000c0000000,0x00000000c0d9dba8,0x00000000c4300000)
 Metaspace       used 26073K, committed 26880K, reserved 1114112K
  class space    used 2470K, committed 2816K, reserved 1048576K
}
Event: 16.363 GC heap before
{Heap before GC invocations=11 (full 1):
 PSYoungGen      total 25600K, used 24972K [0x00000000eab00000, 0x00000000ec880000, 0x0000000100000000)
  eden space 23552K, 99% used [0x00000000eab00000,0x00000000ec1fc598,0x00000000ec200000)
  from space 2048K, 70% used [0x00000000ec480000,0x00000000ec5e6da0,0x00000000ec680000)
  to   space 2048K, 0% used [0x00000000ec680000,0x00000000ec680000,0x00000000ec880000)
 ParOldGen       total 68608K, used 13942K [0x00000000c0000000, 0x00000000c4300000, 0x00000000eab00000)
  object space 68608K, 20% used [0x00000000c0000000,0x00000000c0d9dba8,0x00000000c4300000)
 Metaspace       used 28494K, committed 29376K, reserved 1114112K
  class space    used 2675K, committed 3008K, reserved 1048576K
}
Event: 16.367 GC heap after
{Heap after GC invocations=11 (full 1):
 PSYoungGen      total 25088K, used 2043K [0x00000000eab00000, 0x00000000ec880000, 0x0000000100000000)
  eden space 23040K, 0% used [0x00000000eab00000,0x00000000eab00000,0x00000000ec180000)
  from space 2048K, 99% used [0x00000000ec680000,0x00000000ec87ece0,0x00000000ec880000)
  to   space 2560K, 0% used [0x00000000ec380000,0x00000000ec380000,0x00000000ec600000)
 ParOldGen       total 68608K, used 14211K [0x00000000c0000000, 0x00000000c4300000, 0x00000000eab00000)
  object space 68608K, 20% used [0x00000000c0000000,0x00000000c0de0c90,0x00000000c4300000)
 Metaspace       used 28494K, committed 29376K, reserved 1114112K
  class space    used 2675K, committed 3008K, reserved 1048576K
}
Event: 16.936 GC heap before
{Heap before GC invocations=12 (full 1):
 PSYoungGen      total 25088K, used 25081K [0x00000000eab00000, 0x00000000ec880000, 0x0000000100000000)
  eden space 23040K, 99% used [0x00000000eab00000,0x00000000ec17f930,0x00000000ec180000)
  from space 2048K, 99% used [0x00000000ec680000,0x00000000ec87ece0,0x00000000ec880000)
  to   space 2560K, 0% used [0x00000000ec380000,0x00000000ec380000,0x00000000ec600000)
 ParOldGen       total 68608K, used 14211K [0x00000000c0000000, 0x00000000c4300000, 0x00000000eab00000)
  object space 68608K, 20% used [0x00000000c0000000,0x00000000c0de0c90,0x00000000c4300000)
 Metaspace       used 31749K, committed 32640K, reserved 1114112K
  class space    used 3123K, committed 3456K, reserved 1048576K
}
Event: 16.941 GC heap after
{Heap after GC invocations=12 (full 1):
 PSYoungGen      total 23552K, used 1005K [0x00000000eab00000, 0x00000000ec700000, 0x0000000100000000)
  eden space 22528K, 0% used [0x00000000eab00000,0x00000000eab00000,0x00000000ec100000)
  from space 1024K, 98% used [0x00000000ec380000,0x00000000ec47b520,0x00000000ec480000)
  to   space 1536K, 0% used [0x00000000ec580000,0x00000000ec580000,0x00000000ec700000)
 ParOldGen       total 68608K, used 16195K [0x00000000c0000000, 0x00000000c4300000, 0x00000000eab00000)
  object space 68608K, 23% used [0x00000000c0000000,0x00000000c0fd0f38,0x00000000c4300000)
 Metaspace       used 31749K, committed 32640K, reserved 1114112K
  class space    used 3123K, committed 3456K, reserved 1048576K
}
Event: 17.261 GC heap before
{Heap before GC invocations=13 (full 1):
 PSYoungGen      total 23552K, used 23504K [0x00000000eab00000, 0x00000000ec700000, 0x0000000100000000)
  eden space 22528K, 99% used [0x00000000eab00000,0x00000000ec0f8c08,0x00000000ec100000)
  from space 1024K, 98% used [0x00000000ec380000,0x00000000ec47b520,0x00000000ec480000)
  to   space 1536K, 0% used [0x00000000ec580000,0x00000000ec580000,0x00000000ec700000)
 ParOldGen       total 68608K, used 16195K [0x00000000c0000000, 0x00000000c4300000, 0x00000000eab00000)
  object space 68608K, 23% used [0x00000000c0000000,0x00000000c0fd0f38,0x00000000c4300000)
 Metaspace       used 34435K, committed 35520K, reserved 1114112K
  class space    used 3464K, committed 3904K, reserved 1048576K
}
Event: 17.265 GC heap after
{Heap after GC invocations=13 (full 1):
 PSYoungGen      total 23552K, used 1480K [0x00000000eab00000, 0x00000000ec700000, 0x0000000100000000)
  eden space 22016K, 0% used [0x00000000eab00000,0x00000000eab00000,0x00000000ec080000)
  from space 1536K, 96% used [0x00000000ec580000,0x00000000ec6f2120,0x00000000ec700000)
  to   space 2048K, 0% used [0x00000000ec300000,0x00000000ec300000,0x00000000ec500000)
 ParOldGen       total 68608K, used 16996K [0x00000000c0000000, 0x00000000c4300000, 0x00000000eab00000)
  object space 68608K, 24% used [0x00000000c0000000,0x00000000c1099310,0x00000000c4300000)
 Metaspace       used 34435K, committed 35520K, reserved 1114112K
  class space    used 3464K, committed 3904K, reserved 1048576K
}

Dll operation events (10 events):
Event: 0.141 Loaded shared library c:\Users\HP\.vscode\extensions\redhat.java-1.41.1-win32-x64\jre\21.0.6-win32-x86_64\bin\java.dll
Event: 2.016 Loaded shared library c:\Users\HP\.vscode\extensions\redhat.java-1.41.1-win32-x64\jre\21.0.6-win32-x86_64\bin\zip.dll
Event: 2.151 Loaded shared library C:\Users\HP\.vscode\extensions\redhat.java-1.41.1-win32-x64\jre\21.0.6-win32-x86_64\bin\instrument.dll
Event: 2.258 Loaded shared library C:\Users\HP\.vscode\extensions\redhat.java-1.41.1-win32-x64\jre\21.0.6-win32-x86_64\bin\net.dll
Event: 2.345 Loaded shared library C:\Users\HP\.vscode\extensions\redhat.java-1.41.1-win32-x64\jre\21.0.6-win32-x86_64\bin\nio.dll
Event: 2.360 Loaded shared library C:\Users\HP\.vscode\extensions\redhat.java-1.41.1-win32-x64\jre\21.0.6-win32-x86_64\bin\zip.dll
Event: 2.513 Loaded shared library C:\Users\HP\.vscode\extensions\redhat.java-1.41.1-win32-x64\jre\21.0.6-win32-x86_64\bin\jimage.dll
Event: 2.748 Loaded shared library c:\Users\HP\.vscode\extensions\redhat.java-1.41.1-win32-x64\jre\21.0.6-win32-x86_64\bin\verify.dll
Event: 10.035 Loaded shared library C:\Users\HP\AppData\Roaming\Code\User\globalStorage\redhat.java\1.41.1\config_win\org.eclipse.equinox.launcher\org.eclipse.equinox.launcher.win32.win32.x86_64_1.2.1300.v20250331-1702\eclipse_11911.dll
Event: 14.436 Loaded shared library C:\Users\HP\AppData\Local\Temp\jna-2312\jna6616464822929001689.dll

Deoptimization events (20 events):
Event: 17.068 Thread 0x0000013c84d37100 Uncommon trap: trap_request=0xffffffc6 fr.pc=0x0000013cb3abce6c relative=0x0000000000000f8c
Event: 17.068 Thread 0x0000013c84d37100 Uncommon trap: reason=bimorphic_or_optimized_type_check action=maybe_recompile pc=0x0000013cb3abce6c method=java.util.Properties$LineReader.readLine()I @ 479 c2
Event: 17.068 Thread 0x0000013c84d37100 DEOPT PACKING pc=0x0000013cb3abce6c sp=0x00000012ff6fd5f0
Event: 17.068 Thread 0x0000013c84d37100 DEOPT UNPACKING pc=0x0000013cb3476da2 sp=0x00000012ff6fd580 mode 2
Event: 17.136 Thread 0x0000013c84d36a70 Uncommon trap: trap_request=0xffffff45 fr.pc=0x0000013cb3abc424 relative=0x0000000000000544
Event: 17.136 Thread 0x0000013c84d36a70 Uncommon trap: reason=unstable_if action=reinterpret pc=0x0000013cb3abc424 method=java.util.Properties$LineReader.readLine()I @ 318 c2
Event: 17.137 Thread 0x0000013c84d36a70 DEOPT PACKING pc=0x0000013cb3abc424 sp=0x00000012ffffea10
Event: 17.137 Thread 0x0000013c84d36a70 DEOPT UNPACKING pc=0x0000013cb3476da2 sp=0x00000012ffffe9a8 mode 2
Event: 17.194 Thread 0x0000013c84d391d0 DEOPT PACKING pc=0x0000013cac36a69f sp=0x00000012ffcfdff0
Event: 17.194 Thread 0x0000013c84d391d0 DEOPT UNPACKING pc=0x0000013cb34778e2 sp=0x00000012ffcfd4c8 mode 0
Event: 17.212 Thread 0x0000013c84d37100 Uncommon trap: trap_request=0xffffff45 fr.pc=0x0000013cb3ae7fd4 relative=0x0000000000000134
Event: 17.213 Thread 0x0000013c84d37100 Uncommon trap: reason=unstable_if action=reinterpret pc=0x0000013cb3ae7fd4 method=java.util.ArrayList.indexOfRange(Ljava/lang/Object;II)I @ 7 c2
Event: 17.213 Thread 0x0000013c84d37100 DEOPT PACKING pc=0x0000013cb3ae7fd4 sp=0x00000012ff6fe250
Event: 17.213 Thread 0x0000013c84d37100 DEOPT UNPACKING pc=0x0000013cb3476da2 sp=0x00000012ff6fe110 mode 2
Event: 17.219 Thread 0x0000013c84d391d0 DEOPT PACKING pc=0x0000013cac4d6439 sp=0x00000012ffcfe3c0
Event: 17.219 Thread 0x0000013c84d391d0 DEOPT UNPACKING pc=0x0000013cb34778e2 sp=0x00000012ffcfd8c0 mode 0
Event: 17.271 Thread 0x0000013c84d37100 Uncommon trap: trap_request=0xffffff45 fr.pc=0x0000013cb3ae0db0 relative=0x0000000000000110
Event: 17.271 Thread 0x0000013c84d37100 Uncommon trap: reason=unstable_if action=reinterpret pc=0x0000013cb3ae0db0 method=java.util.ArrayList.indexOfRange(Ljava/lang/Object;II)I @ 7 c2
Event: 17.271 Thread 0x0000013c84d37100 DEOPT PACKING pc=0x0000013cb3ae0db0 sp=0x00000012ff6fe1f0
Event: 17.271 Thread 0x0000013c84d37100 DEOPT UNPACKING pc=0x0000013cb3476da2 sp=0x00000012ff6fe170 mode 2

Classes loaded (20 events):
Event: 17.196 Loading class sun/reflect/generics/reflectiveObjects/ParameterizedTypeImpl done
Event: 17.196 Loading class sun/reflect/generics/reflectiveObjects/TypeVariableImpl
Event: 17.196 Loading class sun/reflect/generics/reflectiveObjects/LazyReflectiveObjectGenerator
Event: 17.197 Loading class sun/reflect/generics/reflectiveObjects/LazyReflectiveObjectGenerator done
Event: 17.197 Loading class sun/reflect/generics/reflectiveObjects/TypeVariableImpl done
Event: 17.245 Loading class java/util/concurrent/CompletableFuture
Event: 17.268 Loading class java/util/concurrent/CompletableFuture done
Event: 18.314 Loading class jdk/internal/event/ThreadSleepEvent
Event: 18.315 Loading class jdk/internal/event/ThreadSleepEvent done
Event: 18.318 Loading class java/lang/reflect/Executable$ParameterData
Event: 18.319 Loading class java/lang/reflect/Executable$ParameterData done
Event: 18.322 Loading class java/lang/foreign/MemorySegment
Event: 18.326 Loading class java/lang/foreign/MemorySegment done
Event: 18.330 Loading class sun/reflect/generics/scope/MethodScope
Event: 18.331 Loading class sun/reflect/generics/scope/MethodScope done
Event: 18.331 Loading class sun/reflect/generics/repository/MethodRepository
Event: 18.331 Loading class sun/reflect/generics/repository/ConstructorRepository
Event: 18.333 Loading class sun/reflect/generics/repository/ConstructorRepository done
Event: 18.333 Loading class sun/reflect/generics/repository/MethodRepository done
Event: 18.334 Loading class sun/reflect/generics/tree/MethodTypeSignature

Classes unloaded (7 events):
Event: 15.265 Thread 0x0000013ca69c1690 Unloading class 0x0000013cbe19f400 'java/lang/invoke/LambdaForm$MH+0x0000013cbe19f400'
Event: 15.265 Thread 0x0000013ca69c1690 Unloading class 0x0000013cbe19f000 'java/lang/invoke/LambdaForm$MH+0x0000013cbe19f000'
Event: 15.265 Thread 0x0000013ca69c1690 Unloading class 0x0000013cbe19ec00 'java/lang/invoke/LambdaForm$MH+0x0000013cbe19ec00'
Event: 15.265 Thread 0x0000013ca69c1690 Unloading class 0x0000013cbe19e800 'java/lang/invoke/LambdaForm$MH+0x0000013cbe19e800'
Event: 15.265 Thread 0x0000013ca69c1690 Unloading class 0x0000013cbe19e400 'java/lang/invoke/LambdaForm$BMH+0x0000013cbe19e400'
Event: 15.265 Thread 0x0000013ca69c1690 Unloading class 0x0000013cbe19e000 'java/lang/invoke/LambdaForm$DMH+0x0000013cbe19e000'
Event: 15.265 Thread 0x0000013ca69c1690 Unloading class 0x0000013cbe19cc00 'java/lang/invoke/LambdaForm$DMH+0x0000013cbe19cc00'

Classes redefined (0 events):
No events

Internal exceptions (20 events):
Event: 16.263 Thread 0x0000013c84d37100 Exception <a 'java/lang/NoSuchMethodError'{0x00000000ebe86d50}: 'int java.lang.invoke.DirectMethodHandle$Holder.invokeStatic(java.lang.Object, long)'> (0x00000000ebe86d50) 
thrown [s\src\hotspot\share\interpreter\linkResolver.cpp, line 773]
Event: 16.271 Thread 0x0000013c84d37100 Exception <a 'java/lang/NoSuchMethodError'{0x00000000ebea5668}: 'int java.lang.invoke.Invokers$Holder.linkToTargetMethod(java.lang.Object, java.lang.Object)'> (0x00000000ebea5668) 
thrown [s\src\hotspot\share\interpreter\linkResolver.cpp, line 773]
Event: 16.290 Thread 0x0000013c84d363e0 Exception <a 'java/lang/NoSuchMethodError'{0x00000000ebf291d8}: 'int java.lang.invoke.DirectMethodHandle$Holder.invokeSpecial(java.lang.Object, java.lang.Object, java.lang.Object, java.lang.Object)'> (0x00000000ebf291d8) 
thrown [s\src\hotspot\share\interpreter\linkResolver.cpp, line 773]
Event: 16.292 Thread 0x0000013c84d363e0 Exception <a 'java/lang/NoSuchMethodError'{0x00000000ebfbff40}: 'java.lang.Object java.lang.invoke.DirectMethodHandle$Holder.invokeStatic(java.lang.Object, int, java.lang.Object, java.lang.Object)'> (0x00000000ebfbff40) 
thrown [s\src\hotspot\share\interpreter\linkResolver.cpp, line 773]
Event: 16.293 Thread 0x0000013c84d363e0 Exception <a 'java/lang/NoSuchMethodError'{0x00000000ebfcd0b8}: 'java.lang.Object java.lang.invoke.DelegatingMethodHandle$Holder.delegate(java.lang.Object, int, java.lang.Object, java.lang.Object)'> (0x00000000ebfcd0b8) 
thrown [s\src\hotspot\share\interpreter\linkResolver.cpp, line 773]
Event: 16.298 Thread 0x0000013c84d363e0 Exception <a 'java/lang/NoSuchMethodError'{0x00000000ebffb310}: 'int java.lang.invoke.Invokers$Holder.linkToTargetMethod(java.lang.Object, java.lang.Object, java.lang.Object)'> (0x00000000ebffb310) 
thrown [s\src\hotspot\share\interpreter\linkResolver.cpp, line 773]
Event: 16.361 Thread 0x0000013c84d37100 Exception <a 'java/lang/NoSuchMethodError'{0x00000000ec1e3700}: 'java.lang.Object java.lang.invoke.DirectMethodHandle$Holder.invokeSpecialIFC(java.lang.Object, java.lang.Object, java.lang.Object, java.lang.Object)'> (0x00000000ec1e3700) 
thrown [s\src\hotspot\share\interpreter\linkResolver.cpp, line 773]
Event: 16.467 Thread 0x0000013c8439b3a0 Exception <a 'java/lang/ClassNotFoundException'{0x00000000eae8fa10}: com/sun/org/apache/xml/internal/serializer/spi/XMLEntitiesProvider> (0x00000000eae8fa10) 
thrown [s\src\hotspot\share\classfile\systemDictionary.cpp, line 312]
Event: 16.690 Thread 0x0000013c8439b3a0 Exception <a 'java/io/FileNotFoundException'{0x00000000eb84cde0}> (0x00000000eb84cde0) 
thrown [s\src\hotspot\share\prims\jni.cpp, line 520]
Event: 16.746 Thread 0x0000013c8439b3a0 Exception <a 'java/lang/UnsatisfiedLinkError'{0x00000000eba8e6d0}: The specified procedure could not be found.
> (0x00000000eba8e6d0) 
thrown [s\src\hotspot\share\prims\jni.cpp, line 539]
Event: 16.768 Thread 0x0000013c84d37100 Exception <a 'java/lang/NoSuchMethodError'{0x00000000ebb76c18}: 'int java.lang.invoke.DirectMethodHandle$Holder.invokeStatic(java.lang.Object, java.lang.Object, java.lang.Object, java.lang.Object, java.lang.Object)'> (0x00000000ebb76c18) 
thrown [s\src\hotspot\share\interpreter\linkResolver.cpp, line 773]
Event: 16.781 Thread 0x0000013c8439b3a0 Exception <a 'java/io/FileNotFoundException'{0x00000000ebaa6060}> (0x00000000ebaa6060) 
thrown [s\src\hotspot\share\prims\jni.cpp, line 520]
Event: 16.809 Thread 0x0000013c8439b3a0 Exception <a 'java/io/FileNotFoundException'{0x00000000ebcda6a0}> (0x00000000ebcda6a0) 
thrown [s\src\hotspot\share\prims\jni.cpp, line 520]
Event: 16.824 Thread 0x0000013c8439b3a0 Exception <a 'java/lang/UnsatisfiedLinkError'{0x00000000ebd0c078}: The specified procedure could not be found.
> (0x00000000ebd0c078) 
thrown [s\src\hotspot\share\prims\jni.cpp, line 539]
Event: 16.979 Thread 0x0000013c84d38b40 Exception <a 'java/lang/NoSuchMethodError'{0x00000000eaead680}: 'void java.lang.invoke.DirectMethodHandle$Holder.invokeStaticInit(java.lang.Object, java.lang.Object, java.lang.Object, java.lang.Object)'> (0x00000000eaead680) 
thrown [s\src\hotspot\share\interpreter\linkResolver.cpp, line 773]
Event: 17.108 Thread 0x0000013ca8cffd60 Exception <a 'java/lang/NoSuchMethodError'{0x00000000eb802d60}: 'java.lang.Object java.lang.invoke.DirectMethodHandle$Holder.invokeStatic(java.lang.Object, long, java.lang.Object)'> (0x00000000eb802d60) 
thrown [s\src\hotspot\share\interpreter\linkResolver.cpp, line 773]
Event: 17.111 Thread 0x0000013ca8cffd60 Exception <a 'java/lang/NoSuchMethodError'{0x00000000eb8228e0}: 'java.lang.Object java.lang.invoke.DirectMethodHandle$Holder.invokeStaticInit(java.lang.Object, long, java.lang.Object)'> (0x00000000eb8228e0) 
thrown [s\src\hotspot\share\interpreter\linkResolver.cpp, line 773]
Event: 17.114 Thread 0x0000013ca8cffd60 Exception <a 'java/lang/NoSuchMethodError'{0x00000000eb898e78}: 'java.lang.Object java.lang.invoke.DirectMethodHandle$Holder.newInvokeSpecial(java.lang.Object, long)'> (0x00000000eb898e78) 
thrown [s\src\hotspot\share\interpreter\linkResolver.cpp, line 773]
Event: 17.124 Thread 0x0000013c84d37100 Exception <a 'java/lang/NoClassDefFoundError'{0x00000000eb8dbeb8}: javax/enterprise/inject/Typed> (0x00000000eb8dbeb8) 
thrown [s\src\hotspot\share\classfile\systemDictionary.cpp, line 301]
Event: 17.194 Thread 0x0000013c84d391d0 Exception <a 'java/io/FileNotFoundException'{0x00000000ebd68d90}> (0x00000000ebd68d90) 
thrown [s\src\hotspot\share\prims\jni.cpp, line 520]

ZGC Phase Switch (0 events):
No events

VM Operations (20 events):
Event: 16.288 Executing VM operation: HandshakeAllThreads (Deoptimize) done
Event: 16.363 Executing VM operation: ParallelGCFailedAllocation (Allocation Failure)
Event: 16.367 Executing VM operation: ParallelGCFailedAllocation (Allocation Failure) done
Event: 16.378 Executing VM operation: HandshakeAllThreads (Deoptimize)
Event: 16.378 Executing VM operation: HandshakeAllThreads (Deoptimize) done
Event: 16.463 Executing VM operation: HandshakeAllThreads (Deoptimize)
Event: 16.464 Executing VM operation: HandshakeAllThreads (Deoptimize) done
Event: 16.473 Executing VM operation: HandshakeAllThreads (Deoptimize)
Event: 16.474 Executing VM operation: HandshakeAllThreads (Deoptimize) done
Event: 16.556 Executing VM operation: HandshakeAllThreads (Deoptimize)
Event: 16.557 Executing VM operation: HandshakeAllThreads (Deoptimize) done
Event: 16.936 Executing VM operation: ParallelGCFailedAllocation (Allocation Failure)
Event: 16.941 Executing VM operation: ParallelGCFailedAllocation (Allocation Failure) done
Event: 17.088 Executing VM operation: HandshakeAllThreads (Deoptimize)
Event: 17.089 Executing VM operation: HandshakeAllThreads (Deoptimize) done
Event: 17.259 Executing VM operation: ParallelGCFailedAllocation (Allocation Failure)
Event: 17.265 Executing VM operation: ParallelGCFailedAllocation (Allocation Failure) done
Event: 18.266 Executing VM operation: Cleanup
Event: 18.293 Executing VM operation: Cleanup done
Event: 19.294 Executing VM operation: Cleanup

Memory protections (0 events):
No events

Nmethod flushes (0 events):
No events

Events (20 events):
Event: 14.546 Thread 0x0000013c8439b3a0 Thread added: 0x0000013c84d363e0
Event: 14.683 Thread 0x0000013cfe1db1b0 Thread added: 0x0000013c844646f0
Event: 15.577 Thread 0x0000013c844646f0 Thread exited: 0x0000013c844646f0
Event: 15.868 Thread 0x0000013cfe1db1b0 Thread added: 0x0000013cffcf9ac0
Event: 15.868 Thread 0x0000013cfe1db1b0 Thread added: 0x0000013cffcfa160
Event: 16.120 Thread 0x0000013c8439b3a0 Thread added: 0x0000013c84d37e20
Event: 16.231 Thread 0x0000013c84d363e0 Thread added: 0x0000013c84d38b40
Event: 16.391 Thread 0x0000013c84d38b40 Thread added: 0x0000013c84d391d0
Event: 16.925 Thread 0x0000013c84d38b40 Thread added: 0x0000013c84d36a70
Event: 17.068 Thread 0x0000013c84d36a70 Thread added: 0x0000013c8685feb0
Event: 17.140 Thread 0x0000013ca8cffd60 Thread added: 0x0000013c8685eb00
Event: 17.142 Thread 0x0000013ca8cffd60 Thread added: 0x0000013c86860540
Event: 17.142 Thread 0x0000013ca8cffd60 Thread added: 0x0000013c86861f80
Event: 17.143 Thread 0x0000013ca8cffd60 Thread added: 0x0000013c8685f820
Event: 17.143 Thread 0x0000013ca8cffd60 Thread added: 0x0000013c86860bd0
Event: 17.144 Thread 0x0000013ca8cffd60 Thread added: 0x0000013c86862610
Event: 17.144 Thread 0x0000013ca8cffd60 Thread added: 0x0000013c86861260
Event: 17.145 Thread 0x0000013ca8cffd60 Thread added: 0x0000013c868618f0
Event: 17.145 Thread 0x0000013ca8cffd60 Thread added: 0x0000013c8685f190
Event: 17.204 Thread 0x0000013ca8cffd60 Thread added: 0x0000013c86864d70


Dynamic libraries:
0x00007ff6c2100000 - 0x00007ff6c210e000 	c:\Users\HP\.vscode\extensions\redhat.java-1.41.1-win32-x64\jre\21.0.6-win32-x86_64\bin\java.exe
0x00007ffa64560000 - 0x00007ffa647c0000 	C:\WINDOWS\SYSTEM32\ntdll.dll
0x00007ffa63280000 - 0x00007ffa63347000 	C:\WINDOWS\System32\KERNEL32.DLL
0x00007ffa61890000 - 0x00007ffa61c5a000 	C:\WINDOWS\System32\KERNELBASE.dll
0x00007ffa61740000 - 0x00007ffa6188b000 	C:\WINDOWS\System32\ucrtbase.dll
0x00007ffa52f50000 - 0x00007ffa52f6e000 	c:\Users\HP\.vscode\extensions\redhat.java-1.41.1-win32-x64\jre\21.0.6-win32-x86_64\bin\VCRUNTIME140.dll
0x00007ffa58d80000 - 0x00007ffa58d98000 	c:\Users\HP\.vscode\extensions\redhat.java-1.41.1-win32-x64\jre\21.0.6-win32-x86_64\bin\jli.dll
0x00007ffa63410000 - 0x00007ffa635dc000 	C:\WINDOWS\System32\USER32.dll
0x00007ffa464e0000 - 0x00007ffa46777000 	C:\WINDOWS\WinSxS\amd64_microsoft.windows.common-controls_6595b64144ccf1df_6.0.26100.3624_none_3e086962e3345f24\COMCTL32.dll
0x00007ffa61c60000 - 0x00007ffa61c87000 	C:\WINDOWS\System32\win32u.dll
0x00007ffa63790000 - 0x00007ffa63839000 	C:\WINDOWS\System32\msvcrt.dll
0x00007ffa633e0000 - 0x00007ffa6340a000 	C:\WINDOWS\System32\GDI32.dll
0x00007ffa620a0000 - 0x00007ffa621d1000 	C:\WINDOWS\System32\gdi32full.dll
0x00007ffa61c90000 - 0x00007ffa61d33000 	C:\WINDOWS\System32\msvcp_win.dll
0x00007ffa63a60000 - 0x00007ffa63a8f000 	C:\WINDOWS\System32\IMM32.DLL
0x00007ffa5dc20000 - 0x00007ffa5dc2c000 	c:\Users\HP\.vscode\extensions\redhat.java-1.41.1-win32-x64\jre\21.0.6-win32-x86_64\bin\vcruntime140_1.dll
0x00007ffa2f8a0000 - 0x00007ffa2f92d000 	c:\Users\HP\.vscode\extensions\redhat.java-1.41.1-win32-x64\jre\21.0.6-win32-x86_64\bin\msvcp140.dll
0x00007ff9e3740000 - 0x00007ff9e44d0000 	c:\Users\HP\.vscode\extensions\redhat.java-1.41.1-win32-x64\jre\21.0.6-win32-x86_64\bin\server\jvm.dll
0x00007ffa639a0000 - 0x00007ffa63a52000 	C:\WINDOWS\System32\ADVAPI32.dll
0x00007ffa623c0000 - 0x00007ffa62466000 	C:\WINDOWS\System32\sechost.dll
0x00007ffa63670000 - 0x00007ffa63786000 	C:\WINDOWS\System32\RPCRT4.dll
0x00007ffa63350000 - 0x00007ffa633c4000 	C:\WINDOWS\System32\WS2_32.dll
0x00007ffa43d30000 - 0x00007ffa43d66000 	C:\WINDOWS\SYSTEM32\WINMM.dll
0x00007ffa60e80000 - 0x00007ffa60ede000 	C:\WINDOWS\SYSTEM32\POWRPROF.dll
0x00007ffa4d020000 - 0x00007ffa4d02b000 	C:\WINDOWS\SYSTEM32\VERSION.dll
0x00007ffa60e30000 - 0x00007ffa60e44000 	C:\WINDOWS\SYSTEM32\UMPDC.dll
0x00007ffa60550000 - 0x00007ffa6056a000 	C:\WINDOWS\SYSTEM32\kernel.appcore.dll
0x00007ffa5da30000 - 0x00007ffa5da3a000 	c:\Users\HP\.vscode\extensions\redhat.java-1.41.1-win32-x64\jre\21.0.6-win32-x86_64\bin\jimage.dll
0x00007ffa5eeb0000 - 0x00007ffa5f0f1000 	C:\WINDOWS\SYSTEM32\DBGHELP.DLL
0x00007ffa64030000 - 0x00007ffa643b2000 	C:\WINDOWS\System32\combase.dll
0x00007ffa638c0000 - 0x00007ffa63996000 	C:\WINDOWS\System32\OLEAUT32.dll
0x00007ffa3db70000 - 0x00007ffa3dba9000 	C:\WINDOWS\SYSTEM32\dbgcore.DLL
0x00007ffa61e90000 - 0x00007ffa61f29000 	C:\WINDOWS\System32\bcryptPrimitives.dll
0x00007ffa5c300000 - 0x00007ffa5c30f000 	c:\Users\HP\.vscode\extensions\redhat.java-1.41.1-win32-x64\jre\21.0.6-win32-x86_64\bin\instrument.dll
0x00007ffa45670000 - 0x00007ffa4568f000 	c:\Users\HP\.vscode\extensions\redhat.java-1.41.1-win32-x64\jre\21.0.6-win32-x86_64\bin\java.dll
0x00007ffa62830000 - 0x00007ffa62f59000 	C:\WINDOWS\System32\SHELL32.dll
0x00007ffa61f30000 - 0x00007ffa62098000 	C:\WINDOWS\System32\wintypes.dll
0x00007ffa5f400000 - 0x00007ffa5fc52000 	C:\WINDOWS\SYSTEM32\windows.storage.dll
0x00007ffa63ab0000 - 0x00007ffa63b9d000 	C:\WINDOWS\System32\SHCORE.dll
0x00007ffa627c0000 - 0x00007ffa62824000 	C:\WINDOWS\System32\shlwapi.dll
0x00007ffa61650000 - 0x00007ffa6167f000 	C:\WINDOWS\SYSTEM32\profapi.dll
0x00007ffa47640000 - 0x00007ffa47658000 	c:\Users\HP\.vscode\extensions\redhat.java-1.41.1-win32-x64\jre\21.0.6-win32-x86_64\bin\zip.dll
0x00007ffa5b300000 - 0x00007ffa5b310000 	C:\Users\HP\.vscode\extensions\redhat.java-1.41.1-win32-x64\jre\21.0.6-win32-x86_64\bin\net.dll
0x00007ffa57e60000 - 0x00007ffa57f7d000 	C:\WINDOWS\SYSTEM32\WINHTTP.dll
0x00007ffa60a70000 - 0x00007ffa60ada000 	C:\WINDOWS\system32\mswsock.dll
0x00007ffa44d10000 - 0x00007ffa44d26000 	C:\Users\HP\.vscode\extensions\redhat.java-1.41.1-win32-x64\jre\21.0.6-win32-x86_64\bin\nio.dll
0x00007ffa59200000 - 0x00007ffa59210000 	c:\Users\HP\.vscode\extensions\redhat.java-1.41.1-win32-x64\jre\21.0.6-win32-x86_64\bin\verify.dll
0x00007ffa2f270000 - 0x00007ffa2f2b5000 	C:\Users\HP\AppData\Roaming\Code\User\globalStorage\redhat.java\1.41.1\config_win\org.eclipse.equinox.launcher\org.eclipse.equinox.launcher.win32.win32.x86_64_1.2.1300.v20250331-1702\eclipse_11911.dll
0x00007ffa62f80000 - 0x00007ffa63116000 	C:\WINDOWS\System32\ole32.dll
0x00007ffa60da0000 - 0x00007ffa60dbc000 	C:\WINDOWS\SYSTEM32\CRYPTSP.dll
0x00007ffa604b0000 - 0x00007ffa604ea000 	C:\WINDOWS\system32\rsaenh.dll
0x00007ffa60b80000 - 0x00007ffa60bab000 	C:\WINDOWS\SYSTEM32\USERENV.dll
0x00007ffa61620000 - 0x00007ffa61646000 	C:\WINDOWS\SYSTEM32\bcrypt.dll
0x00007ffa60dc0000 - 0x00007ffa60dcc000 	C:\WINDOWS\SYSTEM32\CRYPTBASE.dll
0x00007ffa5ff60000 - 0x00007ffa5ff93000 	C:\WINDOWS\SYSTEM32\IPHLPAPI.DLL
0x00007ffa643c0000 - 0x00007ffa643ca000 	C:\WINDOWS\System32\NSI.dll
0x00007ffa40ad0000 - 0x00007ffa40b19000 	C:\Users\HP\AppData\Local\Temp\jna-2312\jna6616464822929001689.dll
0x00007ffa62650000 - 0x00007ffa62658000 	C:\WINDOWS\System32\PSAPI.DLL
0x00007ffa58650000 - 0x00007ffa5866f000 	C:\WINDOWS\SYSTEM32\dhcpcsvc6.DLL
0x00007ffa585f0000 - 0x00007ffa58615000 	C:\WINDOWS\SYSTEM32\dhcpcsvc.DLL

dbghelp: loaded successfully - version: 4.0.5 - missing functions: none
symbol engine: initialized successfully - sym options: 0x614 - pdb path: .;c:\Users\HP\.vscode\extensions\redhat.java-1.41.1-win32-x64\jre\21.0.6-win32-x86_64\bin;C:\WINDOWS\SYSTEM32;C:\WINDOWS\WinSxS\amd64_microsoft.windows.common-controls_6595b64144ccf1df_6.0.26100.3624_none_3e086962e3345f24;c:\Users\HP\.vscode\extensions\redhat.java-1.41.1-win32-x64\jre\21.0.6-win32-x86_64\bin\server;C:\Users\HP\AppData\Roaming\Code\User\globalStorage\redhat.java\1.41.1\config_win\org.eclipse.equinox.launcher\org.eclipse.equinox.launcher.win32.win32.x86_64_1.2.1300.v20250331-1702;C:\Users\HP\AppData\Local\Temp\jna-2312

VM Arguments:
jvm_args: --add-modules=ALL-SYSTEM --add-opens=java.base/java.util=ALL-UNNAMED --add-opens=java.base/java.lang=ALL-UNNAMED --add-opens=java.base/sun.nio.fs=ALL-UNNAMED -Declipse.application=org.eclipse.jdt.ls.core.id1 -Dosgi.bundles.defaultStartLevel=4 -Declipse.product=org.eclipse.jdt.ls.core.product -Djava.import.generatesMetadataFilesAtProjectRoot=false -DDetectVMInstallationsJob.disabled=true -Dfile.encoding=utf8 -XX:+UseParallelGC -XX:GCTimeRatio=4 -XX:AdaptiveSizePolicyWeight=90 -Dsun.zip.disableMemoryMapping=true -Xmx1G -Xms100m -Xlog:disable -javaagent:c:\Users\HP\.vscode\extensions\redhat.java-1.41.1-win32-x64\lombok\lombok-1.18.36.jar -XX:+HeapDumpOnOutOfMemoryError -XX:HeapDumpPath=c:\Users\HP\AppData\Roaming\Code\User\workspaceStorage\1476b97a88a3090cec9b279cd88308c8\redhat.java -Daether.dependencyCollector.impl=bf 
java_command: c:\Users\HP\.vscode\extensions\redhat.java-1.41.1-win32-x64\server\plugins\org.eclipse.equinox.launcher_1.7.0.v20250331-1702.jar -configuration c:\Users\HP\AppData\Roaming\Code\User\globalStorage\redhat.java\1.41.1\config_win -data c:\Users\HP\AppData\Roaming\Code\User\workspaceStorage\1476b97a88a3090cec9b279cd88308c8\redhat.java\jdt_ws --pipe=\\.\pipe\lsp-cbaae2512f208d8c7d0c34152c0d4530-sock
java_class_path (initial): c:\Users\HP\.vscode\extensions\redhat.java-1.41.1-win32-x64\server\plugins\org.eclipse.equinox.launcher_1.7.0.v20250331-1702.jar
Launcher Type: SUN_STANDARD

[Global flags]
    uintx AdaptiveSizePolicyWeight                 = 90                                        {product} {command line}
     intx CICompilerCount                          = 4                                         {product} {ergonomic}
    uintx GCTimeRatio                              = 4                                         {product} {command line}
     bool HeapDumpOnOutOfMemoryError               = true                                   {manageable} {command line}
    ccstr HeapDumpPath                             = c:\Users\HP\AppData\Roaming\Code\User\workspaceStorage\1476b97a88a3090cec9b279cd88308c8\redhat.java         {manageable} {command line}
   size_t InitialHeapSize                          = 104857600                                 {product} {command line}
   size_t MaxHeapSize                              = 1073741824                                {product} {command line}
   size_t MaxNewSize                               = 357564416                                 {product} {ergonomic}
   size_t MinHeapDeltaBytes                        = 524288                                    {product} {ergonomic}
   size_t MinHeapSize                              = 104857600                                 {product} {command line}
   size_t NewSize                                  = 34603008                                  {product} {ergonomic}
    uintx NonNMethodCodeHeapSize                   = 5839372                                {pd product} {ergonomic}
    uintx NonProfiledCodeHeapSize                  = 122909434                              {pd product} {ergonomic}
   size_t OldSize                                  = 70254592                                  {product} {ergonomic}
    uintx ProfiledCodeHeapSize                     = 122909434                              {pd product} {ergonomic}
    uintx ReservedCodeCacheSize                    = 251658240                              {pd product} {ergonomic}
     bool SegmentedCodeCache                       = true                                      {product} {ergonomic}
   size_t SoftMaxHeapSize                          = 1073741824                             {manageable} {ergonomic}
     bool UseCompressedOops                        = true                           {product lp64_product} {ergonomic}
     bool UseLargePagesIndividualAllocation        = false                                  {pd product} {ergonomic}
     bool UseParallelGC                            = true                                      {product} {command line}

Logging:
Log output configuration:
 #0: stdout all=off uptime,level,tags foldmultilines=false
 #1: stderr all=off uptime,level,tags foldmultilines=false

Environment Variables:
JAVA_HOME=C:\Program Files\Android\Android Studio\jbr
PATH=C:\Program Files\Zulu\zulu-21\bin\;C:\Program Files\Common Files\Oracle\Java\javapath;C:\WINDOWS\system32;C:\WINDOWS;C:\WINDOWS\System32\Wbem;C:\WINDOWS\System32\WindowsPowerShell\v1.0\;C:\WINDOWS\System32\OpenSSH\;C:\Program Files\PuTTY\;C:\Program Files\dotnet\;C:\Program Files\Java\jdk-20\bin;C:\Program Files\CodeBlocks\MinGW\bin;C:\gradle\gradle-8.10.1\bin;C:\Users\HP\.jdks\corretto-19.0.2\bin;C:\Program Files\nodejs\;C:\Users\HP\AppData\Local\Programs\Python\Python312;C:\Program Files\Git\cmd;C:\Program Files\Zulu\zulu-21\bin\;C:\Program Files\Common Files\Oracle\Java\javapath;C:\WINDOWS\system32;C:\WINDOWS;C:\WINDOWS\System32\Wbem;C:\WINDOWS\System32\WindowsPowerShell\v1.0\;C:\WINDOWS\System32\OpenSSH\;C:\Program Files\PuTTY\;C:\Program Files\dotnet\;C:\Program Files\Java\jdk-20\bin;C:\Program Files\CodeBlocks\MinGW\bin;C:\gradle\gradle-8.10.1\bin;C:\Users\HP\.jdks\corretto-19.0.2\bin;C:\Program Files\Git\cmd;C:\Program Files\nodejs\;C:\Users\HP\AppData\Local\Programs\Python\Python312;C:\Users\HP\AppData\Local\Programs\Python\Python312\Scripts\;C:\Users\HP\AppData\Local\Programs\Python\Python312\;C:\Users\HP\AppData\Local\Programs\Python\Launcher\;C:\Users\HP\AppData\Local\Microsoft\WindowsApps;C:\Users\HP\AppData\Local\Programs\Microsoft VS Code\bin;C:\Program Files\JetBrains\IntelliJ IDEA Community Edition 2024.2.1\bin;C:\Users\HP\.jdks\corretto-19.0.2\bin;C:\Users\HP\AppData\Roaming\npm;C:\flutter\bin;C:\Users\HP\AppData\Local\Android\Sdk;C:\Users\HP\AppData\Local\Android\Sdk\cmdline-tools\la;C:\Users\HP\AppData\Local\Pub\Cache\bin;C:\Users\HP\AppData\Local\GitHubDesktop\bin
USERNAME=HP
OS=Windows_NT
PROCESSOR_IDENTIFIER=Intel64 Family 6 Model 126 Stepping 5, GenuineIntel
TMP=C:\Users\HP\AppData\Local\Temp
TEMP=C:\Users\HP\AppData\Local\Temp




Periodic native trim disabled

---------------  S Y S T E M  ---------------

OS:
 Windows 11 , 64 bit Build 26100 (10.0.26100.3775)
OS uptime: 0 days 5:39 hours
Hyper-V role detected

CPU: total 8 (initial active 8) (4 cores per cpu, 2 threads per core) family 6 model 126 stepping 5 microcode 0xa0, cx8, cmov, fxsr, ht, mmx, 3dnowpref, sse, sse2, sse3, ssse3, sse4.1, sse4.2, popcnt, lzcnt, tsc, tscinvbit, avx, avx2, aes, erms, clmul, bmi1, bmi2, adx, avx512f, avx512dq, avx512cd, avx512bw, avx512vl, sha, fma, vzeroupper, avx512_vpopcntdq, avx512_vpclmulqdq, avx512_vaes, avx512_vnni, clflush, clflushopt, avx512_vbmi2, avx512_vbmi, hv, rdtscp, rdpid, fsrm, gfni, avx512_bitalg, f16c, avx512_ifma
Processor Information for the first 8 processors :
  Max Mhz: 1190, Current Mhz: 991, Mhz Limit: 987

Memory: 4k page, system-wide physical 3784M (524M free)
TotalPageFile size 12294M (AvailPageFile size 4M)
current process WorkingSet (physical memory assigned to process): 206M, peak: 210M
current process commit charge ("private bytes"): 299M, peak: 303M

vm_info: OpenJDK 64-Bit Server VM (21.0.6+7-LTS) for windows-amd64 JRE (21.0.6+7-LTS), built on 2025-01-21T00:00:00Z by "admin" with MS VC++ 17.7 (VS2022)

END.
